2018/04/19 15:55:58 [INFO] Created default configuration file at /home/frank/block/hlf/pcxchg/crypto-config/peerOrganizations/Dell.com/ca/root/fabric-ca-server-config.yaml
2018/04/19 15:55:58 [INFO] Starting server in home directory: /home/frank/block/hlf/pcxchg/crypto-config/peerOrganizations/Dell.com/ca/root
2018/04/19 15:55:58 [INFO] Server Version: 1.1.1-snapshot-e656889
2018/04/19 15:55:58 [INFO] Server Levels: &{Identity:1 Affiliation:1 Certificate:1}
2018/04/19 15:55:58 [DEBUG] Making server filenames absolute
2018/04/19 15:55:58 [DEBUG] Initializing default CA in directory /home/frank/block/hlf/pcxchg/crypto-config/peerOrganizations/Dell.com/ca/root
2018/04/19 15:55:58 [DEBUG] Init CA with home /home/frank/block/hlf/pcxchg/crypto-config/peerOrganizations/Dell.com/ca/root and config {Version:1.1.1-snapshot-e656889 Cfg:{Identities:{AllowRemove:false} Affiliations:{AllowRemove:false}} CA:{Name: Keyfile: Certfile:ca-cert.pem Chainfile:ca-chain.pem} Signing:0xc420318af0 CSR:{CN:fabric-ca-server Names:[{C:US ST:North Carolina L: O:Hyperledger OU:Fabric SerialNumber:}] Hosts:[frank-VirtualBox localhost] KeyRequest:<nil> CA:0xc4202d7f60 SerialNumber:} Registry:{MaxEnrollments:-1 Identities:[{ Name:**** Pass:**** Type:client Affiliation: MaxEnrollments:0 Attrs:map[hf.Registrar.Attributes:* hf.AffiliationMgr:1 hf.Registrar.Roles:peer,orderer,client,user hf.Registrar.DelegateRoles:peer,orderer,client,user hf.Revoker:1 hf.IntermediateCA:1 hf.GenCRL:1]  }]} Affiliations:map[org2:[department1] org1:[department1 department2]] LDAP:{ Enabled:false URL:ldap://****:****@<host>:<port>/<base> UserFilter:(uid=%s) GroupFilter:(memberUid=%s) Attribute:{[uid member] [{ }] map[groups:[{ }]]} TLS:{false [] { }}  } DB:{ Type:sqlite3 Datasource:fabric-ca-server.db TLS:{false [] { }}  } CSP:0xc4202e56b0 Client:<nil> Intermediate:{ParentServer:{ URL: CAName:  } TLS:{Enabled:false CertFiles:[] Client:{KeyFile: CertFile:}} Enrollment:{ Name: Secret:**** Profile: Label: CSR:<nil> CAName: AttrReqs:[]  }} CRL:{Expiry:24h0m0s}}
2018/04/19 15:55:58 [DEBUG] CA Home Directory: /home/frank/block/hlf/pcxchg/crypto-config/peerOrganizations/Dell.com/ca/root
2018/04/19 15:55:58 [DEBUG] Checking configuration file version '1.1.1-snapshot-e656889' against server version: '1.1.1-snapshot-e656889'
2018/04/19 15:55:58 [DEBUG] Initializing BCCSP: &{ProviderName:SW SwOpts:0xc4202e5710 PluginOpts:<nil> Pkcs11Opts:<nil>}
2018/04/19 15:55:58 [DEBUG] Initializing BCCSP with software options &{SecLevel:256 HashFamily:SHA2 Ephemeral:false FileKeystore:0xc420324190 DummyKeystore:<nil>}
2018/04/19 15:55:58 [DEBUG] Initialize key material
2018/04/19 15:55:58 [DEBUG] Making CA filenames absolute
2018/04/19 15:55:58 [DEBUG] Root CA certificate request: {CN:fabric-ca-server Names:[{C:US ST:North Carolina L: O:Hyperledger OU:Fabric SerialNumber:}] Hosts:[frank-VirtualBox localhost] KeyRequest:0xc4203225e0 CA:0xc4202d7f60 SerialNumber:}
2018/04/19 15:55:58 [INFO] generating key: &{A:ecdsa S:256}
2018/04/19 15:55:58 [DEBUG] generate key from request: algo=ecdsa, size=256
2018/04/19 15:55:58 [INFO] encoded CSR
2018/04/19 15:55:58 [DEBUG] validating configuration
2018/04/19 15:55:58 [DEBUG] validate local profile
2018/04/19 15:55:58 [DEBUG] profile is valid
2018/04/19 15:55:58 [INFO] signed certificate with serial number 531556593367886666871616005266030201733144865401
2018/04/19 15:55:58 [INFO] The CA key and certificate were generated for CA 
2018/04/19 15:55:58 [INFO] The key was stored by BCCSP provider 'SW'
2018/04/19 15:55:58 [INFO] The certificate is at: /home/frank/block/hlf/pcxchg/crypto-config/peerOrganizations/Dell.com/ca/root/ca-cert.pem
2018/04/19 15:55:58 [DEBUG] Initializing DB
2018/04/19 15:55:58 [DEBUG] Initializing 'sqlite3' database at '/home/frank/block/hlf/pcxchg/crypto-config/peerOrganizations/Dell.com/ca/root/fabric-ca-server.db'
2018/04/19 15:55:58 [DEBUG] Using sqlite database, connect to database in home (/home/frank/block/hlf/pcxchg/crypto-config/peerOrganizations/Dell.com/ca/root/fabric-ca-server.db) directory
2018/04/19 15:55:58 [DEBUG] Creating SQLite database (/home/frank/block/hlf/pcxchg/crypto-config/peerOrganizations/Dell.com/ca/root/fabric-ca-server.db) if it does not exist...
2018/04/19 15:55:58 [DEBUG] Creating users table if it does not exist
2018/04/19 15:55:58 [DEBUG] Creating affiliations table if it does not exist
2018/04/19 15:55:58 [DEBUG] Creating certificates table if it does not exist
2018/04/19 15:55:58 [DEBUG] Creating properties table if it does not exist
2018/04/19 15:55:58 [DEBUG] Successfully opened sqlite3 DB
2018/04/19 15:55:58 [DEBUG] Checking database schema...
2018/04/19 15:55:58 [DEBUG] Update SQLite schema, if using outdated schema
2018/04/19 15:55:58 [DEBUG] Upgrade identities table
2018/04/19 15:55:58 [DEBUG] Creating users table if it does not exist
2018/04/19 15:55:58 [DEBUG] Upgrade affiliation table
2018/04/19 15:55:58 [DEBUG] Creating affiliations table if it does not exist
2018/04/19 15:55:58 [DEBUG] Upgrade certificates table
2018/04/19 15:55:58 [DEBUG] Creating certificates table if it does not exist
2018/04/19 15:55:58 [DEBUG] Initializing identity registry
2018/04/19 15:55:58 [DEBUG] Initialized DB identity registry
2018/04/19 15:55:58 [DEBUG] DB: Get properties [identity.level affiliation.level certificate.level]
2018/04/19 15:55:58 [DEBUG] Checking database levels 'map[affiliation.level:0 certificate.level:0 identity.level:0]' against server levels '&{Identity:1 Affiliation:1 Certificate:1}'
2018/04/19 15:55:58 [DEBUG] Loading identity table
2018/04/19 15:55:58 [DEBUG] Loading identity 'admin'
2018/04/19 15:55:58 [DEBUG] DB: Getting identity admin
2018/04/19 15:55:58 [DEBUG] Max enrollment value verification - User specified max enrollment: 0, CA max enrollment: -1
2018/04/19 15:55:58 [DEBUG] DB: Add identity admin
2018/04/19 15:55:59 [DEBUG] Successfully added identity admin to the database
2018/04/19 15:55:59 [DEBUG] Registered identity: { Name:**** Pass:**** Type:client Affiliation: MaxEnrollments:-1 Attrs:map[hf.Registrar.Attributes:* hf.AffiliationMgr:1 hf.Registrar.Roles:peer,orderer,client,user hf.Registrar.DelegateRoles:peer,orderer,client,user hf.Revoker:1 hf.IntermediateCA:1 hf.GenCRL:1]  }
2018/04/19 15:55:59 [DEBUG] Successfully loaded identity table
2018/04/19 15:55:59 [DEBUG] Loading affiliations table
2018/04/19 15:55:59 [DEBUG] DB: Add affiliation org2
2018/04/19 15:55:59 [DEBUG] Affiliation 'org2' added
2018/04/19 15:55:59 [DEBUG] DB: Add affiliation org2.department1
2018/04/19 15:55:59 [DEBUG] Affiliation 'org2.department1' added
2018/04/19 15:55:59 [DEBUG] DB: Add affiliation org1
2018/04/19 15:55:59 [DEBUG] Affiliation 'org1' added
2018/04/19 15:55:59 [DEBUG] DB: Add affiliation org1.department1
2018/04/19 15:55:59 [DEBUG] Affiliation 'org1.department1' added
2018/04/19 15:55:59 [DEBUG] DB: Add affiliation org1.department2
2018/04/19 15:55:59 [DEBUG] Affiliation 'org1.department2' added
2018/04/19 15:55:59 [DEBUG] Successfully loaded affiliations table
2018/04/19 15:55:59 [DEBUG] Checking and performing migration, if needed
2018/04/19 15:55:59 [DEBUG] Updating database level to &{Identity:1 Affiliation:1 Certificate:1}
2018/04/19 15:55:59 [INFO] Initialized sqlite3 database at /home/frank/block/hlf/pcxchg/crypto-config/peerOrganizations/Dell.com/ca/root/fabric-ca-server.db
2018/04/19 15:55:59 [DEBUG] Initializing enrollment signer
2018/04/19 15:55:59 [DEBUG] validating configuration
2018/04/19 15:55:59 [DEBUG] validate local profile
2018/04/19 15:55:59 [DEBUG] profile is valid
2018/04/19 15:55:59 [DEBUG] validate local profile
2018/04/19 15:55:59 [DEBUG] profile is valid
2018/04/19 15:55:59 [DEBUG] validate local profile
2018/04/19 15:55:59 [DEBUG] profile is valid
2018/04/19 15:55:59 [DEBUG] CA initialization successful
2018/04/19 15:55:59 [INFO] Home directory for default CA: /home/frank/block/hlf/pcxchg/crypto-config/peerOrganizations/Dell.com/ca/root
2018/04/19 15:55:59 [DEBUG] 1 CA instance(s) running on server
2018/04/19 15:55:59 [INFO] Listening on http://0.0.0.0:7108
2018/04/19 15:55:59 [DEBUG] Received request for /enroll
2018/04/19 15:55:59 [DEBUG] ca.Config: &{Version:1.1.1-snapshot-e656889 Cfg:{Identities:{AllowRemove:false} Affiliations:{AllowRemove:false}} CA:{Name: Keyfile:/home/frank/block/hlf/pcxchg/crypto-config/peerOrganizations/Dell.com/ca/root/ca-key.pem Certfile:/home/frank/block/hlf/pcxchg/crypto-config/peerOrganizations/Dell.com/ca/root/ca-cert.pem Chainfile:/home/frank/block/hlf/pcxchg/crypto-config/peerOrganizations/Dell.com/ca/root/ca-chain.pem} Signing:0xc420318af0 CSR:{CN:fabric-ca-server Names:[{C:US ST:North Carolina L: O:Hyperledger OU:Fabric SerialNumber:}] Hosts:[frank-VirtualBox localhost] KeyRequest:0xc4203225c0 CA:0xc4202d7f60 SerialNumber:} Registry:{MaxEnrollments:-1 Identities:[{ Name:**** Pass:**** Type:client Affiliation: MaxEnrollments:0 Attrs:map[hf.GenCRL:1 hf.Registrar.Attributes:* hf.AffiliationMgr:1 hf.Registrar.Roles:peer,orderer,client,user hf.Registrar.DelegateRoles:peer,orderer,client,user hf.Revoker:1 hf.IntermediateCA:1]  }]} Affiliations:map[org2:[department1] org1:[department1 department2]] LDAP:{ Enabled:false URL:ldap://****:****@<host>:<port>/<base> UserFilter:(uid=%s) GroupFilter:(memberUid=%s) Attribute:{[uid member] [{ }] map[groups:[{ }]]} TLS:{false [] { }}  } DB:{ Type:sqlite3 Datasource:/home/frank/block/hlf/pcxchg/crypto-config/peerOrganizations/Dell.com/ca/root/fabric-ca-server.db TLS:{false [] { }}  } CSP:0xc4202e56b0 Client:<nil> Intermediate:{ParentServer:{ URL: CAName:  } TLS:{Enabled:false CertFiles:[] Client:{KeyFile: CertFile:}} Enrollment:{ Name: Secret:**** Profile: Label: CSR:<nil> CAName: AttrReqs:[]  }} CRL:{Expiry:24h0m0s}}
2018/04/19 15:55:59 [DEBUG] DB: Getting identity admin
2018/04/19 15:55:59 [DEBUG] DB: Login user admin with max enrollments of -1 and state of 0
2018/04/19 15:55:59 [DEBUG] DB: identity admin successfully logged in
2018/04/19 15:55:59 [DEBUG] Processing sign request: id=admin, CommonName=admin, Subject=<nil>
2018/04/19 15:55:59 [DEBUG] Request is not for a CA signing certificate
2018/04/19 15:55:59 [DEBUG] Checking CSR fields to make sure that they do not exceed maximum character limits
2018/04/19 15:55:59 [DEBUG] DB: Getting identity admin
2018/04/19 15:55:59 [DEBUG] Finished processing sign request
2018/04/19 15:55:59 [DEBUG] DB: Getting identity admin
2018/04/19 15:55:59 [INFO] signed certificate with serial number 306300002915112695728477427238531878418798430232
2018/04/19 15:55:59 [DEBUG] DB: Insert Certificate
2018/04/19 15:55:59 [DEBUG] Saved serial number as hex 35a6f797b57b513f8a3638faf3c9332709054818
2018/04/19 15:55:59 [DEBUG] saved certificate with serial number 306300002915112695728477427238531878418798430232
2018/04/19 15:55:59 [DEBUG] Successfully incremented state for identity admin to 1
2018/04/19 15:55:59 [INFO] 127.0.0.1:52478 POST /enroll 201 0 "OK"
2018/04/19 15:56:00 [DEBUG] Received request for /enroll
2018/04/19 15:56:00 [DEBUG] ca.Config: &{Version:1.1.1-snapshot-e656889 Cfg:{Identities:{AllowRemove:false} Affiliations:{AllowRemove:false}} CA:{Name: Keyfile:/home/frank/block/hlf/pcxchg/crypto-config/peerOrganizations/Dell.com/ca/root/ca-key.pem Certfile:/home/frank/block/hlf/pcxchg/crypto-config/peerOrganizations/Dell.com/ca/root/ca-cert.pem Chainfile:/home/frank/block/hlf/pcxchg/crypto-config/peerOrganizations/Dell.com/ca/root/ca-chain.pem} Signing:0xc420318af0 CSR:{CN:fabric-ca-server Names:[{C:US ST:North Carolina L: O:Hyperledger OU:Fabric SerialNumber:}] Hosts:[frank-VirtualBox localhost] KeyRequest:0xc4203225c0 CA:0xc4202d7f60 SerialNumber:} Registry:{MaxEnrollments:-1 Identities:[{ Name:**** Pass:**** Type:client Affiliation: MaxEnrollments:0 Attrs:map[hf.GenCRL:1 hf.Registrar.Attributes:* hf.AffiliationMgr:1 hf.Registrar.Roles:peer,orderer,client,user hf.Registrar.DelegateRoles:peer,orderer,client,user hf.Revoker:1 hf.IntermediateCA:1]  }]} Affiliations:map[org2:[department1] org1:[department1 department2]] LDAP:{ Enabled:false URL:ldap://****:****@<host>:<port>/<base> UserFilter:(uid=%s) GroupFilter:(memberUid=%s) Attribute:{[uid member] [{ }] map[groups:[{ }]]} TLS:{false [] { }}  } DB:{ Type:sqlite3 Datasource:/home/frank/block/hlf/pcxchg/crypto-config/peerOrganizations/Dell.com/ca/root/fabric-ca-server.db TLS:{false [] { }}  } CSP:0xc4202e56b0 Client:<nil> Intermediate:{ParentServer:{ URL: CAName:  } TLS:{Enabled:false CertFiles:[] Client:{KeyFile: CertFile:}} Enrollment:{ Name: Secret:**** Profile: Label: CSR:<nil> CAName: AttrReqs:[]  }} CRL:{Expiry:24h0m0s}}
2018/04/19 15:56:00 [DEBUG] DB: Getting identity admin
2018/04/19 15:56:00 [DEBUG] DB: Login user admin with max enrollments of -1 and state of 1
2018/04/19 15:56:00 [DEBUG] DB: identity admin successfully logged in
2018/04/19 15:56:00 [DEBUG] Processing sign request: id=admin, CommonName=admin, Subject=<nil>
2018/04/19 15:56:00 [DEBUG] Request is not for a CA signing certificate
2018/04/19 15:56:00 [DEBUG] Checking CSR fields to make sure that they do not exceed maximum character limits
2018/04/19 15:56:00 [DEBUG] DB: Getting identity admin
2018/04/19 15:56:00 [DEBUG] Finished processing sign request
2018/04/19 15:56:00 [DEBUG] DB: Getting identity admin
2018/04/19 15:56:00 [INFO] signed certificate with serial number 720158486143776062755656991304283553329339932183
2018/04/19 15:56:00 [DEBUG] DB: Insert Certificate
2018/04/19 15:56:00 [DEBUG] Saved serial number as hex 7e2505fc6597dc0301f4d39b1a41bb180a4f9e17
2018/04/19 15:56:00 [DEBUG] saved certificate with serial number 720158486143776062755656991304283553329339932183
2018/04/19 15:56:00 [DEBUG] Successfully incremented state for identity admin to 2
2018/04/19 15:56:00 [INFO] 127.0.0.1:52480 POST /enroll 201 0 "OK"
2018/04/19 15:56:00 [DEBUG] Received request for /register
2018/04/19 15:56:00 [DEBUG] Checking for revocation/expiration of certificate owned by 'admin'
2018/04/19 15:56:00 [DEBUG] DB: Get certificate by serial (7e2505fc6597dc0301f4d39b1a41bb180a4f9e17) and aki (fc17f7f624201e819ce060d3405863a8577e5500)
2018/04/19 15:56:00 [DEBUG] Successful token authentication of 'admin'
2018/04/19 15:56:00 [DEBUG] Received registration request from admin: { Name:nodeAdmin Type:user Secret:**** MaxEnrollments:0 Affiliation:org1 Attributes:[] CAName:  }
2018/04/19 15:56:00 [DEBUG] DB: Getting identity admin
2018/04/19 15:56:00 [DEBUG] canRegister - Check to see if user 'admin' can register
2018/04/19 15:56:00 [DEBUG] Checking to see if caller 'admin' is a registrar
2018/04/19 15:56:00 [DEBUG] Validate Affiliation
2018/04/19 15:56:00 [DEBUG] Checking to see if affiliation 'org1' contains caller's affiliation ''
2018/04/19 15:56:00 [DEBUG] Caller has root affiliation
2018/04/19 15:56:00 [DEBUG] Validate ID
2018/04/19 15:56:00 [DEBUG] Validating affiliation: org1
2018/04/19 15:56:00 [DEBUG] DB: Get affiliation org1
2018/04/19 15:56:00 [DEBUG] Registering user id: nodeAdmin
2018/04/19 15:56:00 [DEBUG] Max enrollment value verification - User specified max enrollment: 0, CA max enrollment: -1
2018/04/19 15:56:00 [DEBUG] DB: Getting identity nodeAdmin
2018/04/19 15:56:00 [DEBUG] DB: Add identity nodeAdmin
2018/04/19 15:56:00 [DEBUG] Successfully added identity nodeAdmin to the database
2018/04/19 15:56:00 [INFO] 127.0.0.1:52482 POST /register 201 0 "OK"
2018/04/19 15:56:00 [DEBUG] Received request for /enroll
2018/04/19 15:56:00 [DEBUG] ca.Config: &{Version:1.1.1-snapshot-e656889 Cfg:{Identities:{AllowRemove:false} Affiliations:{AllowRemove:false}} CA:{Name: Keyfile:/home/frank/block/hlf/pcxchg/crypto-config/peerOrganizations/Dell.com/ca/root/ca-key.pem Certfile:/home/frank/block/hlf/pcxchg/crypto-config/peerOrganizations/Dell.com/ca/root/ca-cert.pem Chainfile:/home/frank/block/hlf/pcxchg/crypto-config/peerOrganizations/Dell.com/ca/root/ca-chain.pem} Signing:0xc420318af0 CSR:{CN:fabric-ca-server Names:[{C:US ST:North Carolina L: O:Hyperledger OU:Fabric SerialNumber:}] Hosts:[frank-VirtualBox localhost] KeyRequest:0xc4203225c0 CA:0xc4202d7f60 SerialNumber:} Registry:{MaxEnrollments:-1 Identities:[{ Name:**** Pass:**** Type:client Affiliation: MaxEnrollments:0 Attrs:map[hf.AffiliationMgr:1 hf.Registrar.Roles:peer,orderer,client,user hf.Registrar.DelegateRoles:peer,orderer,client,user hf.Revoker:1 hf.IntermediateCA:1 hf.GenCRL:1 hf.Registrar.Attributes:*]  }]} Affiliations:map[org2:[department1] org1:[department1 department2]] LDAP:{ Enabled:false URL:ldap://****:****@<host>:<port>/<base> UserFilter:(uid=%s) GroupFilter:(memberUid=%s) Attribute:{[uid member] [{ }] map[groups:[{ }]]} TLS:{false [] { }}  } DB:{ Type:sqlite3 Datasource:/home/frank/block/hlf/pcxchg/crypto-config/peerOrganizations/Dell.com/ca/root/fabric-ca-server.db TLS:{false [] { }}  } CSP:0xc4202e56b0 Client:<nil> Intermediate:{ParentServer:{ URL: CAName:  } TLS:{Enabled:false CertFiles:[] Client:{KeyFile: CertFile:}} Enrollment:{ Name: Secret:**** Profile: Label: CSR:<nil> CAName: AttrReqs:[]  }} CRL:{Expiry:24h0m0s}}
2018/04/19 15:56:00 [DEBUG] DB: Getting identity nodeAdmin
2018/04/19 15:56:00 [DEBUG] DB: Login user nodeAdmin with max enrollments of -1 and state of 0
2018/04/19 15:56:00 [DEBUG] DB: identity nodeAdmin successfully logged in
2018/04/19 15:56:00 [DEBUG] Processing sign request: id=nodeAdmin, CommonName=nodeAdmin, Subject=<nil>
2018/04/19 15:56:00 [DEBUG] Request is not for a CA signing certificate
2018/04/19 15:56:00 [DEBUG] Checking CSR fields to make sure that they do not exceed maximum character limits
2018/04/19 15:56:00 [DEBUG] DB: Getting identity nodeAdmin
2018/04/19 15:56:00 [DEBUG] Finished processing sign request
2018/04/19 15:56:00 [DEBUG] DB: Getting identity nodeAdmin
2018/04/19 15:56:00 [DEBUG] Attribute extension being added to certificate is: &{ID:[1 2 3 4 5 6 7 8 1] Critical:false Value:7b226174747273223a7b2268662e416666696c696174696f6e223a226f726731222c2268662e456e726f6c6c6d656e744944223a226e6f646541646d696e222c2268662e54797065223a2275736572227d7d}
2018/04/19 15:56:00 [DEBUG] Adding attribute extension to CSR: &{ID:[1 2 3 4 5 6 7 8 1] Critical:false Value:7b226174747273223a7b2268662e416666696c696174696f6e223a226f726731222c2268662e456e726f6c6c6d656e744944223a226e6f646541646d696e222c2268662e54797065223a2275736572227d7d}
2018/04/19 15:56:00 [INFO] signed certificate with serial number 21629796341397956493311761385627614588166731472
2018/04/19 15:56:00 [DEBUG] DB: Insert Certificate
2018/04/19 15:56:00 [DEBUG] Saved serial number as hex 3c9e9e2859994943ba869386c7acb186d8bf6d0
2018/04/19 15:56:00 [DEBUG] saved certificate with serial number 21629796341397956493311761385627614588166731472
2018/04/19 15:56:00 [DEBUG] Successfully incremented state for identity nodeAdmin to 1
2018/04/19 15:56:00 [INFO] 127.0.0.1:52484 POST /enroll 201 0 "OK"
2018/04/19 15:56:00 [DEBUG] Received request for /register
2018/04/19 15:56:00 [DEBUG] Checking for revocation/expiration of certificate owned by 'admin'
2018/04/19 15:56:00 [DEBUG] DB: Get certificate by serial (7e2505fc6597dc0301f4d39b1a41bb180a4f9e17) and aki (fc17f7f624201e819ce060d3405863a8577e5500)
2018/04/19 15:56:00 [DEBUG] Successful token authentication of 'admin'
2018/04/19 15:56:00 [DEBUG] Received registration request from admin: { Name:User1@Dell.com Type:user Secret:**** MaxEnrollments:0 Affiliation:org1 Attributes:[] CAName:  }
2018/04/19 15:56:00 [DEBUG] DB: Getting identity admin
2018/04/19 15:56:00 [DEBUG] canRegister - Check to see if user 'admin' can register
2018/04/19 15:56:00 [DEBUG] Checking to see if caller 'admin' is a registrar
2018/04/19 15:56:00 [DEBUG] Validate Affiliation
2018/04/19 15:56:00 [DEBUG] Checking to see if affiliation 'org1' contains caller's affiliation ''
2018/04/19 15:56:00 [DEBUG] Caller has root affiliation
2018/04/19 15:56:00 [DEBUG] Validate ID
2018/04/19 15:56:00 [DEBUG] Validating affiliation: org1
2018/04/19 15:56:00 [DEBUG] DB: Get affiliation org1
2018/04/19 15:56:00 [DEBUG] Registering user id: User1@Dell.com
2018/04/19 15:56:00 [DEBUG] Max enrollment value verification - User specified max enrollment: 0, CA max enrollment: -1
2018/04/19 15:56:00 [DEBUG] DB: Getting identity User1@Dell.com
2018/04/19 15:56:00 [DEBUG] DB: Add identity User1@Dell.com
2018/04/19 15:56:00 [DEBUG] Successfully added identity User1@Dell.com to the database
2018/04/19 15:56:00 [INFO] 127.0.0.1:52486 POST /register 201 0 "OK"
2018/04/19 15:56:01 [DEBUG] Received request for /enroll
2018/04/19 15:56:01 [DEBUG] ca.Config: &{Version:1.1.1-snapshot-e656889 Cfg:{Identities:{AllowRemove:false} Affiliations:{AllowRemove:false}} CA:{Name: Keyfile:/home/frank/block/hlf/pcxchg/crypto-config/peerOrganizations/Dell.com/ca/root/ca-key.pem Certfile:/home/frank/block/hlf/pcxchg/crypto-config/peerOrganizations/Dell.com/ca/root/ca-cert.pem Chainfile:/home/frank/block/hlf/pcxchg/crypto-config/peerOrganizations/Dell.com/ca/root/ca-chain.pem} Signing:0xc420318af0 CSR:{CN:fabric-ca-server Names:[{C:US ST:North Carolina L: O:Hyperledger OU:Fabric SerialNumber:}] Hosts:[frank-VirtualBox localhost] KeyRequest:0xc4203225c0 CA:0xc4202d7f60 SerialNumber:} Registry:{MaxEnrollments:-1 Identities:[{ Name:**** Pass:**** Type:client Affiliation: MaxEnrollments:0 Attrs:map[hf.Registrar.DelegateRoles:peer,orderer,client,user hf.Revoker:1 hf.IntermediateCA:1 hf.GenCRL:1 hf.Registrar.Attributes:* hf.AffiliationMgr:1 hf.Registrar.Roles:peer,orderer,client,user]  }]} Affiliations:map[org2:[department1] org1:[department1 department2]] LDAP:{ Enabled:false URL:ldap://****:****@<host>:<port>/<base> UserFilter:(uid=%s) GroupFilter:(memberUid=%s) Attribute:{[uid member] [{ }] map[groups:[{ }]]} TLS:{false [] { }}  } DB:{ Type:sqlite3 Datasource:/home/frank/block/hlf/pcxchg/crypto-config/peerOrganizations/Dell.com/ca/root/fabric-ca-server.db TLS:{false [] { }}  } CSP:0xc4202e56b0 Client:<nil> Intermediate:{ParentServer:{ URL: CAName:  } TLS:{Enabled:false CertFiles:[] Client:{KeyFile: CertFile:}} Enrollment:{ Name: Secret:**** Profile: Label: CSR:<nil> CAName: AttrReqs:[]  }} CRL:{Expiry:24h0m0s}}
2018/04/19 15:56:01 [DEBUG] DB: Getting identity User1@Dell.com
2018/04/19 15:56:01 [DEBUG] DB: Login user User1@Dell.com with max enrollments of -1 and state of 0
2018/04/19 15:56:01 [DEBUG] DB: identity User1@Dell.com successfully logged in
2018/04/19 15:56:01 [DEBUG] Processing sign request: id=User1@Dell.com, CommonName=User1@Dell.com, Subject=<nil>
2018/04/19 15:56:01 [DEBUG] Request is not for a CA signing certificate
2018/04/19 15:56:01 [DEBUG] Checking CSR fields to make sure that they do not exceed maximum character limits
2018/04/19 15:56:01 [DEBUG] DB: Getting identity User1@Dell.com
2018/04/19 15:56:01 [DEBUG] Finished processing sign request
2018/04/19 15:56:01 [DEBUG] DB: Getting identity User1@Dell.com
2018/04/19 15:56:01 [DEBUG] Attribute extension being added to certificate is: &{ID:[1 2 3 4 5 6 7 8 1] Critical:false Value:7b226174747273223a7b2268662e416666696c696174696f6e223a226f726731222c2268662e456e726f6c6c6d656e744944223a2255736572314044656c6c2e636f6d222c2268662e54797065223a2275736572227d7d}
2018/04/19 15:56:01 [DEBUG] Adding attribute extension to CSR: &{ID:[1 2 3 4 5 6 7 8 1] Critical:false Value:7b226174747273223a7b2268662e416666696c696174696f6e223a226f726731222c2268662e456e726f6c6c6d656e744944223a2255736572314044656c6c2e636f6d222c2268662e54797065223a2275736572227d7d}
2018/04/19 15:56:01 [INFO] signed certificate with serial number 533164859547350875232821954844033148129500002405
2018/04/19 15:56:01 [DEBUG] DB: Insert Certificate
2018/04/19 15:56:01 [DEBUG] Saved serial number as hex 5d63f06d231dc9dfab71f288fa5c130426c0f865
2018/04/19 15:56:01 [DEBUG] saved certificate with serial number 533164859547350875232821954844033148129500002405
2018/04/19 15:56:01 [DEBUG] Successfully incremented state for identity User1@Dell.com to 1
2018/04/19 15:56:01 [INFO] 127.0.0.1:52488 POST /enroll 201 0 "OK"
2018/04/19 15:56:01 [DEBUG] Received request for /enroll
2018/04/19 15:56:01 [DEBUG] ca.Config: &{Version:1.1.1-snapshot-e656889 Cfg:{Identities:{AllowRemove:false} Affiliations:{AllowRemove:false}} CA:{Name: Keyfile:/home/frank/block/hlf/pcxchg/crypto-config/peerOrganizations/Dell.com/ca/root/ca-key.pem Certfile:/home/frank/block/hlf/pcxchg/crypto-config/peerOrganizations/Dell.com/ca/root/ca-cert.pem Chainfile:/home/frank/block/hlf/pcxchg/crypto-config/peerOrganizations/Dell.com/ca/root/ca-chain.pem} Signing:0xc420318af0 CSR:{CN:fabric-ca-server Names:[{C:US ST:North Carolina L: O:Hyperledger OU:Fabric SerialNumber:}] Hosts:[frank-VirtualBox localhost] KeyRequest:0xc4203225c0 CA:0xc4202d7f60 SerialNumber:} Registry:{MaxEnrollments:-1 Identities:[{ Name:**** Pass:**** Type:client Affiliation: MaxEnrollments:0 Attrs:map[hf.GenCRL:1 hf.Registrar.Attributes:* hf.AffiliationMgr:1 hf.Registrar.Roles:peer,orderer,client,user hf.Registrar.DelegateRoles:peer,orderer,client,user hf.Revoker:1 hf.IntermediateCA:1]  }]} Affiliations:map[org2:[department1] org1:[department1 department2]] LDAP:{ Enabled:false URL:ldap://****:****@<host>:<port>/<base> UserFilter:(uid=%s) GroupFilter:(memberUid=%s) Attribute:{[uid member] [{ }] map[groups:[{ }]]} TLS:{false [] { }}  } DB:{ Type:sqlite3 Datasource:/home/frank/block/hlf/pcxchg/crypto-config/peerOrganizations/Dell.com/ca/root/fabric-ca-server.db TLS:{false [] { }}  } CSP:0xc4202e56b0 Client:<nil> Intermediate:{ParentServer:{ URL: CAName:  } TLS:{Enabled:false CertFiles:[] Client:{KeyFile: CertFile:}} Enrollment:{ Name: Secret:**** Profile: Label: CSR:<nil> CAName: AttrReqs:[]  }} CRL:{Expiry:24h0m0s}}
2018/04/19 15:56:01 [DEBUG] DB: Getting identity admin
2018/04/19 15:56:01 [DEBUG] DB: Login user admin with max enrollments of -1 and state of 2
2018/04/19 15:56:01 [DEBUG] DB: identity admin successfully logged in
2018/04/19 15:56:01 [DEBUG] Processing sign request: id=admin, CommonName=admin, Subject=<nil>
2018/04/19 15:56:01 [DEBUG] Request is not for a CA signing certificate
2018/04/19 15:56:01 [DEBUG] Checking CSR fields to make sure that they do not exceed maximum character limits
2018/04/19 15:56:01 [DEBUG] DB: Getting identity admin
2018/04/19 15:56:01 [DEBUG] Finished processing sign request
2018/04/19 15:56:01 [DEBUG] DB: Getting identity admin
2018/04/19 15:56:01 [INFO] signed certificate with serial number 200437605907014737341607740149241424319467975148
2018/04/19 15:56:01 [DEBUG] DB: Insert Certificate
2018/04/19 15:56:01 [DEBUG] Saved serial number as hex 231beedf9710c24b398e6fa068ce2d5bacbb71ec
2018/04/19 15:56:01 [DEBUG] saved certificate with serial number 200437605907014737341607740149241424319467975148
2018/04/19 15:56:01 [DEBUG] Successfully incremented state for identity admin to 3
2018/04/19 15:56:01 [INFO] 127.0.0.1:52490 POST /enroll 201 0 "OK"
2018/04/19 15:56:01 [DEBUG] Received request for /register
2018/04/19 15:56:01 [DEBUG] Checking for revocation/expiration of certificate owned by 'admin'
2018/04/19 15:56:01 [DEBUG] DB: Get certificate by serial (7e2505fc6597dc0301f4d39b1a41bb180a4f9e17) and aki (fc17f7f624201e819ce060d3405863a8577e5500)
2018/04/19 15:56:01 [DEBUG] Successful token authentication of 'admin'
2018/04/19 15:56:01 [DEBUG] Received registration request from admin: { Name:peer0.Dell.com Type:user Secret:**** MaxEnrollments:0 Affiliation:org1 Attributes:[] CAName:  }
2018/04/19 15:56:01 [DEBUG] DB: Getting identity admin
2018/04/19 15:56:01 [DEBUG] canRegister - Check to see if user 'admin' can register
2018/04/19 15:56:01 [DEBUG] Checking to see if caller 'admin' is a registrar
2018/04/19 15:56:01 [DEBUG] Validate Affiliation
2018/04/19 15:56:01 [DEBUG] Checking to see if affiliation 'org1' contains caller's affiliation ''
2018/04/19 15:56:01 [DEBUG] Caller has root affiliation
2018/04/19 15:56:01 [DEBUG] Validate ID
2018/04/19 15:56:01 [DEBUG] Validating affiliation: org1
2018/04/19 15:56:01 [DEBUG] DB: Get affiliation org1
2018/04/19 15:56:01 [DEBUG] Registering user id: peer0.Dell.com
2018/04/19 15:56:01 [DEBUG] Max enrollment value verification - User specified max enrollment: 0, CA max enrollment: -1
2018/04/19 15:56:01 [DEBUG] DB: Getting identity peer0.Dell.com
2018/04/19 15:56:01 [DEBUG] DB: Add identity peer0.Dell.com
2018/04/19 15:56:01 [DEBUG] Successfully added identity peer0.Dell.com to the database
2018/04/19 15:56:01 [INFO] 127.0.0.1:52492 POST /register 201 0 "OK"
2018/04/19 15:56:01 [DEBUG] Received request for /enroll
2018/04/19 15:56:01 [DEBUG] ca.Config: &{Version:1.1.1-snapshot-e656889 Cfg:{Identities:{AllowRemove:false} Affiliations:{AllowRemove:false}} CA:{Name: Keyfile:/home/frank/block/hlf/pcxchg/crypto-config/peerOrganizations/Dell.com/ca/root/ca-key.pem Certfile:/home/frank/block/hlf/pcxchg/crypto-config/peerOrganizations/Dell.com/ca/root/ca-cert.pem Chainfile:/home/frank/block/hlf/pcxchg/crypto-config/peerOrganizations/Dell.com/ca/root/ca-chain.pem} Signing:0xc420318af0 CSR:{CN:fabric-ca-server Names:[{C:US ST:North Carolina L: O:Hyperledger OU:Fabric SerialNumber:}] Hosts:[frank-VirtualBox localhost] KeyRequest:0xc4203225c0 CA:0xc4202d7f60 SerialNumber:} Registry:{MaxEnrollments:-1 Identities:[{ Name:**** Pass:**** Type:client Affiliation: MaxEnrollments:0 Attrs:map[hf.AffiliationMgr:1 hf.Registrar.Roles:peer,orderer,client,user hf.Registrar.DelegateRoles:peer,orderer,client,user hf.Revoker:1 hf.IntermediateCA:1 hf.GenCRL:1 hf.Registrar.Attributes:*]  }]} Affiliations:map[org2:[department1] org1:[department1 department2]] LDAP:{ Enabled:false URL:ldap://****:****@<host>:<port>/<base> UserFilter:(uid=%s) GroupFilter:(memberUid=%s) Attribute:{[uid member] [{ }] map[groups:[{ }]]} TLS:{false [] { }}  } DB:{ Type:sqlite3 Datasource:/home/frank/block/hlf/pcxchg/crypto-config/peerOrganizations/Dell.com/ca/root/fabric-ca-server.db TLS:{false [] { }}  } CSP:0xc4202e56b0 Client:<nil> Intermediate:{ParentServer:{ URL: CAName:  } TLS:{Enabled:false CertFiles:[] Client:{KeyFile: CertFile:}} Enrollment:{ Name: Secret:**** Profile: Label: CSR:<nil> CAName: AttrReqs:[]  }} CRL:{Expiry:24h0m0s}}
2018/04/19 15:56:01 [DEBUG] DB: Getting identity peer0.Dell.com
2018/04/19 15:56:01 [DEBUG] DB: Login user peer0.Dell.com with max enrollments of -1 and state of 0
2018/04/19 15:56:01 [DEBUG] DB: identity peer0.Dell.com successfully logged in
2018/04/19 15:56:01 [DEBUG] Processing sign request: id=peer0.Dell.com, CommonName=peer0.Dell.com, Subject=<nil>
2018/04/19 15:56:01 [DEBUG] Request is not for a CA signing certificate
2018/04/19 15:56:01 [DEBUG] Checking CSR fields to make sure that they do not exceed maximum character limits
2018/04/19 15:56:01 [DEBUG] DB: Getting identity peer0.Dell.com
2018/04/19 15:56:01 [DEBUG] Finished processing sign request
2018/04/19 15:56:01 [DEBUG] DB: Getting identity peer0.Dell.com
2018/04/19 15:56:01 [DEBUG] Attribute extension being added to certificate is: &{ID:[1 2 3 4 5 6 7 8 1] Critical:false Value:7b226174747273223a7b2268662e416666696c696174696f6e223a226f726731222c2268662e456e726f6c6c6d656e744944223a2270656572302e44656c6c2e636f6d222c2268662e54797065223a2275736572227d7d}
2018/04/19 15:56:01 [DEBUG] Adding attribute extension to CSR: &{ID:[1 2 3 4 5 6 7 8 1] Critical:false Value:7b226174747273223a7b2268662e416666696c696174696f6e223a226f726731222c2268662e456e726f6c6c6d656e744944223a2270656572302e44656c6c2e636f6d222c2268662e54797065223a2275736572227d7d}
2018/04/19 15:56:01 [INFO] signed certificate with serial number 416288829725482117177350369121264650422422175538
2018/04/19 15:56:01 [DEBUG] DB: Insert Certificate
2018/04/19 15:56:01 [DEBUG] Saved serial number as hex 48eb096721be86e5923f877fcbb01ff9fb057f32
2018/04/19 15:56:01 [DEBUG] saved certificate with serial number 416288829725482117177350369121264650422422175538
2018/04/19 15:56:01 [DEBUG] Successfully incremented state for identity peer0.Dell.com to 1
2018/04/19 15:56:01 [INFO] 127.0.0.1:52494 POST /enroll 201 0 "OK"
2018/04/19 15:56:02 [DEBUG] Received request for /enroll
2018/04/19 15:56:02 [DEBUG] ca.Config: &{Version:1.1.1-snapshot-e656889 Cfg:{Identities:{AllowRemove:false} Affiliations:{AllowRemove:false}} CA:{Name: Keyfile:/home/frank/block/hlf/pcxchg/crypto-config/peerOrganizations/Dell.com/ca/root/ca-key.pem Certfile:/home/frank/block/hlf/pcxchg/crypto-config/peerOrganizations/Dell.com/ca/root/ca-cert.pem Chainfile:/home/frank/block/hlf/pcxchg/crypto-config/peerOrganizations/Dell.com/ca/root/ca-chain.pem} Signing:0xc420318af0 CSR:{CN:fabric-ca-server Names:[{C:US ST:North Carolina L: O:Hyperledger OU:Fabric SerialNumber:}] Hosts:[frank-VirtualBox localhost] KeyRequest:0xc4203225c0 CA:0xc4202d7f60 SerialNumber:} Registry:{MaxEnrollments:-1 Identities:[{ Name:**** Pass:**** Type:client Affiliation: MaxEnrollments:0 Attrs:map[hf.Revoker:1 hf.IntermediateCA:1 hf.GenCRL:1 hf.Registrar.Attributes:* hf.AffiliationMgr:1 hf.Registrar.Roles:peer,orderer,client,user hf.Registrar.DelegateRoles:peer,orderer,client,user]  }]} Affiliations:map[org2:[department1] org1:[department1 department2]] LDAP:{ Enabled:false URL:ldap://****:****@<host>:<port>/<base> UserFilter:(uid=%s) GroupFilter:(memberUid=%s) Attribute:{[uid member] [{ }] map[groups:[{ }]]} TLS:{false [] { }}  } DB:{ Type:sqlite3 Datasource:/home/frank/block/hlf/pcxchg/crypto-config/peerOrganizations/Dell.com/ca/root/fabric-ca-server.db TLS:{false [] { }}  } CSP:0xc4202e56b0 Client:<nil> Intermediate:{ParentServer:{ URL: CAName:  } TLS:{Enabled:false CertFiles:[] Client:{KeyFile: CertFile:}} Enrollment:{ Name: Secret:**** Profile: Label: CSR:<nil> CAName: AttrReqs:[]  }} CRL:{Expiry:24h0m0s}}
2018/04/19 15:56:02 [DEBUG] DB: Getting identity admin
2018/04/19 15:56:02 [DEBUG] DB: Login user admin with max enrollments of -1 and state of 3
2018/04/19 15:56:02 [DEBUG] DB: identity admin successfully logged in
2018/04/19 15:56:02 [DEBUG] Processing sign request: id=admin, CommonName=admin, Subject=<nil>
2018/04/19 15:56:02 [DEBUG] Request is not for a CA signing certificate
2018/04/19 15:56:02 [DEBUG] Checking CSR fields to make sure that they do not exceed maximum character limits
2018/04/19 15:56:02 [DEBUG] DB: Getting identity admin
2018/04/19 15:56:02 [DEBUG] Finished processing sign request
2018/04/19 15:56:02 [DEBUG] DB: Getting identity admin
2018/04/19 15:56:02 [INFO] signed certificate with serial number 651210496009161798165800376747679151533818145072
2018/04/19 15:56:02 [DEBUG] DB: Insert Certificate
2018/04/19 15:56:02 [DEBUG] Saved serial number as hex 721149e0232aecfd18cac06a9dde347755b06930
2018/04/19 15:56:02 [DEBUG] saved certificate with serial number 651210496009161798165800376747679151533818145072
2018/04/19 15:56:02 [DEBUG] Successfully incremented state for identity admin to 4
2018/04/19 15:56:02 [INFO] 127.0.0.1:52496 POST /enroll 201 0 "OK"
2018/04/19 15:56:02 [DEBUG] Received request for /register
2018/04/19 15:56:02 [DEBUG] Checking for revocation/expiration of certificate owned by 'admin'
2018/04/19 15:56:02 [DEBUG] DB: Get certificate by serial (7e2505fc6597dc0301f4d39b1a41bb180a4f9e17) and aki (fc17f7f624201e819ce060d3405863a8577e5500)
2018/04/19 15:56:02 [DEBUG] Successful token authentication of 'admin'
2018/04/19 15:56:02 [DEBUG] Received registration request from admin: { Name:peer1.Dell.com Type:user Secret:**** MaxEnrollments:0 Affiliation:org1 Attributes:[] CAName:  }
2018/04/19 15:56:02 [DEBUG] DB: Getting identity admin
2018/04/19 15:56:02 [DEBUG] canRegister - Check to see if user 'admin' can register
2018/04/19 15:56:02 [DEBUG] Checking to see if caller 'admin' is a registrar
2018/04/19 15:56:02 [DEBUG] Validate Affiliation
2018/04/19 15:56:02 [DEBUG] Checking to see if affiliation 'org1' contains caller's affiliation ''
2018/04/19 15:56:02 [DEBUG] Caller has root affiliation
2018/04/19 15:56:02 [DEBUG] Validate ID
2018/04/19 15:56:02 [DEBUG] Validating affiliation: org1
2018/04/19 15:56:02 [DEBUG] DB: Get affiliation org1
2018/04/19 15:56:02 [DEBUG] Registering user id: peer1.Dell.com
2018/04/19 15:56:02 [DEBUG] Max enrollment value verification - User specified max enrollment: 0, CA max enrollment: -1
2018/04/19 15:56:02 [DEBUG] DB: Getting identity peer1.Dell.com
2018/04/19 15:56:02 [DEBUG] DB: Add identity peer1.Dell.com
2018/04/19 15:56:02 [DEBUG] Successfully added identity peer1.Dell.com to the database
2018/04/19 15:56:02 [INFO] 127.0.0.1:52498 POST /register 201 0 "OK"
2018/04/19 15:56:02 [DEBUG] Received request for /enroll
2018/04/19 15:56:02 [DEBUG] ca.Config: &{Version:1.1.1-snapshot-e656889 Cfg:{Identities:{AllowRemove:false} Affiliations:{AllowRemove:false}} CA:{Name: Keyfile:/home/frank/block/hlf/pcxchg/crypto-config/peerOrganizations/Dell.com/ca/root/ca-key.pem Certfile:/home/frank/block/hlf/pcxchg/crypto-config/peerOrganizations/Dell.com/ca/root/ca-cert.pem Chainfile:/home/frank/block/hlf/pcxchg/crypto-config/peerOrganizations/Dell.com/ca/root/ca-chain.pem} Signing:0xc420318af0 CSR:{CN:fabric-ca-server Names:[{C:US ST:North Carolina L: O:Hyperledger OU:Fabric SerialNumber:}] Hosts:[frank-VirtualBox localhost] KeyRequest:0xc4203225c0 CA:0xc4202d7f60 SerialNumber:} Registry:{MaxEnrollments:-1 Identities:[{ Name:**** Pass:**** Type:client Affiliation: MaxEnrollments:0 Attrs:map[hf.IntermediateCA:1 hf.GenCRL:1 hf.Registrar.Attributes:* hf.AffiliationMgr:1 hf.Registrar.Roles:peer,orderer,client,user hf.Registrar.DelegateRoles:peer,orderer,client,user hf.Revoker:1]  }]} Affiliations:map[org1:[department1 department2] org2:[department1]] LDAP:{ Enabled:false URL:ldap://****:****@<host>:<port>/<base> UserFilter:(uid=%s) GroupFilter:(memberUid=%s) Attribute:{[uid member] [{ }] map[groups:[{ }]]} TLS:{false [] { }}  } DB:{ Type:sqlite3 Datasource:/home/frank/block/hlf/pcxchg/crypto-config/peerOrganizations/Dell.com/ca/root/fabric-ca-server.db TLS:{false [] { }}  } CSP:0xc4202e56b0 Client:<nil> Intermediate:{ParentServer:{ URL: CAName:  } TLS:{Enabled:false CertFiles:[] Client:{KeyFile: CertFile:}} Enrollment:{ Name: Secret:**** Profile: Label: CSR:<nil> CAName: AttrReqs:[]  }} CRL:{Expiry:24h0m0s}}
2018/04/19 15:56:02 [DEBUG] DB: Getting identity peer1.Dell.com
2018/04/19 15:56:02 [DEBUG] DB: Login user peer1.Dell.com with max enrollments of -1 and state of 0
2018/04/19 15:56:02 [DEBUG] DB: identity peer1.Dell.com successfully logged in
2018/04/19 15:56:02 [DEBUG] Processing sign request: id=peer1.Dell.com, CommonName=peer1.Dell.com, Subject=<nil>
2018/04/19 15:56:02 [DEBUG] Request is not for a CA signing certificate
2018/04/19 15:56:02 [DEBUG] Checking CSR fields to make sure that they do not exceed maximum character limits
2018/04/19 15:56:02 [DEBUG] DB: Getting identity peer1.Dell.com
2018/04/19 15:56:02 [DEBUG] Finished processing sign request
2018/04/19 15:56:02 [DEBUG] DB: Getting identity peer1.Dell.com
2018/04/19 15:56:02 [DEBUG] Attribute extension being added to certificate is: &{ID:[1 2 3 4 5 6 7 8 1] Critical:false Value:7b226174747273223a7b2268662e416666696c696174696f6e223a226f726731222c2268662e456e726f6c6c6d656e744944223a2270656572312e44656c6c2e636f6d222c2268662e54797065223a2275736572227d7d}
2018/04/19 15:56:02 [DEBUG] Adding attribute extension to CSR: &{ID:[1 2 3 4 5 6 7 8 1] Critical:false Value:7b226174747273223a7b2268662e416666696c696174696f6e223a226f726731222c2268662e456e726f6c6c6d656e744944223a2270656572312e44656c6c2e636f6d222c2268662e54797065223a2275736572227d7d}
2018/04/19 15:56:02 [INFO] signed certificate with serial number 229419107028846938913296665399619858260731593445
2018/04/19 15:56:02 [DEBUG] DB: Insert Certificate
2018/04/19 15:56:02 [DEBUG] Saved serial number as hex 282f8230b52fa6460c596d9ad7161363147b82e5
2018/04/19 15:56:02 [DEBUG] saved certificate with serial number 229419107028846938913296665399619858260731593445
2018/04/19 15:56:02 [DEBUG] Successfully incremented state for identity peer1.Dell.com to 1
2018/04/19 15:56:02 [INFO] 127.0.0.1:52500 POST /enroll 201 0 "OK"
2018/04/19 15:56:02 [DEBUG] Received request for /cainfo
2018/04/19 15:56:02 [INFO] 127.0.0.1:52502 POST /cainfo 200 0 "OK"
