2018/04/19 15:55:46 [INFO] Created default configuration file at /home/frank/block/hlf/pcxchg/crypto-config/peerOrganizations/Asus.com/ca/root/fabric-ca-server-config.yaml
2018/04/19 15:55:46 [INFO] Starting server in home directory: /home/frank/block/hlf/pcxchg/crypto-config/peerOrganizations/Asus.com/ca/root
2018/04/19 15:55:46 [INFO] Server Version: 1.1.1-snapshot-e656889
2018/04/19 15:55:46 [INFO] Server Levels: &{Identity:1 Affiliation:1 Certificate:1}
2018/04/19 15:55:46 [DEBUG] Making server filenames absolute
2018/04/19 15:55:46 [DEBUG] Initializing default CA in directory /home/frank/block/hlf/pcxchg/crypto-config/peerOrganizations/Asus.com/ca/root
2018/04/19 15:55:46 [DEBUG] Init CA with home /home/frank/block/hlf/pcxchg/crypto-config/peerOrganizations/Asus.com/ca/root and config {Version:1.1.1-snapshot-e656889 Cfg:{Identities:{AllowRemove:false} Affiliations:{AllowRemove:false}} CA:{Name: Keyfile: Certfile:ca-cert.pem Chainfile:ca-chain.pem} Signing:0xc4203092a0 CSR:{CN:fabric-ca-server Names:[{C:US ST:North Carolina L: O:Hyperledger OU:Fabric SerialNumber:}] Hosts:[frank-VirtualBox localhost] KeyRequest:<nil> CA:0xc4202db340 SerialNumber:} Registry:{MaxEnrollments:-1 Identities:[{ Name:**** Pass:**** Type:client Affiliation: MaxEnrollments:0 Attrs:map[hf.AffiliationMgr:1 hf.Registrar.Roles:peer,orderer,client,user hf.Registrar.DelegateRoles:peer,orderer,client,user hf.Revoker:1 hf.IntermediateCA:1 hf.GenCRL:1 hf.Registrar.Attributes:*]  }]} Affiliations:map[org1:[department1 department2] org2:[department1]] LDAP:{ Enabled:false URL:ldap://****:****@<host>:<port>/<base> UserFilter:(uid=%s) GroupFilter:(memberUid=%s) Attribute:{[uid member] [{ }] map[groups:[{ }]]} TLS:{false [] { }}  } DB:{ Type:sqlite3 Datasource:fabric-ca-server.db TLS:{false [] { }}  } CSP:0xc4202e14a0 Client:<nil> Intermediate:{ParentServer:{ URL: CAName:  } TLS:{Enabled:false CertFiles:[] Client:{KeyFile: CertFile:}} Enrollment:{ Name: Secret:**** Profile: Label: CSR:<nil> CAName: AttrReqs:[]  }} CRL:{Expiry:24h0m0s}}
2018/04/19 15:55:46 [DEBUG] CA Home Directory: /home/frank/block/hlf/pcxchg/crypto-config/peerOrganizations/Asus.com/ca/root
2018/04/19 15:55:46 [DEBUG] Checking configuration file version '1.1.1-snapshot-e656889' against server version: '1.1.1-snapshot-e656889'
2018/04/19 15:55:46 [DEBUG] Initializing BCCSP: &{ProviderName:SW SwOpts:0xc4202e1500 PluginOpts:<nil> Pkcs11Opts:<nil>}
2018/04/19 15:55:46 [DEBUG] Initializing BCCSP with software options &{SecLevel:256 HashFamily:SHA2 Ephemeral:false FileKeystore:0xc42031d350 DummyKeystore:<nil>}
2018/04/19 15:55:46 [DEBUG] Initialize key material
2018/04/19 15:55:46 [DEBUG] Making CA filenames absolute
2018/04/19 15:55:46 [DEBUG] Root CA certificate request: {CN:fabric-ca-server Names:[{C:US ST:North Carolina L: O:Hyperledger OU:Fabric SerialNumber:}] Hosts:[frank-VirtualBox localhost] KeyRequest:0xc4203205a0 CA:0xc4202db340 SerialNumber:}
2018/04/19 15:55:46 [INFO] generating key: &{A:ecdsa S:256}
2018/04/19 15:55:46 [DEBUG] generate key from request: algo=ecdsa, size=256
2018/04/19 15:55:46 [INFO] encoded CSR
2018/04/19 15:55:46 [DEBUG] validating configuration
2018/04/19 15:55:46 [DEBUG] validate local profile
2018/04/19 15:55:46 [DEBUG] profile is valid
2018/04/19 15:55:46 [INFO] signed certificate with serial number 271430888157610983271143094312496825223305984601
2018/04/19 15:55:46 [INFO] The CA key and certificate were generated for CA 
2018/04/19 15:55:46 [INFO] The key was stored by BCCSP provider 'SW'
2018/04/19 15:55:46 [INFO] The certificate is at: /home/frank/block/hlf/pcxchg/crypto-config/peerOrganizations/Asus.com/ca/root/ca-cert.pem
2018/04/19 15:55:46 [DEBUG] Initializing DB
2018/04/19 15:55:46 [DEBUG] Initializing 'sqlite3' database at '/home/frank/block/hlf/pcxchg/crypto-config/peerOrganizations/Asus.com/ca/root/fabric-ca-server.db'
2018/04/19 15:55:46 [DEBUG] Using sqlite database, connect to database in home (/home/frank/block/hlf/pcxchg/crypto-config/peerOrganizations/Asus.com/ca/root/fabric-ca-server.db) directory
2018/04/19 15:55:46 [DEBUG] Creating SQLite database (/home/frank/block/hlf/pcxchg/crypto-config/peerOrganizations/Asus.com/ca/root/fabric-ca-server.db) if it does not exist...
2018/04/19 15:55:46 [DEBUG] Creating users table if it does not exist
2018/04/19 15:55:46 [DEBUG] Creating affiliations table if it does not exist
2018/04/19 15:55:46 [DEBUG] Creating certificates table if it does not exist
2018/04/19 15:55:46 [DEBUG] Creating properties table if it does not exist
2018/04/19 15:55:46 [DEBUG] Successfully opened sqlite3 DB
2018/04/19 15:55:46 [DEBUG] Checking database schema...
2018/04/19 15:55:46 [DEBUG] Update SQLite schema, if using outdated schema
2018/04/19 15:55:46 [DEBUG] Upgrade identities table
2018/04/19 15:55:46 [DEBUG] Creating users table if it does not exist
2018/04/19 15:55:46 [DEBUG] Upgrade affiliation table
2018/04/19 15:55:46 [DEBUG] Creating affiliations table if it does not exist
2018/04/19 15:55:46 [DEBUG] Upgrade certificates table
2018/04/19 15:55:46 [DEBUG] Creating certificates table if it does not exist
2018/04/19 15:55:46 [DEBUG] Initializing identity registry
2018/04/19 15:55:46 [DEBUG] Initialized DB identity registry
2018/04/19 15:55:46 [DEBUG] DB: Get properties [identity.level affiliation.level certificate.level]
2018/04/19 15:55:46 [DEBUG] Checking database levels 'map[affiliation.level:0 certificate.level:0 identity.level:0]' against server levels '&{Identity:1 Affiliation:1 Certificate:1}'
2018/04/19 15:55:46 [DEBUG] Loading identity table
2018/04/19 15:55:46 [DEBUG] Loading identity 'admin'
2018/04/19 15:55:46 [DEBUG] DB: Getting identity admin
2018/04/19 15:55:46 [DEBUG] Max enrollment value verification - User specified max enrollment: 0, CA max enrollment: -1
2018/04/19 15:55:46 [DEBUG] DB: Add identity admin
2018/04/19 15:55:46 [DEBUG] Successfully added identity admin to the database
2018/04/19 15:55:46 [DEBUG] Registered identity: { Name:**** Pass:**** Type:client Affiliation: MaxEnrollments:-1 Attrs:map[hf.Revoker:1 hf.IntermediateCA:1 hf.GenCRL:1 hf.Registrar.Attributes:* hf.AffiliationMgr:1 hf.Registrar.Roles:peer,orderer,client,user hf.Registrar.DelegateRoles:peer,orderer,client,user]  }
2018/04/19 15:55:46 [DEBUG] Successfully loaded identity table
2018/04/19 15:55:46 [DEBUG] Loading affiliations table
2018/04/19 15:55:46 [DEBUG] DB: Add affiliation org1
2018/04/19 15:55:46 [DEBUG] Affiliation 'org1' added
2018/04/19 15:55:46 [DEBUG] DB: Add affiliation org1.department1
2018/04/19 15:55:46 [DEBUG] Affiliation 'org1.department1' added
2018/04/19 15:55:46 [DEBUG] DB: Add affiliation org1.department2
2018/04/19 15:55:46 [DEBUG] Affiliation 'org1.department2' added
2018/04/19 15:55:46 [DEBUG] DB: Add affiliation org2
2018/04/19 15:55:46 [DEBUG] Affiliation 'org2' added
2018/04/19 15:55:46 [DEBUG] DB: Add affiliation org2.department1
2018/04/19 15:55:46 [DEBUG] Affiliation 'org2.department1' added
2018/04/19 15:55:46 [DEBUG] Successfully loaded affiliations table
2018/04/19 15:55:46 [DEBUG] Checking and performing migration, if needed
2018/04/19 15:55:46 [DEBUG] Updating database level to &{Identity:1 Affiliation:1 Certificate:1}
2018/04/19 15:55:46 [INFO] Initialized sqlite3 database at /home/frank/block/hlf/pcxchg/crypto-config/peerOrganizations/Asus.com/ca/root/fabric-ca-server.db
2018/04/19 15:55:46 [DEBUG] Initializing enrollment signer
2018/04/19 15:55:46 [DEBUG] validating configuration
2018/04/19 15:55:46 [DEBUG] validate local profile
2018/04/19 15:55:46 [DEBUG] profile is valid
2018/04/19 15:55:46 [DEBUG] validate local profile
2018/04/19 15:55:46 [DEBUG] profile is valid
2018/04/19 15:55:46 [DEBUG] validate local profile
2018/04/19 15:55:46 [DEBUG] profile is valid
2018/04/19 15:55:46 [DEBUG] CA initialization successful
2018/04/19 15:55:46 [INFO] Home directory for default CA: /home/frank/block/hlf/pcxchg/crypto-config/peerOrganizations/Asus.com/ca/root
2018/04/19 15:55:46 [DEBUG] 1 CA instance(s) running on server
2018/04/19 15:55:46 [INFO] Listening on http://0.0.0.0:7102
2018/04/19 15:55:47 [DEBUG] Received request for /enroll
2018/04/19 15:55:47 [DEBUG] ca.Config: &{Version:1.1.1-snapshot-e656889 Cfg:{Identities:{AllowRemove:false} Affiliations:{AllowRemove:false}} CA:{Name: Keyfile:/home/frank/block/hlf/pcxchg/crypto-config/peerOrganizations/Asus.com/ca/root/ca-key.pem Certfile:/home/frank/block/hlf/pcxchg/crypto-config/peerOrganizations/Asus.com/ca/root/ca-cert.pem Chainfile:/home/frank/block/hlf/pcxchg/crypto-config/peerOrganizations/Asus.com/ca/root/ca-chain.pem} Signing:0xc4203092a0 CSR:{CN:fabric-ca-server Names:[{C:US ST:North Carolina L: O:Hyperledger OU:Fabric SerialNumber:}] Hosts:[frank-VirtualBox localhost] KeyRequest:0xc420320580 CA:0xc4202db340 SerialNumber:} Registry:{MaxEnrollments:-1 Identities:[{ Name:**** Pass:**** Type:client Affiliation: MaxEnrollments:0 Attrs:map[hf.Registrar.Attributes:* hf.AffiliationMgr:1 hf.Registrar.Roles:peer,orderer,client,user hf.Registrar.DelegateRoles:peer,orderer,client,user hf.Revoker:1 hf.IntermediateCA:1 hf.GenCRL:1]  }]} Affiliations:map[org1:[department1 department2] org2:[department1]] LDAP:{ Enabled:false URL:ldap://****:****@<host>:<port>/<base> UserFilter:(uid=%s) GroupFilter:(memberUid=%s) Attribute:{[uid member] [{ }] map[groups:[{ }]]} TLS:{false [] { }}  } DB:{ Type:sqlite3 Datasource:/home/frank/block/hlf/pcxchg/crypto-config/peerOrganizations/Asus.com/ca/root/fabric-ca-server.db TLS:{false [] { }}  } CSP:0xc4202e14a0 Client:<nil> Intermediate:{ParentServer:{ URL: CAName:  } TLS:{Enabled:false CertFiles:[] Client:{KeyFile: CertFile:}} Enrollment:{ Name: Secret:**** Profile: Label: CSR:<nil> CAName: AttrReqs:[]  }} CRL:{Expiry:24h0m0s}}
2018/04/19 15:55:47 [DEBUG] DB: Getting identity admin
2018/04/19 15:55:47 [DEBUG] DB: Login user admin with max enrollments of -1 and state of 0
2018/04/19 15:55:47 [DEBUG] DB: identity admin successfully logged in
2018/04/19 15:55:47 [DEBUG] Processing sign request: id=admin, CommonName=admin, Subject=<nil>
2018/04/19 15:55:47 [DEBUG] Request is not for a CA signing certificate
2018/04/19 15:55:47 [DEBUG] Checking CSR fields to make sure that they do not exceed maximum character limits
2018/04/19 15:55:47 [DEBUG] DB: Getting identity admin
2018/04/19 15:55:47 [DEBUG] Finished processing sign request
2018/04/19 15:55:47 [DEBUG] DB: Getting identity admin
2018/04/19 15:55:47 [INFO] signed certificate with serial number 127546538424291039388013619387838966084348432430
2018/04/19 15:55:47 [DEBUG] DB: Insert Certificate
2018/04/19 15:55:47 [DEBUG] Saved serial number as hex 165762747633eda0bd2fac07633a5d2b523c502e
2018/04/19 15:55:47 [DEBUG] saved certificate with serial number 127546538424291039388013619387838966084348432430
2018/04/19 15:55:47 [DEBUG] Successfully incremented state for identity admin to 1
2018/04/19 15:55:47 [INFO] 127.0.0.1:58432 POST /enroll 201 0 "OK"
2018/04/19 15:55:47 [DEBUG] Received request for /enroll
2018/04/19 15:55:47 [DEBUG] ca.Config: &{Version:1.1.1-snapshot-e656889 Cfg:{Identities:{AllowRemove:false} Affiliations:{AllowRemove:false}} CA:{Name: Keyfile:/home/frank/block/hlf/pcxchg/crypto-config/peerOrganizations/Asus.com/ca/root/ca-key.pem Certfile:/home/frank/block/hlf/pcxchg/crypto-config/peerOrganizations/Asus.com/ca/root/ca-cert.pem Chainfile:/home/frank/block/hlf/pcxchg/crypto-config/peerOrganizations/Asus.com/ca/root/ca-chain.pem} Signing:0xc4203092a0 CSR:{CN:fabric-ca-server Names:[{C:US ST:North Carolina L: O:Hyperledger OU:Fabric SerialNumber:}] Hosts:[frank-VirtualBox localhost] KeyRequest:0xc420320580 CA:0xc4202db340 SerialNumber:} Registry:{MaxEnrollments:-1 Identities:[{ Name:**** Pass:**** Type:client Affiliation: MaxEnrollments:0 Attrs:map[hf.Revoker:1 hf.IntermediateCA:1 hf.GenCRL:1 hf.Registrar.Attributes:* hf.AffiliationMgr:1 hf.Registrar.Roles:peer,orderer,client,user hf.Registrar.DelegateRoles:peer,orderer,client,user]  }]} Affiliations:map[org1:[department1 department2] org2:[department1]] LDAP:{ Enabled:false URL:ldap://****:****@<host>:<port>/<base> UserFilter:(uid=%s) GroupFilter:(memberUid=%s) Attribute:{[uid member] [{ }] map[groups:[{ }]]} TLS:{false [] { }}  } DB:{ Type:sqlite3 Datasource:/home/frank/block/hlf/pcxchg/crypto-config/peerOrganizations/Asus.com/ca/root/fabric-ca-server.db TLS:{false [] { }}  } CSP:0xc4202e14a0 Client:<nil> Intermediate:{ParentServer:{ URL: CAName:  } TLS:{Enabled:false CertFiles:[] Client:{KeyFile: CertFile:}} Enrollment:{ Name: Secret:**** Profile: Label: CSR:<nil> CAName: AttrReqs:[]  }} CRL:{Expiry:24h0m0s}}
2018/04/19 15:55:47 [DEBUG] DB: Getting identity admin
2018/04/19 15:55:47 [DEBUG] DB: Login user admin with max enrollments of -1 and state of 1
2018/04/19 15:55:47 [DEBUG] DB: identity admin successfully logged in
2018/04/19 15:55:47 [DEBUG] Processing sign request: id=admin, CommonName=admin, Subject=<nil>
2018/04/19 15:55:47 [DEBUG] Request is not for a CA signing certificate
2018/04/19 15:55:47 [DEBUG] Checking CSR fields to make sure that they do not exceed maximum character limits
2018/04/19 15:55:47 [DEBUG] DB: Getting identity admin
2018/04/19 15:55:47 [DEBUG] Finished processing sign request
2018/04/19 15:55:47 [DEBUG] DB: Getting identity admin
2018/04/19 15:55:47 [INFO] signed certificate with serial number 180090680878298459894390151737909285963141543664
2018/04/19 15:55:47 [DEBUG] DB: Insert Certificate
2018/04/19 15:55:47 [DEBUG] Saved serial number as hex 1f8b8ba1053c144737d95c3057e471e97d90f6f0
2018/04/19 15:55:47 [DEBUG] saved certificate with serial number 180090680878298459894390151737909285963141543664
2018/04/19 15:55:47 [DEBUG] Successfully incremented state for identity admin to 2
2018/04/19 15:55:47 [INFO] 127.0.0.1:58434 POST /enroll 201 0 "OK"
2018/04/19 15:55:47 [DEBUG] Received request for /register
2018/04/19 15:55:47 [DEBUG] Checking for revocation/expiration of certificate owned by 'admin'
2018/04/19 15:55:47 [DEBUG] DB: Get certificate by serial (1f8b8ba1053c144737d95c3057e471e97d90f6f0) and aki (703d46aaafe9304ae0069e49d4355d13449214a7)
2018/04/19 15:55:47 [DEBUG] Successful token authentication of 'admin'
2018/04/19 15:55:47 [DEBUG] Received registration request from admin: { Name:nodeAdmin Type:user Secret:**** MaxEnrollments:0 Affiliation:org1 Attributes:[] CAName:  }
2018/04/19 15:55:47 [DEBUG] DB: Getting identity admin
2018/04/19 15:55:47 [DEBUG] canRegister - Check to see if user 'admin' can register
2018/04/19 15:55:47 [DEBUG] Checking to see if caller 'admin' is a registrar
2018/04/19 15:55:47 [DEBUG] Validate Affiliation
2018/04/19 15:55:47 [DEBUG] Checking to see if affiliation 'org1' contains caller's affiliation ''
2018/04/19 15:55:47 [DEBUG] Caller has root affiliation
2018/04/19 15:55:47 [DEBUG] Validate ID
2018/04/19 15:55:47 [DEBUG] Validating affiliation: org1
2018/04/19 15:55:47 [DEBUG] DB: Get affiliation org1
2018/04/19 15:55:47 [DEBUG] Registering user id: nodeAdmin
2018/04/19 15:55:47 [DEBUG] Max enrollment value verification - User specified max enrollment: 0, CA max enrollment: -1
2018/04/19 15:55:47 [DEBUG] DB: Getting identity nodeAdmin
2018/04/19 15:55:47 [DEBUG] DB: Add identity nodeAdmin
2018/04/19 15:55:47 [DEBUG] Successfully added identity nodeAdmin to the database
2018/04/19 15:55:47 [INFO] 127.0.0.1:58436 POST /register 201 0 "OK"
2018/04/19 15:55:48 [DEBUG] Received request for /enroll
2018/04/19 15:55:48 [DEBUG] ca.Config: &{Version:1.1.1-snapshot-e656889 Cfg:{Identities:{AllowRemove:false} Affiliations:{AllowRemove:false}} CA:{Name: Keyfile:/home/frank/block/hlf/pcxchg/crypto-config/peerOrganizations/Asus.com/ca/root/ca-key.pem Certfile:/home/frank/block/hlf/pcxchg/crypto-config/peerOrganizations/Asus.com/ca/root/ca-cert.pem Chainfile:/home/frank/block/hlf/pcxchg/crypto-config/peerOrganizations/Asus.com/ca/root/ca-chain.pem} Signing:0xc4203092a0 CSR:{CN:fabric-ca-server Names:[{C:US ST:North Carolina L: O:Hyperledger OU:Fabric SerialNumber:}] Hosts:[frank-VirtualBox localhost] KeyRequest:0xc420320580 CA:0xc4202db340 SerialNumber:} Registry:{MaxEnrollments:-1 Identities:[{ Name:**** Pass:**** Type:client Affiliation: MaxEnrollments:0 Attrs:map[hf.GenCRL:1 hf.Registrar.Attributes:* hf.AffiliationMgr:1 hf.Registrar.Roles:peer,orderer,client,user hf.Registrar.DelegateRoles:peer,orderer,client,user hf.Revoker:1 hf.IntermediateCA:1]  }]} Affiliations:map[org1:[department1 department2] org2:[department1]] LDAP:{ Enabled:false URL:ldap://****:****@<host>:<port>/<base> UserFilter:(uid=%s) GroupFilter:(memberUid=%s) Attribute:{[uid member] [{ }] map[groups:[{ }]]} TLS:{false [] { }}  } DB:{ Type:sqlite3 Datasource:/home/frank/block/hlf/pcxchg/crypto-config/peerOrganizations/Asus.com/ca/root/fabric-ca-server.db TLS:{false [] { }}  } CSP:0xc4202e14a0 Client:<nil> Intermediate:{ParentServer:{ URL: CAName:  } TLS:{Enabled:false CertFiles:[] Client:{KeyFile: CertFile:}} Enrollment:{ Name: Secret:**** Profile: Label: CSR:<nil> CAName: AttrReqs:[]  }} CRL:{Expiry:24h0m0s}}
2018/04/19 15:55:48 [DEBUG] DB: Getting identity nodeAdmin
2018/04/19 15:55:48 [DEBUG] DB: Login user nodeAdmin with max enrollments of -1 and state of 0
2018/04/19 15:55:48 [DEBUG] DB: identity nodeAdmin successfully logged in
2018/04/19 15:55:48 [DEBUG] Processing sign request: id=nodeAdmin, CommonName=nodeAdmin, Subject=<nil>
2018/04/19 15:55:48 [DEBUG] Request is not for a CA signing certificate
2018/04/19 15:55:48 [DEBUG] Checking CSR fields to make sure that they do not exceed maximum character limits
2018/04/19 15:55:48 [DEBUG] DB: Getting identity nodeAdmin
2018/04/19 15:55:48 [DEBUG] Finished processing sign request
2018/04/19 15:55:48 [DEBUG] DB: Getting identity nodeAdmin
2018/04/19 15:55:48 [DEBUG] Attribute extension being added to certificate is: &{ID:[1 2 3 4 5 6 7 8 1] Critical:false Value:7b226174747273223a7b2268662e416666696c696174696f6e223a226f726731222c2268662e456e726f6c6c6d656e744944223a226e6f646541646d696e222c2268662e54797065223a2275736572227d7d}
2018/04/19 15:55:48 [DEBUG] Adding attribute extension to CSR: &{ID:[1 2 3 4 5 6 7 8 1] Critical:false Value:7b226174747273223a7b2268662e416666696c696174696f6e223a226f726731222c2268662e456e726f6c6c6d656e744944223a226e6f646541646d696e222c2268662e54797065223a2275736572227d7d}
2018/04/19 15:55:48 [INFO] signed certificate with serial number 182760337580856632810497372162882942122121309264
2018/04/19 15:55:48 [DEBUG] DB: Insert Certificate
2018/04/19 15:55:48 [DEBUG] Saved serial number as hex 200341c8f3a12aa3356d5fa6802034efa90d2c50
2018/04/19 15:55:48 [DEBUG] saved certificate with serial number 182760337580856632810497372162882942122121309264
2018/04/19 15:55:48 [DEBUG] Successfully incremented state for identity nodeAdmin to 1
2018/04/19 15:55:48 [INFO] 127.0.0.1:58438 POST /enroll 201 0 "OK"
2018/04/19 15:55:48 [DEBUG] Received request for /register
2018/04/19 15:55:48 [DEBUG] Checking for revocation/expiration of certificate owned by 'admin'
2018/04/19 15:55:48 [DEBUG] DB: Get certificate by serial (1f8b8ba1053c144737d95c3057e471e97d90f6f0) and aki (703d46aaafe9304ae0069e49d4355d13449214a7)
2018/04/19 15:55:48 [DEBUG] Successful token authentication of 'admin'
2018/04/19 15:55:48 [DEBUG] Received registration request from admin: { Name:User1@Asus.com Type:user Secret:**** MaxEnrollments:0 Affiliation:org1 Attributes:[] CAName:  }
2018/04/19 15:55:48 [DEBUG] DB: Getting identity admin
2018/04/19 15:55:48 [DEBUG] canRegister - Check to see if user 'admin' can register
2018/04/19 15:55:48 [DEBUG] Checking to see if caller 'admin' is a registrar
2018/04/19 15:55:48 [DEBUG] Validate Affiliation
2018/04/19 15:55:48 [DEBUG] Checking to see if affiliation 'org1' contains caller's affiliation ''
2018/04/19 15:55:48 [DEBUG] Caller has root affiliation
2018/04/19 15:55:48 [DEBUG] Validate ID
2018/04/19 15:55:48 [DEBUG] Validating affiliation: org1
2018/04/19 15:55:48 [DEBUG] DB: Get affiliation org1
2018/04/19 15:55:48 [DEBUG] Registering user id: User1@Asus.com
2018/04/19 15:55:48 [DEBUG] Max enrollment value verification - User specified max enrollment: 0, CA max enrollment: -1
2018/04/19 15:55:48 [DEBUG] DB: Getting identity User1@Asus.com
2018/04/19 15:55:48 [DEBUG] DB: Add identity User1@Asus.com
2018/04/19 15:55:48 [DEBUG] Successfully added identity User1@Asus.com to the database
2018/04/19 15:55:48 [INFO] 127.0.0.1:58440 POST /register 201 0 "OK"
2018/04/19 15:55:48 [DEBUG] Received request for /enroll
2018/04/19 15:55:48 [DEBUG] ca.Config: &{Version:1.1.1-snapshot-e656889 Cfg:{Identities:{AllowRemove:false} Affiliations:{AllowRemove:false}} CA:{Name: Keyfile:/home/frank/block/hlf/pcxchg/crypto-config/peerOrganizations/Asus.com/ca/root/ca-key.pem Certfile:/home/frank/block/hlf/pcxchg/crypto-config/peerOrganizations/Asus.com/ca/root/ca-cert.pem Chainfile:/home/frank/block/hlf/pcxchg/crypto-config/peerOrganizations/Asus.com/ca/root/ca-chain.pem} Signing:0xc4203092a0 CSR:{CN:fabric-ca-server Names:[{C:US ST:North Carolina L: O:Hyperledger OU:Fabric SerialNumber:}] Hosts:[frank-VirtualBox localhost] KeyRequest:0xc420320580 CA:0xc4202db340 SerialNumber:} Registry:{MaxEnrollments:-1 Identities:[{ Name:**** Pass:**** Type:client Affiliation: MaxEnrollments:0 Attrs:map[hf.Registrar.Attributes:* hf.AffiliationMgr:1 hf.Registrar.Roles:peer,orderer,client,user hf.Registrar.DelegateRoles:peer,orderer,client,user hf.Revoker:1 hf.IntermediateCA:1 hf.GenCRL:1]  }]} Affiliations:map[org2:[department1] org1:[department1 department2]] LDAP:{ Enabled:false URL:ldap://****:****@<host>:<port>/<base> UserFilter:(uid=%s) GroupFilter:(memberUid=%s) Attribute:{[uid member] [{ }] map[groups:[{ }]]} TLS:{false [] { }}  } DB:{ Type:sqlite3 Datasource:/home/frank/block/hlf/pcxchg/crypto-config/peerOrganizations/Asus.com/ca/root/fabric-ca-server.db TLS:{false [] { }}  } CSP:0xc4202e14a0 Client:<nil> Intermediate:{ParentServer:{ URL: CAName:  } TLS:{Enabled:false CertFiles:[] Client:{KeyFile: CertFile:}} Enrollment:{ Name: Secret:**** Profile: Label: CSR:<nil> CAName: AttrReqs:[]  }} CRL:{Expiry:24h0m0s}}
2018/04/19 15:55:48 [DEBUG] DB: Getting identity User1@Asus.com
2018/04/19 15:55:48 [DEBUG] DB: Login user User1@Asus.com with max enrollments of -1 and state of 0
2018/04/19 15:55:48 [DEBUG] DB: identity User1@Asus.com successfully logged in
2018/04/19 15:55:48 [DEBUG] Processing sign request: id=User1@Asus.com, CommonName=User1@Asus.com, Subject=<nil>
2018/04/19 15:55:48 [DEBUG] Request is not for a CA signing certificate
2018/04/19 15:55:48 [DEBUG] Checking CSR fields to make sure that they do not exceed maximum character limits
2018/04/19 15:55:48 [DEBUG] DB: Getting identity User1@Asus.com
2018/04/19 15:55:48 [DEBUG] Finished processing sign request
2018/04/19 15:55:48 [DEBUG] DB: Getting identity User1@Asus.com
2018/04/19 15:55:48 [DEBUG] Attribute extension being added to certificate is: &{ID:[1 2 3 4 5 6 7 8 1] Critical:false Value:7b226174747273223a7b2268662e416666696c696174696f6e223a226f726731222c2268662e456e726f6c6c6d656e744944223a22557365723140417375732e636f6d222c2268662e54797065223a2275736572227d7d}
2018/04/19 15:55:48 [DEBUG] Adding attribute extension to CSR: &{ID:[1 2 3 4 5 6 7 8 1] Critical:false Value:7b226174747273223a7b2268662e416666696c696174696f6e223a226f726731222c2268662e456e726f6c6c6d656e744944223a22557365723140417375732e636f6d222c2268662e54797065223a2275736572227d7d}
2018/04/19 15:55:48 [INFO] signed certificate with serial number 127807928336731390472936967603584980972990198086
2018/04/19 15:55:48 [DEBUG] DB: Insert Certificate
2018/04/19 15:55:48 [DEBUG] Saved serial number as hex 16631b106014e426b03928dbccac933b965d7146
2018/04/19 15:55:48 [DEBUG] saved certificate with serial number 127807928336731390472936967603584980972990198086
2018/04/19 15:55:48 [DEBUG] Successfully incremented state for identity User1@Asus.com to 1
2018/04/19 15:55:48 [INFO] 127.0.0.1:58442 POST /enroll 201 0 "OK"
2018/04/19 15:55:48 [DEBUG] Received request for /enroll
2018/04/19 15:55:48 [DEBUG] ca.Config: &{Version:1.1.1-snapshot-e656889 Cfg:{Identities:{AllowRemove:false} Affiliations:{AllowRemove:false}} CA:{Name: Keyfile:/home/frank/block/hlf/pcxchg/crypto-config/peerOrganizations/Asus.com/ca/root/ca-key.pem Certfile:/home/frank/block/hlf/pcxchg/crypto-config/peerOrganizations/Asus.com/ca/root/ca-cert.pem Chainfile:/home/frank/block/hlf/pcxchg/crypto-config/peerOrganizations/Asus.com/ca/root/ca-chain.pem} Signing:0xc4203092a0 CSR:{CN:fabric-ca-server Names:[{C:US ST:North Carolina L: O:Hyperledger OU:Fabric SerialNumber:}] Hosts:[frank-VirtualBox localhost] KeyRequest:0xc420320580 CA:0xc4202db340 SerialNumber:} Registry:{MaxEnrollments:-1 Identities:[{ Name:**** Pass:**** Type:client Affiliation: MaxEnrollments:0 Attrs:map[hf.Revoker:1 hf.IntermediateCA:1 hf.GenCRL:1 hf.Registrar.Attributes:* hf.AffiliationMgr:1 hf.Registrar.Roles:peer,orderer,client,user hf.Registrar.DelegateRoles:peer,orderer,client,user]  }]} Affiliations:map[org1:[department1 department2] org2:[department1]] LDAP:{ Enabled:false URL:ldap://****:****@<host>:<port>/<base> UserFilter:(uid=%s) GroupFilter:(memberUid=%s) Attribute:{[uid member] [{ }] map[groups:[{ }]]} TLS:{false [] { }}  } DB:{ Type:sqlite3 Datasource:/home/frank/block/hlf/pcxchg/crypto-config/peerOrganizations/Asus.com/ca/root/fabric-ca-server.db TLS:{false [] { }}  } CSP:0xc4202e14a0 Client:<nil> Intermediate:{ParentServer:{ URL: CAName:  } TLS:{Enabled:false CertFiles:[] Client:{KeyFile: CertFile:}} Enrollment:{ Name: Secret:**** Profile: Label: CSR:<nil> CAName: AttrReqs:[]  }} CRL:{Expiry:24h0m0s}}
2018/04/19 15:55:48 [DEBUG] DB: Getting identity admin
2018/04/19 15:55:48 [DEBUG] DB: Login user admin with max enrollments of -1 and state of 2
2018/04/19 15:55:48 [DEBUG] DB: identity admin successfully logged in
2018/04/19 15:55:48 [DEBUG] Processing sign request: id=admin, CommonName=admin, Subject=<nil>
2018/04/19 15:55:48 [DEBUG] Request is not for a CA signing certificate
2018/04/19 15:55:48 [DEBUG] Checking CSR fields to make sure that they do not exceed maximum character limits
2018/04/19 15:55:48 [DEBUG] DB: Getting identity admin
2018/04/19 15:55:48 [DEBUG] Finished processing sign request
2018/04/19 15:55:48 [DEBUG] DB: Getting identity admin
2018/04/19 15:55:48 [INFO] signed certificate with serial number 130186996157717416629946495438569211113472540460
2018/04/19 15:55:48 [DEBUG] DB: Insert Certificate
2018/04/19 15:55:48 [DEBUG] Saved serial number as hex 16cdc96c55b566314335998877eac9b4c3343f2c
2018/04/19 15:55:48 [DEBUG] saved certificate with serial number 130186996157717416629946495438569211113472540460
2018/04/19 15:55:48 [DEBUG] Successfully incremented state for identity admin to 3
2018/04/19 15:55:48 [INFO] 127.0.0.1:58444 POST /enroll 201 0 "OK"
2018/04/19 15:55:48 [DEBUG] Received request for /register
2018/04/19 15:55:48 [DEBUG] Checking for revocation/expiration of certificate owned by 'admin'
2018/04/19 15:55:48 [DEBUG] DB: Get certificate by serial (1f8b8ba1053c144737d95c3057e471e97d90f6f0) and aki (703d46aaafe9304ae0069e49d4355d13449214a7)
2018/04/19 15:55:48 [DEBUG] Successful token authentication of 'admin'
2018/04/19 15:55:48 [DEBUG] Received registration request from admin: { Name:peer0.Asus.com Type:user Secret:**** MaxEnrollments:0 Affiliation:org1 Attributes:[] CAName:  }
2018/04/19 15:55:48 [DEBUG] DB: Getting identity admin
2018/04/19 15:55:48 [DEBUG] canRegister - Check to see if user 'admin' can register
2018/04/19 15:55:48 [DEBUG] Checking to see if caller 'admin' is a registrar
2018/04/19 15:55:48 [DEBUG] Validate Affiliation
2018/04/19 15:55:48 [DEBUG] Checking to see if affiliation 'org1' contains caller's affiliation ''
2018/04/19 15:55:48 [DEBUG] Caller has root affiliation
2018/04/19 15:55:48 [DEBUG] Validate ID
2018/04/19 15:55:48 [DEBUG] Validating affiliation: org1
2018/04/19 15:55:48 [DEBUG] DB: Get affiliation org1
2018/04/19 15:55:48 [DEBUG] Registering user id: peer0.Asus.com
2018/04/19 15:55:48 [DEBUG] Max enrollment value verification - User specified max enrollment: 0, CA max enrollment: -1
2018/04/19 15:55:48 [DEBUG] DB: Getting identity peer0.Asus.com
2018/04/19 15:55:48 [DEBUG] DB: Add identity peer0.Asus.com
2018/04/19 15:55:49 [DEBUG] Successfully added identity peer0.Asus.com to the database
2018/04/19 15:55:49 [INFO] 127.0.0.1:58446 POST /register 201 0 "OK"
2018/04/19 15:55:49 [DEBUG] Received request for /enroll
2018/04/19 15:55:49 [DEBUG] ca.Config: &{Version:1.1.1-snapshot-e656889 Cfg:{Identities:{AllowRemove:false} Affiliations:{AllowRemove:false}} CA:{Name: Keyfile:/home/frank/block/hlf/pcxchg/crypto-config/peerOrganizations/Asus.com/ca/root/ca-key.pem Certfile:/home/frank/block/hlf/pcxchg/crypto-config/peerOrganizations/Asus.com/ca/root/ca-cert.pem Chainfile:/home/frank/block/hlf/pcxchg/crypto-config/peerOrganizations/Asus.com/ca/root/ca-chain.pem} Signing:0xc4203092a0 CSR:{CN:fabric-ca-server Names:[{C:US ST:North Carolina L: O:Hyperledger OU:Fabric SerialNumber:}] Hosts:[frank-VirtualBox localhost] KeyRequest:0xc420320580 CA:0xc4202db340 SerialNumber:} Registry:{MaxEnrollments:-1 Identities:[{ Name:**** Pass:**** Type:client Affiliation: MaxEnrollments:0 Attrs:map[hf.Revoker:1 hf.IntermediateCA:1 hf.GenCRL:1 hf.Registrar.Attributes:* hf.AffiliationMgr:1 hf.Registrar.Roles:peer,orderer,client,user hf.Registrar.DelegateRoles:peer,orderer,client,user]  }]} Affiliations:map[org1:[department1 department2] org2:[department1]] LDAP:{ Enabled:false URL:ldap://****:****@<host>:<port>/<base> UserFilter:(uid=%s) GroupFilter:(memberUid=%s) Attribute:{[uid member] [{ }] map[groups:[{ }]]} TLS:{false [] { }}  } DB:{ Type:sqlite3 Datasource:/home/frank/block/hlf/pcxchg/crypto-config/peerOrganizations/Asus.com/ca/root/fabric-ca-server.db TLS:{false [] { }}  } CSP:0xc4202e14a0 Client:<nil> Intermediate:{ParentServer:{ URL: CAName:  } TLS:{Enabled:false CertFiles:[] Client:{KeyFile: CertFile:}} Enrollment:{ Name: Secret:**** Profile: Label: CSR:<nil> CAName: AttrReqs:[]  }} CRL:{Expiry:24h0m0s}}
2018/04/19 15:55:49 [DEBUG] DB: Getting identity peer0.Asus.com
2018/04/19 15:55:49 [DEBUG] DB: Login user peer0.Asus.com with max enrollments of -1 and state of 0
2018/04/19 15:55:49 [DEBUG] DB: identity peer0.Asus.com successfully logged in
2018/04/19 15:55:49 [DEBUG] Processing sign request: id=peer0.Asus.com, CommonName=peer0.Asus.com, Subject=<nil>
2018/04/19 15:55:49 [DEBUG] Request is not for a CA signing certificate
2018/04/19 15:55:49 [DEBUG] Checking CSR fields to make sure that they do not exceed maximum character limits
2018/04/19 15:55:49 [DEBUG] DB: Getting identity peer0.Asus.com
2018/04/19 15:55:49 [DEBUG] Finished processing sign request
2018/04/19 15:55:49 [DEBUG] DB: Getting identity peer0.Asus.com
2018/04/19 15:55:49 [DEBUG] Attribute extension being added to certificate is: &{ID:[1 2 3 4 5 6 7 8 1] Critical:false Value:7b226174747273223a7b2268662e416666696c696174696f6e223a226f726731222c2268662e456e726f6c6c6d656e744944223a2270656572302e417375732e636f6d222c2268662e54797065223a2275736572227d7d}
2018/04/19 15:55:49 [DEBUG] Adding attribute extension to CSR: &{ID:[1 2 3 4 5 6 7 8 1] Critical:false Value:7b226174747273223a7b2268662e416666696c696174696f6e223a226f726731222c2268662e456e726f6c6c6d656e744944223a2270656572302e417375732e636f6d222c2268662e54797065223a2275736572227d7d}
2018/04/19 15:55:49 [INFO] signed certificate with serial number 173585969554626336302789436954027170094043158818
2018/04/19 15:55:49 [DEBUG] DB: Insert Certificate
2018/04/19 15:55:49 [DEBUG] Saved serial number as hex 1e67dd347bd29771e399533ddd6ddece541cd922
2018/04/19 15:55:49 [DEBUG] saved certificate with serial number 173585969554626336302789436954027170094043158818
2018/04/19 15:55:49 [DEBUG] Successfully incremented state for identity peer0.Asus.com to 1
2018/04/19 15:55:49 [INFO] 127.0.0.1:58448 POST /enroll 201 0 "OK"
2018/04/19 15:55:49 [DEBUG] Received request for /enroll
2018/04/19 15:55:49 [DEBUG] ca.Config: &{Version:1.1.1-snapshot-e656889 Cfg:{Identities:{AllowRemove:false} Affiliations:{AllowRemove:false}} CA:{Name: Keyfile:/home/frank/block/hlf/pcxchg/crypto-config/peerOrganizations/Asus.com/ca/root/ca-key.pem Certfile:/home/frank/block/hlf/pcxchg/crypto-config/peerOrganizations/Asus.com/ca/root/ca-cert.pem Chainfile:/home/frank/block/hlf/pcxchg/crypto-config/peerOrganizations/Asus.com/ca/root/ca-chain.pem} Signing:0xc4203092a0 CSR:{CN:fabric-ca-server Names:[{C:US ST:North Carolina L: O:Hyperledger OU:Fabric SerialNumber:}] Hosts:[frank-VirtualBox localhost] KeyRequest:0xc420320580 CA:0xc4202db340 SerialNumber:} Registry:{MaxEnrollments:-1 Identities:[{ Name:**** Pass:**** Type:client Affiliation: MaxEnrollments:0 Attrs:map[hf.Registrar.Attributes:* hf.AffiliationMgr:1 hf.Registrar.Roles:peer,orderer,client,user hf.Registrar.DelegateRoles:peer,orderer,client,user hf.Revoker:1 hf.IntermediateCA:1 hf.GenCRL:1]  }]} Affiliations:map[org1:[department1 department2] org2:[department1]] LDAP:{ Enabled:false URL:ldap://****:****@<host>:<port>/<base> UserFilter:(uid=%s) GroupFilter:(memberUid=%s) Attribute:{[uid member] [{ }] map[groups:[{ }]]} TLS:{false [] { }}  } DB:{ Type:sqlite3 Datasource:/home/frank/block/hlf/pcxchg/crypto-config/peerOrganizations/Asus.com/ca/root/fabric-ca-server.db TLS:{false [] { }}  } CSP:0xc4202e14a0 Client:<nil> Intermediate:{ParentServer:{ URL: CAName:  } TLS:{Enabled:false CertFiles:[] Client:{KeyFile: CertFile:}} Enrollment:{ Name: Secret:**** Profile: Label: CSR:<nil> CAName: AttrReqs:[]  }} CRL:{Expiry:24h0m0s}}
2018/04/19 15:55:49 [DEBUG] DB: Getting identity admin
2018/04/19 15:55:49 [DEBUG] DB: Login user admin with max enrollments of -1 and state of 3
2018/04/19 15:55:49 [DEBUG] DB: identity admin successfully logged in
2018/04/19 15:55:49 [DEBUG] Processing sign request: id=admin, CommonName=admin, Subject=<nil>
2018/04/19 15:55:49 [DEBUG] Request is not for a CA signing certificate
2018/04/19 15:55:49 [DEBUG] Checking CSR fields to make sure that they do not exceed maximum character limits
2018/04/19 15:55:49 [DEBUG] DB: Getting identity admin
2018/04/19 15:55:49 [DEBUG] Finished processing sign request
2018/04/19 15:55:49 [DEBUG] DB: Getting identity admin
2018/04/19 15:55:49 [INFO] signed certificate with serial number 21294797740178617072877708679518451558009308583
2018/04/19 15:55:49 [DEBUG] DB: Insert Certificate
2018/04/19 15:55:49 [DEBUG] Saved serial number as hex 3bae44a1d1bf6c6b91c8a5b6f7ef728ae2085a7
2018/04/19 15:55:49 [DEBUG] saved certificate with serial number 21294797740178617072877708679518451558009308583
2018/04/19 15:55:49 [DEBUG] Successfully incremented state for identity admin to 4
2018/04/19 15:55:49 [INFO] 127.0.0.1:58450 POST /enroll 201 0 "OK"
2018/04/19 15:55:49 [DEBUG] Received request for /register
2018/04/19 15:55:49 [DEBUG] Checking for revocation/expiration of certificate owned by 'admin'
2018/04/19 15:55:49 [DEBUG] DB: Get certificate by serial (1f8b8ba1053c144737d95c3057e471e97d90f6f0) and aki (703d46aaafe9304ae0069e49d4355d13449214a7)
2018/04/19 15:55:49 [DEBUG] Successful token authentication of 'admin'
2018/04/19 15:55:49 [DEBUG] Received registration request from admin: { Name:peer1.Asus.com Type:user Secret:**** MaxEnrollments:0 Affiliation:org1 Attributes:[] CAName:  }
2018/04/19 15:55:49 [DEBUG] DB: Getting identity admin
2018/04/19 15:55:49 [DEBUG] canRegister - Check to see if user 'admin' can register
2018/04/19 15:55:49 [DEBUG] Checking to see if caller 'admin' is a registrar
2018/04/19 15:55:49 [DEBUG] Validate Affiliation
2018/04/19 15:55:49 [DEBUG] Checking to see if affiliation 'org1' contains caller's affiliation ''
2018/04/19 15:55:49 [DEBUG] Caller has root affiliation
2018/04/19 15:55:49 [DEBUG] Validate ID
2018/04/19 15:55:49 [DEBUG] Validating affiliation: org1
2018/04/19 15:55:49 [DEBUG] DB: Get affiliation org1
2018/04/19 15:55:49 [DEBUG] Registering user id: peer1.Asus.com
2018/04/19 15:55:49 [DEBUG] Max enrollment value verification - User specified max enrollment: 0, CA max enrollment: -1
2018/04/19 15:55:49 [DEBUG] DB: Getting identity peer1.Asus.com
2018/04/19 15:55:49 [DEBUG] DB: Add identity peer1.Asus.com
2018/04/19 15:55:49 [DEBUG] Successfully added identity peer1.Asus.com to the database
2018/04/19 15:55:49 [INFO] 127.0.0.1:58452 POST /register 201 0 "OK"
2018/04/19 15:55:49 [DEBUG] Received request for /enroll
2018/04/19 15:55:49 [DEBUG] ca.Config: &{Version:1.1.1-snapshot-e656889 Cfg:{Identities:{AllowRemove:false} Affiliations:{AllowRemove:false}} CA:{Name: Keyfile:/home/frank/block/hlf/pcxchg/crypto-config/peerOrganizations/Asus.com/ca/root/ca-key.pem Certfile:/home/frank/block/hlf/pcxchg/crypto-config/peerOrganizations/Asus.com/ca/root/ca-cert.pem Chainfile:/home/frank/block/hlf/pcxchg/crypto-config/peerOrganizations/Asus.com/ca/root/ca-chain.pem} Signing:0xc4203092a0 CSR:{CN:fabric-ca-server Names:[{C:US ST:North Carolina L: O:Hyperledger OU:Fabric SerialNumber:}] Hosts:[frank-VirtualBox localhost] KeyRequest:0xc420320580 CA:0xc4202db340 SerialNumber:} Registry:{MaxEnrollments:-1 Identities:[{ Name:**** Pass:**** Type:client Affiliation: MaxEnrollments:0 Attrs:map[hf.Revoker:1 hf.IntermediateCA:1 hf.GenCRL:1 hf.Registrar.Attributes:* hf.AffiliationMgr:1 hf.Registrar.Roles:peer,orderer,client,user hf.Registrar.DelegateRoles:peer,orderer,client,user]  }]} Affiliations:map[org1:[department1 department2] org2:[department1]] LDAP:{ Enabled:false URL:ldap://****:****@<host>:<port>/<base> UserFilter:(uid=%s) GroupFilter:(memberUid=%s) Attribute:{[uid member] [{ }] map[groups:[{ }]]} TLS:{false [] { }}  } DB:{ Type:sqlite3 Datasource:/home/frank/block/hlf/pcxchg/crypto-config/peerOrganizations/Asus.com/ca/root/fabric-ca-server.db TLS:{false [] { }}  } CSP:0xc4202e14a0 Client:<nil> Intermediate:{ParentServer:{ URL: CAName:  } TLS:{Enabled:false CertFiles:[] Client:{KeyFile: CertFile:}} Enrollment:{ Name: Secret:**** Profile: Label: CSR:<nil> CAName: AttrReqs:[]  }} CRL:{Expiry:24h0m0s}}
2018/04/19 15:55:49 [DEBUG] DB: Getting identity peer1.Asus.com
2018/04/19 15:55:49 [DEBUG] DB: Login user peer1.Asus.com with max enrollments of -1 and state of 0
2018/04/19 15:55:49 [DEBUG] DB: identity peer1.Asus.com successfully logged in
2018/04/19 15:55:49 [DEBUG] Processing sign request: id=peer1.Asus.com, CommonName=peer1.Asus.com, Subject=<nil>
2018/04/19 15:55:49 [DEBUG] Request is not for a CA signing certificate
2018/04/19 15:55:49 [DEBUG] Checking CSR fields to make sure that they do not exceed maximum character limits
2018/04/19 15:55:49 [DEBUG] DB: Getting identity peer1.Asus.com
2018/04/19 15:55:49 [DEBUG] Finished processing sign request
2018/04/19 15:55:49 [DEBUG] DB: Getting identity peer1.Asus.com
2018/04/19 15:55:49 [DEBUG] Attribute extension being added to certificate is: &{ID:[1 2 3 4 5 6 7 8 1] Critical:false Value:7b226174747273223a7b2268662e416666696c696174696f6e223a226f726731222c2268662e456e726f6c6c6d656e744944223a2270656572312e417375732e636f6d222c2268662e54797065223a2275736572227d7d}
2018/04/19 15:55:49 [DEBUG] Adding attribute extension to CSR: &{ID:[1 2 3 4 5 6 7 8 1] Critical:false Value:7b226174747273223a7b2268662e416666696c696174696f6e223a226f726731222c2268662e456e726f6c6c6d656e744944223a2270656572312e417375732e636f6d222c2268662e54797065223a2275736572227d7d}
2018/04/19 15:55:49 [INFO] signed certificate with serial number 660397838775640776163113509969625794553221457328
2018/04/19 15:55:49 [DEBUG] DB: Insert Certificate
2018/04/19 15:55:49 [DEBUG] Saved serial number as hex 73ad4365f0a60f146d8b49c9ddf2fc72a5c7a5b0
2018/04/19 15:55:49 [DEBUG] saved certificate with serial number 660397838775640776163113509969625794553221457328
2018/04/19 15:55:49 [DEBUG] Successfully incremented state for identity peer1.Asus.com to 1
2018/04/19 15:55:49 [INFO] 127.0.0.1:58454 POST /enroll 201 0 "OK"
2018/04/19 15:55:50 [DEBUG] Received request for /cainfo
2018/04/19 15:55:50 [INFO] 127.0.0.1:58456 POST /cainfo 200 0 "OK"
