2018/04/19 15:55:54 [INFO] Created default configuration file at /home/frank/block/hlf/pcxchg/crypto-config/peerOrganizations/HP.com/ca/root/fabric-ca-server-config.yaml
2018/04/19 15:55:54 [INFO] Starting server in home directory: /home/frank/block/hlf/pcxchg/crypto-config/peerOrganizations/HP.com/ca/root
2018/04/19 15:55:54 [INFO] Server Version: 1.1.1-snapshot-e656889
2018/04/19 15:55:54 [INFO] Server Levels: &{Identity:1 Affiliation:1 Certificate:1}
2018/04/19 15:55:54 [DEBUG] Making server filenames absolute
2018/04/19 15:55:54 [DEBUG] Initializing default CA in directory /home/frank/block/hlf/pcxchg/crypto-config/peerOrganizations/HP.com/ca/root
2018/04/19 15:55:54 [DEBUG] Init CA with home /home/frank/block/hlf/pcxchg/crypto-config/peerOrganizations/HP.com/ca/root and config {Version:1.1.1-snapshot-e656889 Cfg:{Identities:{AllowRemove:false} Affiliations:{AllowRemove:false}} CA:{Name: Keyfile: Certfile:ca-cert.pem Chainfile:ca-chain.pem} Signing:0xc420305d30 CSR:{CN:fabric-ca-server Names:[{C:US ST:North Carolina L: O:Hyperledger OU:Fabric SerialNumber:}] Hosts:[frank-VirtualBox localhost] KeyRequest:<nil> CA:0xc4202d59c0 SerialNumber:} Registry:{MaxEnrollments:-1 Identities:[{ Name:**** Pass:**** Type:client Affiliation: MaxEnrollments:0 Attrs:map[hf.AffiliationMgr:1 hf.Registrar.Roles:peer,orderer,client,user hf.Registrar.DelegateRoles:peer,orderer,client,user hf.Revoker:1 hf.IntermediateCA:1 hf.GenCRL:1 hf.Registrar.Attributes:*]  }]} Affiliations:map[org1:[department1 department2] org2:[department1]] LDAP:{ Enabled:false URL:ldap://****:****@<host>:<port>/<base> UserFilter:(uid=%s) GroupFilter:(memberUid=%s) Attribute:{[uid member] [{ }] map[groups:[{ }]]} TLS:{false [] { }}  } DB:{ Type:sqlite3 Datasource:fabric-ca-server.db TLS:{false [] { }}  } CSP:0xc4202e3680 Client:<nil> Intermediate:{ParentServer:{ URL: CAName:  } TLS:{Enabled:false CertFiles:[] Client:{KeyFile: CertFile:}} Enrollment:{ Name: Secret:**** Profile: Label: CSR:<nil> CAName: AttrReqs:[]  }} CRL:{Expiry:24h0m0s}}
2018/04/19 15:55:54 [DEBUG] CA Home Directory: /home/frank/block/hlf/pcxchg/crypto-config/peerOrganizations/HP.com/ca/root
2018/04/19 15:55:54 [DEBUG] Checking configuration file version '1.1.1-snapshot-e656889' against server version: '1.1.1-snapshot-e656889'
2018/04/19 15:55:54 [DEBUG] Initializing BCCSP: &{ProviderName:SW SwOpts:0xc4202e36e0 PluginOpts:<nil> Pkcs11Opts:<nil>}
2018/04/19 15:55:54 [DEBUG] Initializing BCCSP with software options &{SecLevel:256 HashFamily:SHA2 Ephemeral:false FileKeystore:0xc42031c160 DummyKeystore:<nil>}
2018/04/19 15:55:54 [DEBUG] Initialize key material
2018/04/19 15:55:54 [DEBUG] Making CA filenames absolute
2018/04/19 15:55:54 [DEBUG] Root CA certificate request: {CN:fabric-ca-server Names:[{C:US ST:North Carolina L: O:Hyperledger OU:Fabric SerialNumber:}] Hosts:[frank-VirtualBox localhost] KeyRequest:0xc42031a5a0 CA:0xc4202d59c0 SerialNumber:}
2018/04/19 15:55:54 [INFO] generating key: &{A:ecdsa S:256}
2018/04/19 15:55:54 [DEBUG] generate key from request: algo=ecdsa, size=256
2018/04/19 15:55:54 [INFO] encoded CSR
2018/04/19 15:55:54 [DEBUG] validating configuration
2018/04/19 15:55:54 [DEBUG] validate local profile
2018/04/19 15:55:54 [DEBUG] profile is valid
2018/04/19 15:55:54 [INFO] signed certificate with serial number 24217019433489896136899707782572591834153456405
2018/04/19 15:55:54 [INFO] The CA key and certificate were generated for CA 
2018/04/19 15:55:54 [INFO] The key was stored by BCCSP provider 'SW'
2018/04/19 15:55:54 [INFO] The certificate is at: /home/frank/block/hlf/pcxchg/crypto-config/peerOrganizations/HP.com/ca/root/ca-cert.pem
2018/04/19 15:55:54 [DEBUG] Initializing DB
2018/04/19 15:55:54 [DEBUG] Initializing 'sqlite3' database at '/home/frank/block/hlf/pcxchg/crypto-config/peerOrganizations/HP.com/ca/root/fabric-ca-server.db'
2018/04/19 15:55:54 [DEBUG] Using sqlite database, connect to database in home (/home/frank/block/hlf/pcxchg/crypto-config/peerOrganizations/HP.com/ca/root/fabric-ca-server.db) directory
2018/04/19 15:55:54 [DEBUG] Creating SQLite database (/home/frank/block/hlf/pcxchg/crypto-config/peerOrganizations/HP.com/ca/root/fabric-ca-server.db) if it does not exist...
2018/04/19 15:55:54 [DEBUG] Creating users table if it does not exist
2018/04/19 15:55:54 [DEBUG] Creating affiliations table if it does not exist
2018/04/19 15:55:54 [DEBUG] Creating certificates table if it does not exist
2018/04/19 15:55:54 [DEBUG] Creating properties table if it does not exist
2018/04/19 15:55:54 [DEBUG] Successfully opened sqlite3 DB
2018/04/19 15:55:54 [DEBUG] Checking database schema...
2018/04/19 15:55:54 [DEBUG] Update SQLite schema, if using outdated schema
2018/04/19 15:55:54 [DEBUG] Upgrade identities table
2018/04/19 15:55:54 [DEBUG] Creating users table if it does not exist
2018/04/19 15:55:54 [DEBUG] Upgrade affiliation table
2018/04/19 15:55:54 [DEBUG] Creating affiliations table if it does not exist
2018/04/19 15:55:54 [DEBUG] Upgrade certificates table
2018/04/19 15:55:54 [DEBUG] Creating certificates table if it does not exist
2018/04/19 15:55:54 [DEBUG] Initializing identity registry
2018/04/19 15:55:54 [DEBUG] Initialized DB identity registry
2018/04/19 15:55:54 [DEBUG] DB: Get properties [identity.level affiliation.level certificate.level]
2018/04/19 15:55:54 [DEBUG] Checking database levels 'map[certificate.level:0 identity.level:0 affiliation.level:0]' against server levels '&{Identity:1 Affiliation:1 Certificate:1}'
2018/04/19 15:55:54 [DEBUG] Loading identity table
2018/04/19 15:55:54 [DEBUG] Loading identity 'admin'
2018/04/19 15:55:54 [DEBUG] DB: Getting identity admin
2018/04/19 15:55:54 [DEBUG] Max enrollment value verification - User specified max enrollment: 0, CA max enrollment: -1
2018/04/19 15:55:54 [DEBUG] DB: Add identity admin
2018/04/19 15:55:54 [DEBUG] Successfully added identity admin to the database
2018/04/19 15:55:54 [DEBUG] Registered identity: { Name:**** Pass:**** Type:client Affiliation: MaxEnrollments:-1 Attrs:map[hf.AffiliationMgr:1 hf.Registrar.Roles:peer,orderer,client,user hf.Registrar.DelegateRoles:peer,orderer,client,user hf.Revoker:1 hf.IntermediateCA:1 hf.GenCRL:1 hf.Registrar.Attributes:*]  }
2018/04/19 15:55:54 [DEBUG] Successfully loaded identity table
2018/04/19 15:55:54 [DEBUG] Loading affiliations table
2018/04/19 15:55:54 [DEBUG] DB: Add affiliation org2
2018/04/19 15:55:54 [DEBUG] Affiliation 'org2' added
2018/04/19 15:55:54 [DEBUG] DB: Add affiliation org2.department1
2018/04/19 15:55:54 [DEBUG] Affiliation 'org2.department1' added
2018/04/19 15:55:54 [DEBUG] DB: Add affiliation org1
2018/04/19 15:55:54 [DEBUG] Affiliation 'org1' added
2018/04/19 15:55:54 [DEBUG] DB: Add affiliation org1.department1
2018/04/19 15:55:54 [DEBUG] Affiliation 'org1.department1' added
2018/04/19 15:55:54 [DEBUG] DB: Add affiliation org1.department2
2018/04/19 15:55:54 [DEBUG] Affiliation 'org1.department2' added
2018/04/19 15:55:54 [DEBUG] Successfully loaded affiliations table
2018/04/19 15:55:54 [DEBUG] Checking and performing migration, if needed
2018/04/19 15:55:54 [DEBUG] Updating database level to &{Identity:1 Affiliation:1 Certificate:1}
2018/04/19 15:55:54 [INFO] Initialized sqlite3 database at /home/frank/block/hlf/pcxchg/crypto-config/peerOrganizations/HP.com/ca/root/fabric-ca-server.db
2018/04/19 15:55:54 [DEBUG] Initializing enrollment signer
2018/04/19 15:55:54 [DEBUG] validating configuration
2018/04/19 15:55:54 [DEBUG] validate local profile
2018/04/19 15:55:54 [DEBUG] profile is valid
2018/04/19 15:55:54 [DEBUG] validate local profile
2018/04/19 15:55:54 [DEBUG] profile is valid
2018/04/19 15:55:54 [DEBUG] validate local profile
2018/04/19 15:55:54 [DEBUG] profile is valid
2018/04/19 15:55:54 [DEBUG] CA initialization successful
2018/04/19 15:55:54 [INFO] Home directory for default CA: /home/frank/block/hlf/pcxchg/crypto-config/peerOrganizations/HP.com/ca/root
2018/04/19 15:55:54 [DEBUG] 1 CA instance(s) running on server
2018/04/19 15:55:54 [INFO] Listening on http://0.0.0.0:7106
2018/04/19 15:55:55 [DEBUG] Received request for /enroll
2018/04/19 15:55:55 [DEBUG] ca.Config: &{Version:1.1.1-snapshot-e656889 Cfg:{Identities:{AllowRemove:false} Affiliations:{AllowRemove:false}} CA:{Name: Keyfile:/home/frank/block/hlf/pcxchg/crypto-config/peerOrganizations/HP.com/ca/root/ca-key.pem Certfile:/home/frank/block/hlf/pcxchg/crypto-config/peerOrganizations/HP.com/ca/root/ca-cert.pem Chainfile:/home/frank/block/hlf/pcxchg/crypto-config/peerOrganizations/HP.com/ca/root/ca-chain.pem} Signing:0xc420305d30 CSR:{CN:fabric-ca-server Names:[{C:US ST:North Carolina L: O:Hyperledger OU:Fabric SerialNumber:}] Hosts:[frank-VirtualBox localhost] KeyRequest:0xc42031a580 CA:0xc4202d59c0 SerialNumber:} Registry:{MaxEnrollments:-1 Identities:[{ Name:**** Pass:**** Type:client Affiliation: MaxEnrollments:0 Attrs:map[hf.Revoker:1 hf.IntermediateCA:1 hf.GenCRL:1 hf.Registrar.Attributes:* hf.AffiliationMgr:1 hf.Registrar.Roles:peer,orderer,client,user hf.Registrar.DelegateRoles:peer,orderer,client,user]  }]} Affiliations:map[org1:[department1 department2] org2:[department1]] LDAP:{ Enabled:false URL:ldap://****:****@<host>:<port>/<base> UserFilter:(uid=%s) GroupFilter:(memberUid=%s) Attribute:{[uid member] [{ }] map[groups:[{ }]]} TLS:{false [] { }}  } DB:{ Type:sqlite3 Datasource:/home/frank/block/hlf/pcxchg/crypto-config/peerOrganizations/HP.com/ca/root/fabric-ca-server.db TLS:{false [] { }}  } CSP:0xc4202e3680 Client:<nil> Intermediate:{ParentServer:{ URL: CAName:  } TLS:{Enabled:false CertFiles:[] Client:{KeyFile: CertFile:}} Enrollment:{ Name: Secret:**** Profile: Label: CSR:<nil> CAName: AttrReqs:[]  }} CRL:{Expiry:24h0m0s}}
2018/04/19 15:55:55 [DEBUG] DB: Getting identity admin
2018/04/19 15:55:55 [DEBUG] DB: Login user admin with max enrollments of -1 and state of 0
2018/04/19 15:55:55 [DEBUG] DB: identity admin successfully logged in
2018/04/19 15:55:55 [DEBUG] Processing sign request: id=admin, CommonName=admin, Subject=<nil>
2018/04/19 15:55:55 [DEBUG] Request is not for a CA signing certificate
2018/04/19 15:55:55 [DEBUG] Checking CSR fields to make sure that they do not exceed maximum character limits
2018/04/19 15:55:55 [DEBUG] DB: Getting identity admin
2018/04/19 15:55:55 [DEBUG] Finished processing sign request
2018/04/19 15:55:55 [DEBUG] DB: Getting identity admin
2018/04/19 15:55:55 [INFO] signed certificate with serial number 493474681566203843928105477145935810657614213306
2018/04/19 15:55:55 [DEBUG] DB: Insert Certificate
2018/04/19 15:55:55 [DEBUG] Saved serial number as hex 56702b872322ca00895549c9e2f18db628e2b0ba
2018/04/19 15:55:55 [DEBUG] saved certificate with serial number 493474681566203843928105477145935810657614213306
2018/04/19 15:55:55 [DEBUG] Successfully incremented state for identity admin to 1
2018/04/19 15:55:55 [INFO] 127.0.0.1:48838 POST /enroll 201 0 "OK"
2018/04/19 15:55:55 [DEBUG] Received request for /enroll
2018/04/19 15:55:55 [DEBUG] ca.Config: &{Version:1.1.1-snapshot-e656889 Cfg:{Identities:{AllowRemove:false} Affiliations:{AllowRemove:false}} CA:{Name: Keyfile:/home/frank/block/hlf/pcxchg/crypto-config/peerOrganizations/HP.com/ca/root/ca-key.pem Certfile:/home/frank/block/hlf/pcxchg/crypto-config/peerOrganizations/HP.com/ca/root/ca-cert.pem Chainfile:/home/frank/block/hlf/pcxchg/crypto-config/peerOrganizations/HP.com/ca/root/ca-chain.pem} Signing:0xc420305d30 CSR:{CN:fabric-ca-server Names:[{C:US ST:North Carolina L: O:Hyperledger OU:Fabric SerialNumber:}] Hosts:[frank-VirtualBox localhost] KeyRequest:0xc42031a580 CA:0xc4202d59c0 SerialNumber:} Registry:{MaxEnrollments:-1 Identities:[{ Name:**** Pass:**** Type:client Affiliation: MaxEnrollments:0 Attrs:map[hf.Revoker:1 hf.IntermediateCA:1 hf.GenCRL:1 hf.Registrar.Attributes:* hf.AffiliationMgr:1 hf.Registrar.Roles:peer,orderer,client,user hf.Registrar.DelegateRoles:peer,orderer,client,user]  }]} Affiliations:map[org1:[department1 department2] org2:[department1]] LDAP:{ Enabled:false URL:ldap://****:****@<host>:<port>/<base> UserFilter:(uid=%s) GroupFilter:(memberUid=%s) Attribute:{[uid member] [{ }] map[groups:[{ }]]} TLS:{false [] { }}  } DB:{ Type:sqlite3 Datasource:/home/frank/block/hlf/pcxchg/crypto-config/peerOrganizations/HP.com/ca/root/fabric-ca-server.db TLS:{false [] { }}  } CSP:0xc4202e3680 Client:<nil> Intermediate:{ParentServer:{ URL: CAName:  } TLS:{Enabled:false CertFiles:[] Client:{KeyFile: CertFile:}} Enrollment:{ Name: Secret:**** Profile: Label: CSR:<nil> CAName: AttrReqs:[]  }} CRL:{Expiry:24h0m0s}}
2018/04/19 15:55:55 [DEBUG] DB: Getting identity admin
2018/04/19 15:55:55 [DEBUG] DB: Login user admin with max enrollments of -1 and state of 1
2018/04/19 15:55:55 [DEBUG] DB: identity admin successfully logged in
2018/04/19 15:55:55 [DEBUG] Processing sign request: id=admin, CommonName=admin, Subject=<nil>
2018/04/19 15:55:55 [DEBUG] Request is not for a CA signing certificate
2018/04/19 15:55:55 [DEBUG] Checking CSR fields to make sure that they do not exceed maximum character limits
2018/04/19 15:55:55 [DEBUG] DB: Getting identity admin
2018/04/19 15:55:55 [DEBUG] Finished processing sign request
2018/04/19 15:55:55 [DEBUG] DB: Getting identity admin
2018/04/19 15:55:55 [INFO] signed certificate with serial number 239106433790825548943754650282015604598468123687
2018/04/19 15:55:55 [DEBUG] DB: Insert Certificate
2018/04/19 15:55:55 [DEBUG] Saved serial number as hex 29e1e73f6a7b7e7dac499b1610af7d6424f61c27
2018/04/19 15:55:55 [DEBUG] saved certificate with serial number 239106433790825548943754650282015604598468123687
2018/04/19 15:55:55 [DEBUG] Successfully incremented state for identity admin to 2
2018/04/19 15:55:55 [INFO] 127.0.0.1:48840 POST /enroll 201 0 "OK"
2018/04/19 15:55:55 [DEBUG] Received request for /register
2018/04/19 15:55:55 [DEBUG] Checking for revocation/expiration of certificate owned by 'admin'
2018/04/19 15:55:55 [DEBUG] DB: Get certificate by serial (29e1e73f6a7b7e7dac499b1610af7d6424f61c27) and aki (2184dc868a7ea40a4e8a99b2ef7f3561a34840fc)
2018/04/19 15:55:55 [DEBUG] Successful token authentication of 'admin'
2018/04/19 15:55:55 [DEBUG] Received registration request from admin: { Name:nodeAdmin Type:user Secret:**** MaxEnrollments:0 Affiliation:org1 Attributes:[] CAName:  }
2018/04/19 15:55:55 [DEBUG] DB: Getting identity admin
2018/04/19 15:55:55 [DEBUG] canRegister - Check to see if user 'admin' can register
2018/04/19 15:55:55 [DEBUG] Checking to see if caller 'admin' is a registrar
2018/04/19 15:55:55 [DEBUG] Validate Affiliation
2018/04/19 15:55:55 [DEBUG] Checking to see if affiliation 'org1' contains caller's affiliation ''
2018/04/19 15:55:55 [DEBUG] Caller has root affiliation
2018/04/19 15:55:55 [DEBUG] Validate ID
2018/04/19 15:55:55 [DEBUG] Validating affiliation: org1
2018/04/19 15:55:55 [DEBUG] DB: Get affiliation org1
2018/04/19 15:55:55 [DEBUG] Registering user id: nodeAdmin
2018/04/19 15:55:55 [DEBUG] Max enrollment value verification - User specified max enrollment: 0, CA max enrollment: -1
2018/04/19 15:55:55 [DEBUG] DB: Getting identity nodeAdmin
2018/04/19 15:55:55 [DEBUG] DB: Add identity nodeAdmin
2018/04/19 15:55:55 [DEBUG] Successfully added identity nodeAdmin to the database
2018/04/19 15:55:55 [INFO] 127.0.0.1:48842 POST /register 201 0 "OK"
2018/04/19 15:55:56 [DEBUG] Received request for /enroll
2018/04/19 15:55:56 [DEBUG] ca.Config: &{Version:1.1.1-snapshot-e656889 Cfg:{Identities:{AllowRemove:false} Affiliations:{AllowRemove:false}} CA:{Name: Keyfile:/home/frank/block/hlf/pcxchg/crypto-config/peerOrganizations/HP.com/ca/root/ca-key.pem Certfile:/home/frank/block/hlf/pcxchg/crypto-config/peerOrganizations/HP.com/ca/root/ca-cert.pem Chainfile:/home/frank/block/hlf/pcxchg/crypto-config/peerOrganizations/HP.com/ca/root/ca-chain.pem} Signing:0xc420305d30 CSR:{CN:fabric-ca-server Names:[{C:US ST:North Carolina L: O:Hyperledger OU:Fabric SerialNumber:}] Hosts:[frank-VirtualBox localhost] KeyRequest:0xc42031a580 CA:0xc4202d59c0 SerialNumber:} Registry:{MaxEnrollments:-1 Identities:[{ Name:**** Pass:**** Type:client Affiliation: MaxEnrollments:0 Attrs:map[hf.Revoker:1 hf.IntermediateCA:1 hf.GenCRL:1 hf.Registrar.Attributes:* hf.AffiliationMgr:1 hf.Registrar.Roles:peer,orderer,client,user hf.Registrar.DelegateRoles:peer,orderer,client,user]  }]} Affiliations:map[org2:[department1] org1:[department1 department2]] LDAP:{ Enabled:false URL:ldap://****:****@<host>:<port>/<base> UserFilter:(uid=%s) GroupFilter:(memberUid=%s) Attribute:{[uid member] [{ }] map[groups:[{ }]]} TLS:{false [] { }}  } DB:{ Type:sqlite3 Datasource:/home/frank/block/hlf/pcxchg/crypto-config/peerOrganizations/HP.com/ca/root/fabric-ca-server.db TLS:{false [] { }}  } CSP:0xc4202e3680 Client:<nil> Intermediate:{ParentServer:{ URL: CAName:  } TLS:{Enabled:false CertFiles:[] Client:{KeyFile: CertFile:}} Enrollment:{ Name: Secret:**** Profile: Label: CSR:<nil> CAName: AttrReqs:[]  }} CRL:{Expiry:24h0m0s}}
2018/04/19 15:55:56 [DEBUG] DB: Getting identity nodeAdmin
2018/04/19 15:55:56 [DEBUG] DB: Login user nodeAdmin with max enrollments of -1 and state of 0
2018/04/19 15:55:56 [DEBUG] DB: identity nodeAdmin successfully logged in
2018/04/19 15:55:56 [DEBUG] Processing sign request: id=nodeAdmin, CommonName=nodeAdmin, Subject=<nil>
2018/04/19 15:55:56 [DEBUG] Request is not for a CA signing certificate
2018/04/19 15:55:56 [DEBUG] Checking CSR fields to make sure that they do not exceed maximum character limits
2018/04/19 15:55:56 [DEBUG] DB: Getting identity nodeAdmin
2018/04/19 15:55:56 [DEBUG] Finished processing sign request
2018/04/19 15:55:56 [DEBUG] DB: Getting identity nodeAdmin
2018/04/19 15:55:56 [DEBUG] Attribute extension being added to certificate is: &{ID:[1 2 3 4 5 6 7 8 1] Critical:false Value:7b226174747273223a7b2268662e416666696c696174696f6e223a226f726731222c2268662e456e726f6c6c6d656e744944223a226e6f646541646d696e222c2268662e54797065223a2275736572227d7d}
2018/04/19 15:55:56 [DEBUG] Adding attribute extension to CSR: &{ID:[1 2 3 4 5 6 7 8 1] Critical:false Value:7b226174747273223a7b2268662e416666696c696174696f6e223a226f726731222c2268662e456e726f6c6c6d656e744944223a226e6f646541646d696e222c2268662e54797065223a2275736572227d7d}
2018/04/19 15:55:56 [INFO] signed certificate with serial number 650540407465147624164098480324060494362112845289
2018/04/19 15:55:56 [DEBUG] DB: Insert Certificate
2018/04/19 15:55:56 [DEBUG] Saved serial number as hex 71f33da2e46c26cb42f25c95022b66f4cd3665e9
2018/04/19 15:55:56 [DEBUG] saved certificate with serial number 650540407465147624164098480324060494362112845289
2018/04/19 15:55:56 [DEBUG] Successfully incremented state for identity nodeAdmin to 1
2018/04/19 15:55:56 [INFO] 127.0.0.1:48844 POST /enroll 201 0 "OK"
2018/04/19 15:55:56 [DEBUG] Received request for /register
2018/04/19 15:55:56 [DEBUG] Checking for revocation/expiration of certificate owned by 'admin'
2018/04/19 15:55:56 [DEBUG] DB: Get certificate by serial (29e1e73f6a7b7e7dac499b1610af7d6424f61c27) and aki (2184dc868a7ea40a4e8a99b2ef7f3561a34840fc)
2018/04/19 15:55:56 [DEBUG] Successful token authentication of 'admin'
2018/04/19 15:55:56 [DEBUG] Received registration request from admin: { Name:User1@HP.com Type:user Secret:**** MaxEnrollments:0 Affiliation:org1 Attributes:[] CAName:  }
2018/04/19 15:55:56 [DEBUG] DB: Getting identity admin
2018/04/19 15:55:56 [DEBUG] canRegister - Check to see if user 'admin' can register
2018/04/19 15:55:56 [DEBUG] Checking to see if caller 'admin' is a registrar
2018/04/19 15:55:56 [DEBUG] Validate Affiliation
2018/04/19 15:55:56 [DEBUG] Checking to see if affiliation 'org1' contains caller's affiliation ''
2018/04/19 15:55:56 [DEBUG] Caller has root affiliation
2018/04/19 15:55:56 [DEBUG] Validate ID
2018/04/19 15:55:56 [DEBUG] Validating affiliation: org1
2018/04/19 15:55:56 [DEBUG] DB: Get affiliation org1
2018/04/19 15:55:56 [DEBUG] Registering user id: User1@HP.com
2018/04/19 15:55:56 [DEBUG] Max enrollment value verification - User specified max enrollment: 0, CA max enrollment: -1
2018/04/19 15:55:56 [DEBUG] DB: Getting identity User1@HP.com
2018/04/19 15:55:56 [DEBUG] DB: Add identity User1@HP.com
2018/04/19 15:55:56 [DEBUG] Successfully added identity User1@HP.com to the database
2018/04/19 15:55:56 [INFO] 127.0.0.1:48846 POST /register 201 0 "OK"
2018/04/19 15:55:56 [DEBUG] Received request for /enroll
2018/04/19 15:55:56 [DEBUG] ca.Config: &{Version:1.1.1-snapshot-e656889 Cfg:{Identities:{AllowRemove:false} Affiliations:{AllowRemove:false}} CA:{Name: Keyfile:/home/frank/block/hlf/pcxchg/crypto-config/peerOrganizations/HP.com/ca/root/ca-key.pem Certfile:/home/frank/block/hlf/pcxchg/crypto-config/peerOrganizations/HP.com/ca/root/ca-cert.pem Chainfile:/home/frank/block/hlf/pcxchg/crypto-config/peerOrganizations/HP.com/ca/root/ca-chain.pem} Signing:0xc420305d30 CSR:{CN:fabric-ca-server Names:[{C:US ST:North Carolina L: O:Hyperledger OU:Fabric SerialNumber:}] Hosts:[frank-VirtualBox localhost] KeyRequest:0xc42031a580 CA:0xc4202d59c0 SerialNumber:} Registry:{MaxEnrollments:-1 Identities:[{ Name:**** Pass:**** Type:client Affiliation: MaxEnrollments:0 Attrs:map[hf.Registrar.DelegateRoles:peer,orderer,client,user hf.Revoker:1 hf.IntermediateCA:1 hf.GenCRL:1 hf.Registrar.Attributes:* hf.AffiliationMgr:1 hf.Registrar.Roles:peer,orderer,client,user]  }]} Affiliations:map[org1:[department1 department2] org2:[department1]] LDAP:{ Enabled:false URL:ldap://****:****@<host>:<port>/<base> UserFilter:(uid=%s) GroupFilter:(memberUid=%s) Attribute:{[uid member] [{ }] map[groups:[{ }]]} TLS:{false [] { }}  } DB:{ Type:sqlite3 Datasource:/home/frank/block/hlf/pcxchg/crypto-config/peerOrganizations/HP.com/ca/root/fabric-ca-server.db TLS:{false [] { }}  } CSP:0xc4202e3680 Client:<nil> Intermediate:{ParentServer:{ URL: CAName:  } TLS:{Enabled:false CertFiles:[] Client:{KeyFile: CertFile:}} Enrollment:{ Name: Secret:**** Profile: Label: CSR:<nil> CAName: AttrReqs:[]  }} CRL:{Expiry:24h0m0s}}
2018/04/19 15:55:56 [DEBUG] DB: Getting identity User1@HP.com
2018/04/19 15:55:56 [DEBUG] DB: Login user User1@HP.com with max enrollments of -1 and state of 0
2018/04/19 15:55:56 [DEBUG] DB: identity User1@HP.com successfully logged in
2018/04/19 15:55:56 [DEBUG] Processing sign request: id=User1@HP.com, CommonName=User1@HP.com, Subject=<nil>
2018/04/19 15:55:56 [DEBUG] Request is not for a CA signing certificate
2018/04/19 15:55:56 [DEBUG] Checking CSR fields to make sure that they do not exceed maximum character limits
2018/04/19 15:55:56 [DEBUG] DB: Getting identity User1@HP.com
2018/04/19 15:55:56 [DEBUG] Finished processing sign request
2018/04/19 15:55:56 [DEBUG] DB: Getting identity User1@HP.com
2018/04/19 15:55:56 [DEBUG] Attribute extension being added to certificate is: &{ID:[1 2 3 4 5 6 7 8 1] Critical:false Value:7b226174747273223a7b2268662e416666696c696174696f6e223a226f726731222c2268662e456e726f6c6c6d656e744944223a2255736572314048502e636f6d222c2268662e54797065223a2275736572227d7d}
2018/04/19 15:55:56 [DEBUG] Adding attribute extension to CSR: &{ID:[1 2 3 4 5 6 7 8 1] Critical:false Value:7b226174747273223a7b2268662e416666696c696174696f6e223a226f726731222c2268662e456e726f6c6c6d656e744944223a2255736572314048502e636f6d222c2268662e54797065223a2275736572227d7d}
2018/04/19 15:55:56 [INFO] signed certificate with serial number 588747263300062484909912357383787252387210266521
2018/04/19 15:55:56 [DEBUG] DB: Insert Certificate
2018/04/19 15:55:56 [DEBUG] Saved serial number as hex 672057212da2aa1fee90abe11a62dff543fb0799
2018/04/19 15:55:56 [DEBUG] saved certificate with serial number 588747263300062484909912357383787252387210266521
2018/04/19 15:55:56 [DEBUG] Successfully incremented state for identity User1@HP.com to 1
2018/04/19 15:55:56 [INFO] 127.0.0.1:48848 POST /enroll 201 0 "OK"
2018/04/19 15:55:56 [DEBUG] Received request for /enroll
2018/04/19 15:55:56 [DEBUG] ca.Config: &{Version:1.1.1-snapshot-e656889 Cfg:{Identities:{AllowRemove:false} Affiliations:{AllowRemove:false}} CA:{Name: Keyfile:/home/frank/block/hlf/pcxchg/crypto-config/peerOrganizations/HP.com/ca/root/ca-key.pem Certfile:/home/frank/block/hlf/pcxchg/crypto-config/peerOrganizations/HP.com/ca/root/ca-cert.pem Chainfile:/home/frank/block/hlf/pcxchg/crypto-config/peerOrganizations/HP.com/ca/root/ca-chain.pem} Signing:0xc420305d30 CSR:{CN:fabric-ca-server Names:[{C:US ST:North Carolina L: O:Hyperledger OU:Fabric SerialNumber:}] Hosts:[frank-VirtualBox localhost] KeyRequest:0xc42031a580 CA:0xc4202d59c0 SerialNumber:} Registry:{MaxEnrollments:-1 Identities:[{ Name:**** Pass:**** Type:client Affiliation: MaxEnrollments:0 Attrs:map[hf.Registrar.Attributes:* hf.AffiliationMgr:1 hf.Registrar.Roles:peer,orderer,client,user hf.Registrar.DelegateRoles:peer,orderer,client,user hf.Revoker:1 hf.IntermediateCA:1 hf.GenCRL:1]  }]} Affiliations:map[org2:[department1] org1:[department1 department2]] LDAP:{ Enabled:false URL:ldap://****:****@<host>:<port>/<base> UserFilter:(uid=%s) GroupFilter:(memberUid=%s) Attribute:{[uid member] [{ }] map[groups:[{ }]]} TLS:{false [] { }}  } DB:{ Type:sqlite3 Datasource:/home/frank/block/hlf/pcxchg/crypto-config/peerOrganizations/HP.com/ca/root/fabric-ca-server.db TLS:{false [] { }}  } CSP:0xc4202e3680 Client:<nil> Intermediate:{ParentServer:{ URL: CAName:  } TLS:{Enabled:false CertFiles:[] Client:{KeyFile: CertFile:}} Enrollment:{ Name: Secret:**** Profile: Label: CSR:<nil> CAName: AttrReqs:[]  }} CRL:{Expiry:24h0m0s}}
2018/04/19 15:55:56 [DEBUG] DB: Getting identity admin
2018/04/19 15:55:56 [DEBUG] DB: Login user admin with max enrollments of -1 and state of 2
2018/04/19 15:55:57 [DEBUG] DB: identity admin successfully logged in
2018/04/19 15:55:57 [DEBUG] Processing sign request: id=admin, CommonName=admin, Subject=<nil>
2018/04/19 15:55:57 [DEBUG] Request is not for a CA signing certificate
2018/04/19 15:55:57 [DEBUG] Checking CSR fields to make sure that they do not exceed maximum character limits
2018/04/19 15:55:57 [DEBUG] DB: Getting identity admin
2018/04/19 15:55:57 [DEBUG] Finished processing sign request
2018/04/19 15:55:57 [DEBUG] DB: Getting identity admin
2018/04/19 15:55:57 [INFO] signed certificate with serial number 304729391526848973204972144437900299174223656716
2018/04/19 15:55:57 [DEBUG] DB: Insert Certificate
2018/04/19 15:55:57 [DEBUG] Saved serial number as hex 356089dbac5e0bdc8bece586a28a70eb9ae1b70c
2018/04/19 15:55:57 [DEBUG] saved certificate with serial number 304729391526848973204972144437900299174223656716
2018/04/19 15:55:57 [DEBUG] Successfully incremented state for identity admin to 3
2018/04/19 15:55:57 [INFO] 127.0.0.1:48850 POST /enroll 201 0 "OK"
2018/04/19 15:55:57 [DEBUG] Received request for /register
2018/04/19 15:55:57 [DEBUG] Checking for revocation/expiration of certificate owned by 'admin'
2018/04/19 15:55:57 [DEBUG] DB: Get certificate by serial (29e1e73f6a7b7e7dac499b1610af7d6424f61c27) and aki (2184dc868a7ea40a4e8a99b2ef7f3561a34840fc)
2018/04/19 15:55:57 [DEBUG] Successful token authentication of 'admin'
2018/04/19 15:55:57 [DEBUG] Received registration request from admin: { Name:peer0.HP.com Type:user Secret:**** MaxEnrollments:0 Affiliation:org1 Attributes:[] CAName:  }
2018/04/19 15:55:57 [DEBUG] DB: Getting identity admin
2018/04/19 15:55:57 [DEBUG] canRegister - Check to see if user 'admin' can register
2018/04/19 15:55:57 [DEBUG] Checking to see if caller 'admin' is a registrar
2018/04/19 15:55:57 [DEBUG] Validate Affiliation
2018/04/19 15:55:57 [DEBUG] Checking to see if affiliation 'org1' contains caller's affiliation ''
2018/04/19 15:55:57 [DEBUG] Caller has root affiliation
2018/04/19 15:55:57 [DEBUG] Validate ID
2018/04/19 15:55:57 [DEBUG] Validating affiliation: org1
2018/04/19 15:55:57 [DEBUG] DB: Get affiliation org1
2018/04/19 15:55:57 [DEBUG] Registering user id: peer0.HP.com
2018/04/19 15:55:57 [DEBUG] Max enrollment value verification - User specified max enrollment: 0, CA max enrollment: -1
2018/04/19 15:55:57 [DEBUG] DB: Getting identity peer0.HP.com
2018/04/19 15:55:57 [DEBUG] DB: Add identity peer0.HP.com
2018/04/19 15:55:57 [DEBUG] Successfully added identity peer0.HP.com to the database
2018/04/19 15:55:57 [INFO] 127.0.0.1:48852 POST /register 201 0 "OK"
2018/04/19 15:55:57 [DEBUG] Received request for /enroll
2018/04/19 15:55:57 [DEBUG] ca.Config: &{Version:1.1.1-snapshot-e656889 Cfg:{Identities:{AllowRemove:false} Affiliations:{AllowRemove:false}} CA:{Name: Keyfile:/home/frank/block/hlf/pcxchg/crypto-config/peerOrganizations/HP.com/ca/root/ca-key.pem Certfile:/home/frank/block/hlf/pcxchg/crypto-config/peerOrganizations/HP.com/ca/root/ca-cert.pem Chainfile:/home/frank/block/hlf/pcxchg/crypto-config/peerOrganizations/HP.com/ca/root/ca-chain.pem} Signing:0xc420305d30 CSR:{CN:fabric-ca-server Names:[{C:US ST:North Carolina L: O:Hyperledger OU:Fabric SerialNumber:}] Hosts:[frank-VirtualBox localhost] KeyRequest:0xc42031a580 CA:0xc4202d59c0 SerialNumber:} Registry:{MaxEnrollments:-1 Identities:[{ Name:**** Pass:**** Type:client Affiliation: MaxEnrollments:0 Attrs:map[hf.IntermediateCA:1 hf.GenCRL:1 hf.Registrar.Attributes:* hf.AffiliationMgr:1 hf.Registrar.Roles:peer,orderer,client,user hf.Registrar.DelegateRoles:peer,orderer,client,user hf.Revoker:1]  }]} Affiliations:map[org1:[department1 department2] org2:[department1]] LDAP:{ Enabled:false URL:ldap://****:****@<host>:<port>/<base> UserFilter:(uid=%s) GroupFilter:(memberUid=%s) Attribute:{[uid member] [{ }] map[groups:[{ }]]} TLS:{false [] { }}  } DB:{ Type:sqlite3 Datasource:/home/frank/block/hlf/pcxchg/crypto-config/peerOrganizations/HP.com/ca/root/fabric-ca-server.db TLS:{false [] { }}  } CSP:0xc4202e3680 Client:<nil> Intermediate:{ParentServer:{ URL: CAName:  } TLS:{Enabled:false CertFiles:[] Client:{KeyFile: CertFile:}} Enrollment:{ Name: Secret:**** Profile: Label: CSR:<nil> CAName: AttrReqs:[]  }} CRL:{Expiry:24h0m0s}}
2018/04/19 15:55:57 [DEBUG] DB: Getting identity peer0.HP.com
2018/04/19 15:55:57 [DEBUG] DB: Login user peer0.HP.com with max enrollments of -1 and state of 0
2018/04/19 15:55:57 [DEBUG] DB: identity peer0.HP.com successfully logged in
2018/04/19 15:55:57 [DEBUG] Processing sign request: id=peer0.HP.com, CommonName=peer0.HP.com, Subject=<nil>
2018/04/19 15:55:57 [DEBUG] Request is not for a CA signing certificate
2018/04/19 15:55:57 [DEBUG] Checking CSR fields to make sure that they do not exceed maximum character limits
2018/04/19 15:55:57 [DEBUG] DB: Getting identity peer0.HP.com
2018/04/19 15:55:57 [DEBUG] Finished processing sign request
2018/04/19 15:55:57 [DEBUG] DB: Getting identity peer0.HP.com
2018/04/19 15:55:57 [DEBUG] Attribute extension being added to certificate is: &{ID:[1 2 3 4 5 6 7 8 1] Critical:false Value:7b226174747273223a7b2268662e416666696c696174696f6e223a226f726731222c2268662e456e726f6c6c6d656e744944223a2270656572302e48502e636f6d222c2268662e54797065223a2275736572227d7d}
2018/04/19 15:55:57 [DEBUG] Adding attribute extension to CSR: &{ID:[1 2 3 4 5 6 7 8 1] Critical:false Value:7b226174747273223a7b2268662e416666696c696174696f6e223a226f726731222c2268662e456e726f6c6c6d656e744944223a2270656572302e48502e636f6d222c2268662e54797065223a2275736572227d7d}
2018/04/19 15:55:57 [INFO] signed certificate with serial number 694298174654824904651161231502670875376600889590
2018/04/19 15:55:57 [DEBUG] DB: Insert Certificate
2018/04/19 15:55:57 [DEBUG] Saved serial number as hex 799d682b3b80a11f96423a68f60df506185238f6
2018/04/19 15:55:57 [DEBUG] saved certificate with serial number 694298174654824904651161231502670875376600889590
2018/04/19 15:55:57 [DEBUG] Successfully incremented state for identity peer0.HP.com to 1
2018/04/19 15:55:57 [INFO] 127.0.0.1:48854 POST /enroll 201 0 "OK"
2018/04/19 15:55:57 [DEBUG] Received request for /enroll
2018/04/19 15:55:57 [DEBUG] ca.Config: &{Version:1.1.1-snapshot-e656889 Cfg:{Identities:{AllowRemove:false} Affiliations:{AllowRemove:false}} CA:{Name: Keyfile:/home/frank/block/hlf/pcxchg/crypto-config/peerOrganizations/HP.com/ca/root/ca-key.pem Certfile:/home/frank/block/hlf/pcxchg/crypto-config/peerOrganizations/HP.com/ca/root/ca-cert.pem Chainfile:/home/frank/block/hlf/pcxchg/crypto-config/peerOrganizations/HP.com/ca/root/ca-chain.pem} Signing:0xc420305d30 CSR:{CN:fabric-ca-server Names:[{C:US ST:North Carolina L: O:Hyperledger OU:Fabric SerialNumber:}] Hosts:[frank-VirtualBox localhost] KeyRequest:0xc42031a580 CA:0xc4202d59c0 SerialNumber:} Registry:{MaxEnrollments:-1 Identities:[{ Name:**** Pass:**** Type:client Affiliation: MaxEnrollments:0 Attrs:map[hf.Revoker:1 hf.IntermediateCA:1 hf.GenCRL:1 hf.Registrar.Attributes:* hf.AffiliationMgr:1 hf.Registrar.Roles:peer,orderer,client,user hf.Registrar.DelegateRoles:peer,orderer,client,user]  }]} Affiliations:map[org2:[department1] org1:[department1 department2]] LDAP:{ Enabled:false URL:ldap://****:****@<host>:<port>/<base> UserFilter:(uid=%s) GroupFilter:(memberUid=%s) Attribute:{[uid member] [{ }] map[groups:[{ }]]} TLS:{false [] { }}  } DB:{ Type:sqlite3 Datasource:/home/frank/block/hlf/pcxchg/crypto-config/peerOrganizations/HP.com/ca/root/fabric-ca-server.db TLS:{false [] { }}  } CSP:0xc4202e3680 Client:<nil> Intermediate:{ParentServer:{ URL: CAName:  } TLS:{Enabled:false CertFiles:[] Client:{KeyFile: CertFile:}} Enrollment:{ Name: Secret:**** Profile: Label: CSR:<nil> CAName: AttrReqs:[]  }} CRL:{Expiry:24h0m0s}}
2018/04/19 15:55:57 [DEBUG] DB: Getting identity admin
2018/04/19 15:55:57 [DEBUG] DB: Login user admin with max enrollments of -1 and state of 3
2018/04/19 15:55:57 [DEBUG] DB: identity admin successfully logged in
2018/04/19 15:55:57 [DEBUG] Processing sign request: id=admin, CommonName=admin, Subject=<nil>
2018/04/19 15:55:57 [DEBUG] Request is not for a CA signing certificate
2018/04/19 15:55:57 [DEBUG] Checking CSR fields to make sure that they do not exceed maximum character limits
2018/04/19 15:55:57 [DEBUG] DB: Getting identity admin
2018/04/19 15:55:57 [DEBUG] Finished processing sign request
2018/04/19 15:55:57 [DEBUG] DB: Getting identity admin
2018/04/19 15:55:57 [INFO] signed certificate with serial number 723975336785084069927469440117812333729031091909
2018/04/19 15:55:57 [DEBUG] DB: Insert Certificate
2018/04/19 15:55:57 [DEBUG] Saved serial number as hex 7ed02d485056bb22916b0cab95f978ca6eab76c5
2018/04/19 15:55:57 [DEBUG] saved certificate with serial number 723975336785084069927469440117812333729031091909
2018/04/19 15:55:57 [DEBUG] Successfully incremented state for identity admin to 4
2018/04/19 15:55:57 [INFO] 127.0.0.1:48856 POST /enroll 201 0 "OK"
2018/04/19 15:55:58 [DEBUG] Received request for /register
2018/04/19 15:55:58 [DEBUG] Checking for revocation/expiration of certificate owned by 'admin'
2018/04/19 15:55:58 [DEBUG] DB: Get certificate by serial (29e1e73f6a7b7e7dac499b1610af7d6424f61c27) and aki (2184dc868a7ea40a4e8a99b2ef7f3561a34840fc)
2018/04/19 15:55:58 [DEBUG] Successful token authentication of 'admin'
2018/04/19 15:55:58 [DEBUG] Received registration request from admin: { Name:peer1.HP.com Type:user Secret:**** MaxEnrollments:0 Affiliation:org1 Attributes:[] CAName:  }
2018/04/19 15:55:58 [DEBUG] DB: Getting identity admin
2018/04/19 15:55:58 [DEBUG] canRegister - Check to see if user 'admin' can register
2018/04/19 15:55:58 [DEBUG] Checking to see if caller 'admin' is a registrar
2018/04/19 15:55:58 [DEBUG] Validate Affiliation
2018/04/19 15:55:58 [DEBUG] Checking to see if affiliation 'org1' contains caller's affiliation ''
2018/04/19 15:55:58 [DEBUG] Caller has root affiliation
2018/04/19 15:55:58 [DEBUG] Validate ID
2018/04/19 15:55:58 [DEBUG] Validating affiliation: org1
2018/04/19 15:55:58 [DEBUG] DB: Get affiliation org1
2018/04/19 15:55:58 [DEBUG] Registering user id: peer1.HP.com
2018/04/19 15:55:58 [DEBUG] Max enrollment value verification - User specified max enrollment: 0, CA max enrollment: -1
2018/04/19 15:55:58 [DEBUG] DB: Getting identity peer1.HP.com
2018/04/19 15:55:58 [DEBUG] DB: Add identity peer1.HP.com
2018/04/19 15:55:58 [DEBUG] Successfully added identity peer1.HP.com to the database
2018/04/19 15:55:58 [INFO] 127.0.0.1:48858 POST /register 201 0 "OK"
2018/04/19 15:55:58 [DEBUG] Received request for /enroll
2018/04/19 15:55:58 [DEBUG] ca.Config: &{Version:1.1.1-snapshot-e656889 Cfg:{Identities:{AllowRemove:false} Affiliations:{AllowRemove:false}} CA:{Name: Keyfile:/home/frank/block/hlf/pcxchg/crypto-config/peerOrganizations/HP.com/ca/root/ca-key.pem Certfile:/home/frank/block/hlf/pcxchg/crypto-config/peerOrganizations/HP.com/ca/root/ca-cert.pem Chainfile:/home/frank/block/hlf/pcxchg/crypto-config/peerOrganizations/HP.com/ca/root/ca-chain.pem} Signing:0xc420305d30 CSR:{CN:fabric-ca-server Names:[{C:US ST:North Carolina L: O:Hyperledger OU:Fabric SerialNumber:}] Hosts:[frank-VirtualBox localhost] KeyRequest:0xc42031a580 CA:0xc4202d59c0 SerialNumber:} Registry:{MaxEnrollments:-1 Identities:[{ Name:**** Pass:**** Type:client Affiliation: MaxEnrollments:0 Attrs:map[hf.Registrar.Attributes:* hf.AffiliationMgr:1 hf.Registrar.Roles:peer,orderer,client,user hf.Registrar.DelegateRoles:peer,orderer,client,user hf.Revoker:1 hf.IntermediateCA:1 hf.GenCRL:1]  }]} Affiliations:map[org1:[department1 department2] org2:[department1]] LDAP:{ Enabled:false URL:ldap://****:****@<host>:<port>/<base> UserFilter:(uid=%s) GroupFilter:(memberUid=%s) Attribute:{[uid member] [{ }] map[groups:[{ }]]} TLS:{false [] { }}  } DB:{ Type:sqlite3 Datasource:/home/frank/block/hlf/pcxchg/crypto-config/peerOrganizations/HP.com/ca/root/fabric-ca-server.db TLS:{false [] { }}  } CSP:0xc4202e3680 Client:<nil> Intermediate:{ParentServer:{ URL: CAName:  } TLS:{Enabled:false CertFiles:[] Client:{KeyFile: CertFile:}} Enrollment:{ Name: Secret:**** Profile: Label: CSR:<nil> CAName: AttrReqs:[]  }} CRL:{Expiry:24h0m0s}}
2018/04/19 15:55:58 [DEBUG] DB: Getting identity peer1.HP.com
2018/04/19 15:55:58 [DEBUG] DB: Login user peer1.HP.com with max enrollments of -1 and state of 0
2018/04/19 15:55:58 [DEBUG] DB: identity peer1.HP.com successfully logged in
2018/04/19 15:55:58 [DEBUG] Processing sign request: id=peer1.HP.com, CommonName=peer1.HP.com, Subject=<nil>
2018/04/19 15:55:58 [DEBUG] Request is not for a CA signing certificate
2018/04/19 15:55:58 [DEBUG] Checking CSR fields to make sure that they do not exceed maximum character limits
2018/04/19 15:55:58 [DEBUG] DB: Getting identity peer1.HP.com
2018/04/19 15:55:58 [DEBUG] Finished processing sign request
2018/04/19 15:55:58 [DEBUG] DB: Getting identity peer1.HP.com
2018/04/19 15:55:58 [DEBUG] Attribute extension being added to certificate is: &{ID:[1 2 3 4 5 6 7 8 1] Critical:false Value:7b226174747273223a7b2268662e416666696c696174696f6e223a226f726731222c2268662e456e726f6c6c6d656e744944223a2270656572312e48502e636f6d222c2268662e54797065223a2275736572227d7d}
2018/04/19 15:55:58 [DEBUG] Adding attribute extension to CSR: &{ID:[1 2 3 4 5 6 7 8 1] Critical:false Value:7b226174747273223a7b2268662e416666696c696174696f6e223a226f726731222c2268662e456e726f6c6c6d656e744944223a2270656572312e48502e636f6d222c2268662e54797065223a2275736572227d7d}
2018/04/19 15:55:58 [INFO] signed certificate with serial number 256873566619506470607030166855266665064452530703
2018/04/19 15:55:58 [DEBUG] DB: Insert Certificate
2018/04/19 15:55:58 [DEBUG] Saved serial number as hex 2cfe9bee178db3bc70d2ca444f047391796f220f
2018/04/19 15:55:58 [DEBUG] saved certificate with serial number 256873566619506470607030166855266665064452530703
2018/04/19 15:55:58 [DEBUG] Successfully incremented state for identity peer1.HP.com to 1
2018/04/19 15:55:58 [INFO] 127.0.0.1:48860 POST /enroll 201 0 "OK"
2018/04/19 15:55:58 [DEBUG] Received request for /cainfo
2018/04/19 15:55:58 [INFO] 127.0.0.1:48862 POST /cainfo 200 0 "OK"
