2018/04/19 15:55:50 [INFO] Created default configuration file at /home/frank/block/hlf/pcxchg/crypto-config/peerOrganizations/Amazon.com/ca/root/fabric-ca-server-config.yaml
2018/04/19 15:55:50 [INFO] Starting server in home directory: /home/frank/block/hlf/pcxchg/crypto-config/peerOrganizations/Amazon.com/ca/root
2018/04/19 15:55:50 [INFO] Server Version: 1.1.1-snapshot-e656889
2018/04/19 15:55:50 [INFO] Server Levels: &{Identity:1 Affiliation:1 Certificate:1}
2018/04/19 15:55:50 [DEBUG] Making server filenames absolute
2018/04/19 15:55:50 [DEBUG] Initializing default CA in directory /home/frank/block/hlf/pcxchg/crypto-config/peerOrganizations/Amazon.com/ca/root
2018/04/19 15:55:50 [DEBUG] Init CA with home /home/frank/block/hlf/pcxchg/crypto-config/peerOrganizations/Amazon.com/ca/root and config {Version:1.1.1-snapshot-e656889 Cfg:{Identities:{AllowRemove:false} Affiliations:{AllowRemove:false}} CA:{Name: Keyfile: Certfile:ca-cert.pem Chainfile:ca-chain.pem} Signing:0xc42030d290 CSR:{CN:fabric-ca-server Names:[{C:US ST:North Carolina L: O:Hyperledger OU:Fabric SerialNumber:}] Hosts:[frank-VirtualBox localhost] KeyRequest:<nil> CA:0xc420324100 SerialNumber:} Registry:{MaxEnrollments:-1 Identities:[{ Name:**** Pass:**** Type:client Affiliation: MaxEnrollments:0 Attrs:map[hf.GenCRL:1 hf.Registrar.Attributes:* hf.AffiliationMgr:1 hf.Registrar.Roles:peer,orderer,client,user hf.Registrar.DelegateRoles:peer,orderer,client,user hf.Revoker:1 hf.IntermediateCA:1]  }]} Affiliations:map[org1:[department1 department2] org2:[department1]] LDAP:{ Enabled:false URL:ldap://****:****@<host>:<port>/<base> UserFilter:(uid=%s) GroupFilter:(memberUid=%s) Attribute:{[uid member] [{ }] map[groups:[{ }]]} TLS:{false [] { }}  } DB:{ Type:sqlite3 Datasource:fabric-ca-server.db TLS:{false [] { }}  } CSP:0xc4202e73e0 Client:<nil> Intermediate:{ParentServer:{ URL: CAName:  } TLS:{Enabled:false CertFiles:[] Client:{KeyFile: CertFile:}} Enrollment:{ Name: Secret:**** Profile: Label: CSR:<nil> CAName: AttrReqs:[]  }} CRL:{Expiry:24h0m0s}}
2018/04/19 15:55:50 [DEBUG] CA Home Directory: /home/frank/block/hlf/pcxchg/crypto-config/peerOrganizations/Amazon.com/ca/root
2018/04/19 15:55:50 [DEBUG] Checking configuration file version '1.1.1-snapshot-e656889' against server version: '1.1.1-snapshot-e656889'
2018/04/19 15:55:50 [DEBUG] Initializing BCCSP: &{ProviderName:SW SwOpts:0xc4202e7440 PluginOpts:<nil> Pkcs11Opts:<nil>}
2018/04/19 15:55:50 [DEBUG] Initializing BCCSP with software options &{SecLevel:256 HashFamily:SHA2 Ephemeral:false FileKeystore:0xc420320980 DummyKeystore:<nil>}
2018/04/19 15:55:50 [DEBUG] Initialize key material
2018/04/19 15:55:50 [DEBUG] Making CA filenames absolute
2018/04/19 15:55:50 [DEBUG] Root CA certificate request: {CN:fabric-ca-server Names:[{C:US ST:North Carolina L: O:Hyperledger OU:Fabric SerialNumber:}] Hosts:[frank-VirtualBox localhost] KeyRequest:0xc4203245e0 CA:0xc420324100 SerialNumber:}
2018/04/19 15:55:50 [INFO] generating key: &{A:ecdsa S:256}
2018/04/19 15:55:50 [DEBUG] generate key from request: algo=ecdsa, size=256
2018/04/19 15:55:50 [INFO] encoded CSR
2018/04/19 15:55:50 [DEBUG] validating configuration
2018/04/19 15:55:50 [DEBUG] validate local profile
2018/04/19 15:55:50 [DEBUG] profile is valid
2018/04/19 15:55:50 [INFO] signed certificate with serial number 502129596987180170575229322557285532097460195426
2018/04/19 15:55:50 [INFO] The CA key and certificate were generated for CA 
2018/04/19 15:55:50 [INFO] The key was stored by BCCSP provider 'SW'
2018/04/19 15:55:50 [INFO] The certificate is at: /home/frank/block/hlf/pcxchg/crypto-config/peerOrganizations/Amazon.com/ca/root/ca-cert.pem
2018/04/19 15:55:50 [DEBUG] Initializing DB
2018/04/19 15:55:50 [DEBUG] Initializing 'sqlite3' database at '/home/frank/block/hlf/pcxchg/crypto-config/peerOrganizations/Amazon.com/ca/root/fabric-ca-server.db'
2018/04/19 15:55:50 [DEBUG] Using sqlite database, connect to database in home (/home/frank/block/hlf/pcxchg/crypto-config/peerOrganizations/Amazon.com/ca/root/fabric-ca-server.db) directory
2018/04/19 15:55:50 [DEBUG] Creating SQLite database (/home/frank/block/hlf/pcxchg/crypto-config/peerOrganizations/Amazon.com/ca/root/fabric-ca-server.db) if it does not exist...
2018/04/19 15:55:50 [DEBUG] Creating users table if it does not exist
2018/04/19 15:55:50 [DEBUG] Creating affiliations table if it does not exist
2018/04/19 15:55:50 [DEBUG] Creating certificates table if it does not exist
2018/04/19 15:55:50 [DEBUG] Creating properties table if it does not exist
2018/04/19 15:55:50 [DEBUG] Successfully opened sqlite3 DB
2018/04/19 15:55:50 [DEBUG] Checking database schema...
2018/04/19 15:55:50 [DEBUG] Update SQLite schema, if using outdated schema
2018/04/19 15:55:50 [DEBUG] Upgrade identities table
2018/04/19 15:55:50 [DEBUG] Creating users table if it does not exist
2018/04/19 15:55:50 [DEBUG] Upgrade affiliation table
2018/04/19 15:55:50 [DEBUG] Creating affiliations table if it does not exist
2018/04/19 15:55:50 [DEBUG] Upgrade certificates table
2018/04/19 15:55:50 [DEBUG] Creating certificates table if it does not exist
2018/04/19 15:55:50 [DEBUG] Initializing identity registry
2018/04/19 15:55:50 [DEBUG] Initialized DB identity registry
2018/04/19 15:55:50 [DEBUG] DB: Get properties [identity.level affiliation.level certificate.level]
2018/04/19 15:55:50 [DEBUG] Checking database levels 'map[affiliation.level:0 certificate.level:0 identity.level:0]' against server levels '&{Identity:1 Affiliation:1 Certificate:1}'
2018/04/19 15:55:50 [DEBUG] Loading identity table
2018/04/19 15:55:50 [DEBUG] Loading identity 'admin'
2018/04/19 15:55:50 [DEBUG] DB: Getting identity admin
2018/04/19 15:55:50 [DEBUG] Max enrollment value verification - User specified max enrollment: 0, CA max enrollment: -1
2018/04/19 15:55:50 [DEBUG] DB: Add identity admin
2018/04/19 15:55:50 [DEBUG] Successfully added identity admin to the database
2018/04/19 15:55:50 [DEBUG] Registered identity: { Name:**** Pass:**** Type:client Affiliation: MaxEnrollments:-1 Attrs:map[hf.Registrar.Attributes:* hf.AffiliationMgr:1 hf.Registrar.Roles:peer,orderer,client,user hf.Registrar.DelegateRoles:peer,orderer,client,user hf.Revoker:1 hf.IntermediateCA:1 hf.GenCRL:1]  }
2018/04/19 15:55:50 [DEBUG] Successfully loaded identity table
2018/04/19 15:55:50 [DEBUG] Loading affiliations table
2018/04/19 15:55:50 [DEBUG] DB: Add affiliation org2
2018/04/19 15:55:50 [DEBUG] Affiliation 'org2' added
2018/04/19 15:55:50 [DEBUG] DB: Add affiliation org2.department1
2018/04/19 15:55:50 [DEBUG] Affiliation 'org2.department1' added
2018/04/19 15:55:50 [DEBUG] DB: Add affiliation org1
2018/04/19 15:55:50 [DEBUG] Affiliation 'org1' added
2018/04/19 15:55:50 [DEBUG] DB: Add affiliation org1.department1
2018/04/19 15:55:50 [DEBUG] Affiliation 'org1.department1' added
2018/04/19 15:55:50 [DEBUG] DB: Add affiliation org1.department2
2018/04/19 15:55:50 [DEBUG] Affiliation 'org1.department2' added
2018/04/19 15:55:50 [DEBUG] Successfully loaded affiliations table
2018/04/19 15:55:50 [DEBUG] Checking and performing migration, if needed
2018/04/19 15:55:50 [DEBUG] Updating database level to &{Identity:1 Affiliation:1 Certificate:1}
2018/04/19 15:55:50 [INFO] Initialized sqlite3 database at /home/frank/block/hlf/pcxchg/crypto-config/peerOrganizations/Amazon.com/ca/root/fabric-ca-server.db
2018/04/19 15:55:50 [DEBUG] Initializing enrollment signer
2018/04/19 15:55:50 [DEBUG] validating configuration
2018/04/19 15:55:50 [DEBUG] validate local profile
2018/04/19 15:55:50 [DEBUG] profile is valid
2018/04/19 15:55:50 [DEBUG] validate local profile
2018/04/19 15:55:50 [DEBUG] profile is valid
2018/04/19 15:55:50 [DEBUG] validate local profile
2018/04/19 15:55:50 [DEBUG] profile is valid
2018/04/19 15:55:50 [DEBUG] CA initialization successful
2018/04/19 15:55:50 [INFO] Home directory for default CA: /home/frank/block/hlf/pcxchg/crypto-config/peerOrganizations/Amazon.com/ca/root
2018/04/19 15:55:50 [DEBUG] 1 CA instance(s) running on server
2018/04/19 15:55:50 [INFO] Listening on http://0.0.0.0:7104
2018/04/19 15:55:51 [DEBUG] Received request for /enroll
2018/04/19 15:55:51 [DEBUG] ca.Config: &{Version:1.1.1-snapshot-e656889 Cfg:{Identities:{AllowRemove:false} Affiliations:{AllowRemove:false}} CA:{Name: Keyfile:/home/frank/block/hlf/pcxchg/crypto-config/peerOrganizations/Amazon.com/ca/root/ca-key.pem Certfile:/home/frank/block/hlf/pcxchg/crypto-config/peerOrganizations/Amazon.com/ca/root/ca-cert.pem Chainfile:/home/frank/block/hlf/pcxchg/crypto-config/peerOrganizations/Amazon.com/ca/root/ca-chain.pem} Signing:0xc42030d290 CSR:{CN:fabric-ca-server Names:[{C:US ST:North Carolina L: O:Hyperledger OU:Fabric SerialNumber:}] Hosts:[frank-VirtualBox localhost] KeyRequest:0xc4203245c0 CA:0xc420324100 SerialNumber:} Registry:{MaxEnrollments:-1 Identities:[{ Name:**** Pass:**** Type:client Affiliation: MaxEnrollments:0 Attrs:map[hf.Registrar.Roles:peer,orderer,client,user hf.Registrar.DelegateRoles:peer,orderer,client,user hf.Revoker:1 hf.IntermediateCA:1 hf.GenCRL:1 hf.Registrar.Attributes:* hf.AffiliationMgr:1]  }]} Affiliations:map[org1:[department1 department2] org2:[department1]] LDAP:{ Enabled:false URL:ldap://****:****@<host>:<port>/<base> UserFilter:(uid=%s) GroupFilter:(memberUid=%s) Attribute:{[uid member] [{ }] map[groups:[{ }]]} TLS:{false [] { }}  } DB:{ Type:sqlite3 Datasource:/home/frank/block/hlf/pcxchg/crypto-config/peerOrganizations/Amazon.com/ca/root/fabric-ca-server.db TLS:{false [] { }}  } CSP:0xc4202e73e0 Client:<nil> Intermediate:{ParentServer:{ URL: CAName:  } TLS:{Enabled:false CertFiles:[] Client:{KeyFile: CertFile:}} Enrollment:{ Name: Secret:**** Profile: Label: CSR:<nil> CAName: AttrReqs:[]  }} CRL:{Expiry:24h0m0s}}
2018/04/19 15:55:51 [DEBUG] DB: Getting identity admin
2018/04/19 15:55:51 [DEBUG] DB: Login user admin with max enrollments of -1 and state of 0
2018/04/19 15:55:51 [DEBUG] DB: identity admin successfully logged in
2018/04/19 15:55:51 [DEBUG] Processing sign request: id=admin, CommonName=admin, Subject=<nil>
2018/04/19 15:55:51 [DEBUG] Request is not for a CA signing certificate
2018/04/19 15:55:51 [DEBUG] Checking CSR fields to make sure that they do not exceed maximum character limits
2018/04/19 15:55:51 [DEBUG] DB: Getting identity admin
2018/04/19 15:55:51 [DEBUG] Finished processing sign request
2018/04/19 15:55:51 [DEBUG] DB: Getting identity admin
2018/04/19 15:55:51 [INFO] signed certificate with serial number 622340497245028811641029897540816432380018745166
2018/04/19 15:55:51 [DEBUG] DB: Insert Certificate
2018/04/19 15:55:51 [DEBUG] Saved serial number as hex 6d02b68affa84dffaab27208f8b1849f94b4df4e
2018/04/19 15:55:51 [DEBUG] saved certificate with serial number 622340497245028811641029897540816432380018745166
2018/04/19 15:55:51 [DEBUG] Successfully incremented state for identity admin to 1
2018/04/19 15:55:51 [INFO] 127.0.0.1:60434 POST /enroll 201 0 "OK"
2018/04/19 15:55:51 [DEBUG] Received request for /enroll
2018/04/19 15:55:51 [DEBUG] ca.Config: &{Version:1.1.1-snapshot-e656889 Cfg:{Identities:{AllowRemove:false} Affiliations:{AllowRemove:false}} CA:{Name: Keyfile:/home/frank/block/hlf/pcxchg/crypto-config/peerOrganizations/Amazon.com/ca/root/ca-key.pem Certfile:/home/frank/block/hlf/pcxchg/crypto-config/peerOrganizations/Amazon.com/ca/root/ca-cert.pem Chainfile:/home/frank/block/hlf/pcxchg/crypto-config/peerOrganizations/Amazon.com/ca/root/ca-chain.pem} Signing:0xc42030d290 CSR:{CN:fabric-ca-server Names:[{C:US ST:North Carolina L: O:Hyperledger OU:Fabric SerialNumber:}] Hosts:[frank-VirtualBox localhost] KeyRequest:0xc4203245c0 CA:0xc420324100 SerialNumber:} Registry:{MaxEnrollments:-1 Identities:[{ Name:**** Pass:**** Type:client Affiliation: MaxEnrollments:0 Attrs:map[hf.GenCRL:1 hf.Registrar.Attributes:* hf.AffiliationMgr:1 hf.Registrar.Roles:peer,orderer,client,user hf.Registrar.DelegateRoles:peer,orderer,client,user hf.Revoker:1 hf.IntermediateCA:1]  }]} Affiliations:map[org1:[department1 department2] org2:[department1]] LDAP:{ Enabled:false URL:ldap://****:****@<host>:<port>/<base> UserFilter:(uid=%s) GroupFilter:(memberUid=%s) Attribute:{[uid member] [{ }] map[groups:[{ }]]} TLS:{false [] { }}  } DB:{ Type:sqlite3 Datasource:/home/frank/block/hlf/pcxchg/crypto-config/peerOrganizations/Amazon.com/ca/root/fabric-ca-server.db TLS:{false [] { }}  } CSP:0xc4202e73e0 Client:<nil> Intermediate:{ParentServer:{ URL: CAName:  } TLS:{Enabled:false CertFiles:[] Client:{KeyFile: CertFile:}} Enrollment:{ Name: Secret:**** Profile: Label: CSR:<nil> CAName: AttrReqs:[]  }} CRL:{Expiry:24h0m0s}}
2018/04/19 15:55:51 [DEBUG] DB: Getting identity admin
2018/04/19 15:55:51 [DEBUG] DB: Login user admin with max enrollments of -1 and state of 1
2018/04/19 15:55:51 [DEBUG] DB: identity admin successfully logged in
2018/04/19 15:55:51 [DEBUG] Processing sign request: id=admin, CommonName=admin, Subject=<nil>
2018/04/19 15:55:51 [DEBUG] Request is not for a CA signing certificate
2018/04/19 15:55:51 [DEBUG] Checking CSR fields to make sure that they do not exceed maximum character limits
2018/04/19 15:55:51 [DEBUG] DB: Getting identity admin
2018/04/19 15:55:51 [DEBUG] Finished processing sign request
2018/04/19 15:55:51 [DEBUG] DB: Getting identity admin
2018/04/19 15:55:51 [INFO] signed certificate with serial number 233597645517669810789796099727037408817210340726
2018/04/19 15:55:51 [DEBUG] DB: Insert Certificate
2018/04/19 15:55:51 [DEBUG] Saved serial number as hex 28eae175adb3815ce7dc38a32a3d918c96263576
2018/04/19 15:55:51 [DEBUG] saved certificate with serial number 233597645517669810789796099727037408817210340726
2018/04/19 15:55:51 [DEBUG] Successfully incremented state for identity admin to 2
2018/04/19 15:55:51 [INFO] 127.0.0.1:60436 POST /enroll 201 0 "OK"
2018/04/19 15:55:51 [DEBUG] Received request for /register
2018/04/19 15:55:51 [DEBUG] Checking for revocation/expiration of certificate owned by 'admin'
2018/04/19 15:55:51 [DEBUG] DB: Get certificate by serial (28eae175adb3815ce7dc38a32a3d918c96263576) and aki (cdfb65c45d9b862ecf1252c719810fd49d8a662e)
2018/04/19 15:55:51 [DEBUG] Successful token authentication of 'admin'
2018/04/19 15:55:51 [DEBUG] Received registration request from admin: { Name:nodeAdmin Type:user Secret:**** MaxEnrollments:0 Affiliation:org1 Attributes:[] CAName:  }
2018/04/19 15:55:51 [DEBUG] DB: Getting identity admin
2018/04/19 15:55:51 [DEBUG] canRegister - Check to see if user 'admin' can register
2018/04/19 15:55:51 [DEBUG] Checking to see if caller 'admin' is a registrar
2018/04/19 15:55:51 [DEBUG] Validate Affiliation
2018/04/19 15:55:51 [DEBUG] Checking to see if affiliation 'org1' contains caller's affiliation ''
2018/04/19 15:55:51 [DEBUG] Caller has root affiliation
2018/04/19 15:55:51 [DEBUG] Validate ID
2018/04/19 15:55:51 [DEBUG] Validating affiliation: org1
2018/04/19 15:55:51 [DEBUG] DB: Get affiliation org1
2018/04/19 15:55:51 [DEBUG] Registering user id: nodeAdmin
2018/04/19 15:55:51 [DEBUG] Max enrollment value verification - User specified max enrollment: 0, CA max enrollment: -1
2018/04/19 15:55:51 [DEBUG] DB: Getting identity nodeAdmin
2018/04/19 15:55:51 [DEBUG] DB: Add identity nodeAdmin
2018/04/19 15:55:51 [DEBUG] Successfully added identity nodeAdmin to the database
2018/04/19 15:55:51 [INFO] 127.0.0.1:60438 POST /register 201 0 "OK"
2018/04/19 15:55:52 [DEBUG] Received request for /enroll
2018/04/19 15:55:52 [DEBUG] ca.Config: &{Version:1.1.1-snapshot-e656889 Cfg:{Identities:{AllowRemove:false} Affiliations:{AllowRemove:false}} CA:{Name: Keyfile:/home/frank/block/hlf/pcxchg/crypto-config/peerOrganizations/Amazon.com/ca/root/ca-key.pem Certfile:/home/frank/block/hlf/pcxchg/crypto-config/peerOrganizations/Amazon.com/ca/root/ca-cert.pem Chainfile:/home/frank/block/hlf/pcxchg/crypto-config/peerOrganizations/Amazon.com/ca/root/ca-chain.pem} Signing:0xc42030d290 CSR:{CN:fabric-ca-server Names:[{C:US ST:North Carolina L: O:Hyperledger OU:Fabric SerialNumber:}] Hosts:[frank-VirtualBox localhost] KeyRequest:0xc4203245c0 CA:0xc420324100 SerialNumber:} Registry:{MaxEnrollments:-1 Identities:[{ Name:**** Pass:**** Type:client Affiliation: MaxEnrollments:0 Attrs:map[hf.GenCRL:1 hf.Registrar.Attributes:* hf.AffiliationMgr:1 hf.Registrar.Roles:peer,orderer,client,user hf.Registrar.DelegateRoles:peer,orderer,client,user hf.Revoker:1 hf.IntermediateCA:1]  }]} Affiliations:map[org1:[department1 department2] org2:[department1]] LDAP:{ Enabled:false URL:ldap://****:****@<host>:<port>/<base> UserFilter:(uid=%s) GroupFilter:(memberUid=%s) Attribute:{[uid member] [{ }] map[groups:[{ }]]} TLS:{false [] { }}  } DB:{ Type:sqlite3 Datasource:/home/frank/block/hlf/pcxchg/crypto-config/peerOrganizations/Amazon.com/ca/root/fabric-ca-server.db TLS:{false [] { }}  } CSP:0xc4202e73e0 Client:<nil> Intermediate:{ParentServer:{ URL: CAName:  } TLS:{Enabled:false CertFiles:[] Client:{KeyFile: CertFile:}} Enrollment:{ Name: Secret:**** Profile: Label: CSR:<nil> CAName: AttrReqs:[]  }} CRL:{Expiry:24h0m0s}}
2018/04/19 15:55:52 [DEBUG] DB: Getting identity nodeAdmin
2018/04/19 15:55:52 [DEBUG] DB: Login user nodeAdmin with max enrollments of -1 and state of 0
2018/04/19 15:55:52 [DEBUG] DB: identity nodeAdmin successfully logged in
2018/04/19 15:55:52 [DEBUG] Processing sign request: id=nodeAdmin, CommonName=nodeAdmin, Subject=<nil>
2018/04/19 15:55:52 [DEBUG] Request is not for a CA signing certificate
2018/04/19 15:55:52 [DEBUG] Checking CSR fields to make sure that they do not exceed maximum character limits
2018/04/19 15:55:52 [DEBUG] DB: Getting identity nodeAdmin
2018/04/19 15:55:52 [DEBUG] Finished processing sign request
2018/04/19 15:55:52 [DEBUG] DB: Getting identity nodeAdmin
2018/04/19 15:55:52 [DEBUG] Attribute extension being added to certificate is: &{ID:[1 2 3 4 5 6 7 8 1] Critical:false Value:7b226174747273223a7b2268662e416666696c696174696f6e223a226f726731222c2268662e456e726f6c6c6d656e744944223a226e6f646541646d696e222c2268662e54797065223a2275736572227d7d}
2018/04/19 15:55:52 [DEBUG] Adding attribute extension to CSR: &{ID:[1 2 3 4 5 6 7 8 1] Critical:false Value:7b226174747273223a7b2268662e416666696c696174696f6e223a226f726731222c2268662e456e726f6c6c6d656e744944223a226e6f646541646d696e222c2268662e54797065223a2275736572227d7d}
2018/04/19 15:55:52 [INFO] signed certificate with serial number 102116847505357556306043302064482017769652001880
2018/04/19 15:55:52 [DEBUG] DB: Insert Certificate
2018/04/19 15:55:52 [DEBUG] Saved serial number as hex 11e313eb6a734ff0bd977554d0548f6e64489c58
2018/04/19 15:55:52 [DEBUG] saved certificate with serial number 102116847505357556306043302064482017769652001880
2018/04/19 15:55:52 [DEBUG] Successfully incremented state for identity nodeAdmin to 1
2018/04/19 15:55:52 [INFO] 127.0.0.1:60440 POST /enroll 201 0 "OK"
2018/04/19 15:55:52 [DEBUG] Received request for /register
2018/04/19 15:55:52 [DEBUG] Checking for revocation/expiration of certificate owned by 'admin'
2018/04/19 15:55:52 [DEBUG] DB: Get certificate by serial (28eae175adb3815ce7dc38a32a3d918c96263576) and aki (cdfb65c45d9b862ecf1252c719810fd49d8a662e)
2018/04/19 15:55:52 [DEBUG] Successful token authentication of 'admin'
2018/04/19 15:55:52 [DEBUG] Received registration request from admin: { Name:User1@Amazon.com Type:user Secret:**** MaxEnrollments:0 Affiliation:org1 Attributes:[] CAName:  }
2018/04/19 15:55:52 [DEBUG] DB: Getting identity admin
2018/04/19 15:55:52 [DEBUG] canRegister - Check to see if user 'admin' can register
2018/04/19 15:55:52 [DEBUG] Checking to see if caller 'admin' is a registrar
2018/04/19 15:55:52 [DEBUG] Validate Affiliation
2018/04/19 15:55:52 [DEBUG] Checking to see if affiliation 'org1' contains caller's affiliation ''
2018/04/19 15:55:52 [DEBUG] Caller has root affiliation
2018/04/19 15:55:52 [DEBUG] Validate ID
2018/04/19 15:55:52 [DEBUG] Validating affiliation: org1
2018/04/19 15:55:52 [DEBUG] DB: Get affiliation org1
2018/04/19 15:55:52 [DEBUG] Registering user id: User1@Amazon.com
2018/04/19 15:55:52 [DEBUG] Max enrollment value verification - User specified max enrollment: 0, CA max enrollment: -1
2018/04/19 15:55:52 [DEBUG] DB: Getting identity User1@Amazon.com
2018/04/19 15:55:52 [DEBUG] DB: Add identity User1@Amazon.com
2018/04/19 15:55:52 [DEBUG] Successfully added identity User1@Amazon.com to the database
2018/04/19 15:55:52 [INFO] 127.0.0.1:60442 POST /register 201 0 "OK"
2018/04/19 15:55:52 [DEBUG] Received request for /enroll
2018/04/19 15:55:52 [DEBUG] ca.Config: &{Version:1.1.1-snapshot-e656889 Cfg:{Identities:{AllowRemove:false} Affiliations:{AllowRemove:false}} CA:{Name: Keyfile:/home/frank/block/hlf/pcxchg/crypto-config/peerOrganizations/Amazon.com/ca/root/ca-key.pem Certfile:/home/frank/block/hlf/pcxchg/crypto-config/peerOrganizations/Amazon.com/ca/root/ca-cert.pem Chainfile:/home/frank/block/hlf/pcxchg/crypto-config/peerOrganizations/Amazon.com/ca/root/ca-chain.pem} Signing:0xc42030d290 CSR:{CN:fabric-ca-server Names:[{C:US ST:North Carolina L: O:Hyperledger OU:Fabric SerialNumber:}] Hosts:[frank-VirtualBox localhost] KeyRequest:0xc4203245c0 CA:0xc420324100 SerialNumber:} Registry:{MaxEnrollments:-1 Identities:[{ Name:**** Pass:**** Type:client Affiliation: MaxEnrollments:0 Attrs:map[hf.Registrar.Attributes:* hf.AffiliationMgr:1 hf.Registrar.Roles:peer,orderer,client,user hf.Registrar.DelegateRoles:peer,orderer,client,user hf.Revoker:1 hf.IntermediateCA:1 hf.GenCRL:1]  }]} Affiliations:map[org1:[department1 department2] org2:[department1]] LDAP:{ Enabled:false URL:ldap://****:****@<host>:<port>/<base> UserFilter:(uid=%s) GroupFilter:(memberUid=%s) Attribute:{[uid member] [{ }] map[groups:[{ }]]} TLS:{false [] { }}  } DB:{ Type:sqlite3 Datasource:/home/frank/block/hlf/pcxchg/crypto-config/peerOrganizations/Amazon.com/ca/root/fabric-ca-server.db TLS:{false [] { }}  } CSP:0xc4202e73e0 Client:<nil> Intermediate:{ParentServer:{ URL: CAName:  } TLS:{Enabled:false CertFiles:[] Client:{KeyFile: CertFile:}} Enrollment:{ Name: Secret:**** Profile: Label: CSR:<nil> CAName: AttrReqs:[]  }} CRL:{Expiry:24h0m0s}}
2018/04/19 15:55:52 [DEBUG] DB: Getting identity User1@Amazon.com
2018/04/19 15:55:52 [DEBUG] DB: Login user User1@Amazon.com with max enrollments of -1 and state of 0
2018/04/19 15:55:52 [DEBUG] DB: identity User1@Amazon.com successfully logged in
2018/04/19 15:55:52 [DEBUG] Processing sign request: id=User1@Amazon.com, CommonName=User1@Amazon.com, Subject=<nil>
2018/04/19 15:55:52 [DEBUG] Request is not for a CA signing certificate
2018/04/19 15:55:52 [DEBUG] Checking CSR fields to make sure that they do not exceed maximum character limits
2018/04/19 15:55:52 [DEBUG] DB: Getting identity User1@Amazon.com
2018/04/19 15:55:52 [DEBUG] Finished processing sign request
2018/04/19 15:55:52 [DEBUG] DB: Getting identity User1@Amazon.com
2018/04/19 15:55:52 [DEBUG] Attribute extension being added to certificate is: &{ID:[1 2 3 4 5 6 7 8 1] Critical:false Value:7b226174747273223a7b2268662e416666696c696174696f6e223a226f726731222c2268662e456e726f6c6c6d656e744944223a22557365723140416d617a6f6e2e636f6d222c2268662e54797065223a2275736572227d7d}
2018/04/19 15:55:52 [DEBUG] Adding attribute extension to CSR: &{ID:[1 2 3 4 5 6 7 8 1] Critical:false Value:7b226174747273223a7b2268662e416666696c696174696f6e223a226f726731222c2268662e456e726f6c6c6d656e744944223a22557365723140416d617a6f6e2e636f6d222c2268662e54797065223a2275736572227d7d}
2018/04/19 15:55:52 [INFO] signed certificate with serial number 227096718278182679824127877655515653318532662107
2018/04/19 15:55:52 [DEBUG] DB: Insert Certificate
2018/04/19 15:55:52 [DEBUG] Saved serial number as hex 27c75e7990d269e45688db58cd12a2346060035b
2018/04/19 15:55:52 [DEBUG] saved certificate with serial number 227096718278182679824127877655515653318532662107
2018/04/19 15:55:52 [DEBUG] Successfully incremented state for identity User1@Amazon.com to 1
2018/04/19 15:55:52 [INFO] 127.0.0.1:60444 POST /enroll 201 0 "OK"
2018/04/19 15:55:52 [DEBUG] Received request for /enroll
2018/04/19 15:55:52 [DEBUG] ca.Config: &{Version:1.1.1-snapshot-e656889 Cfg:{Identities:{AllowRemove:false} Affiliations:{AllowRemove:false}} CA:{Name: Keyfile:/home/frank/block/hlf/pcxchg/crypto-config/peerOrganizations/Amazon.com/ca/root/ca-key.pem Certfile:/home/frank/block/hlf/pcxchg/crypto-config/peerOrganizations/Amazon.com/ca/root/ca-cert.pem Chainfile:/home/frank/block/hlf/pcxchg/crypto-config/peerOrganizations/Amazon.com/ca/root/ca-chain.pem} Signing:0xc42030d290 CSR:{CN:fabric-ca-server Names:[{C:US ST:North Carolina L: O:Hyperledger OU:Fabric SerialNumber:}] Hosts:[frank-VirtualBox localhost] KeyRequest:0xc4203245c0 CA:0xc420324100 SerialNumber:} Registry:{MaxEnrollments:-1 Identities:[{ Name:**** Pass:**** Type:client Affiliation: MaxEnrollments:0 Attrs:map[hf.Revoker:1 hf.IntermediateCA:1 hf.GenCRL:1 hf.Registrar.Attributes:* hf.AffiliationMgr:1 hf.Registrar.Roles:peer,orderer,client,user hf.Registrar.DelegateRoles:peer,orderer,client,user]  }]} Affiliations:map[org1:[department1 department2] org2:[department1]] LDAP:{ Enabled:false URL:ldap://****:****@<host>:<port>/<base> UserFilter:(uid=%s) GroupFilter:(memberUid=%s) Attribute:{[uid member] [{ }] map[groups:[{ }]]} TLS:{false [] { }}  } DB:{ Type:sqlite3 Datasource:/home/frank/block/hlf/pcxchg/crypto-config/peerOrganizations/Amazon.com/ca/root/fabric-ca-server.db TLS:{false [] { }}  } CSP:0xc4202e73e0 Client:<nil> Intermediate:{ParentServer:{ URL: CAName:  } TLS:{Enabled:false CertFiles:[] Client:{KeyFile: CertFile:}} Enrollment:{ Name: Secret:**** Profile: Label: CSR:<nil> CAName: AttrReqs:[]  }} CRL:{Expiry:24h0m0s}}
2018/04/19 15:55:52 [DEBUG] DB: Getting identity admin
2018/04/19 15:55:52 [DEBUG] DB: Login user admin with max enrollments of -1 and state of 2
2018/04/19 15:55:52 [DEBUG] DB: identity admin successfully logged in
2018/04/19 15:55:52 [DEBUG] Processing sign request: id=admin, CommonName=admin, Subject=<nil>
2018/04/19 15:55:52 [DEBUG] Request is not for a CA signing certificate
2018/04/19 15:55:52 [DEBUG] Checking CSR fields to make sure that they do not exceed maximum character limits
2018/04/19 15:55:52 [DEBUG] DB: Getting identity admin
2018/04/19 15:55:52 [DEBUG] Finished processing sign request
2018/04/19 15:55:52 [DEBUG] DB: Getting identity admin
2018/04/19 15:55:52 [INFO] signed certificate with serial number 147195745466618598066819410025277570704817735678
2018/04/19 15:55:52 [DEBUG] DB: Insert Certificate
2018/04/19 15:55:52 [DEBUG] Saved serial number as hex 19c87c4a27183f803ec579f8777b4c6b24bb47fe
2018/04/19 15:55:52 [DEBUG] saved certificate with serial number 147195745466618598066819410025277570704817735678
2018/04/19 15:55:52 [DEBUG] Successfully incremented state for identity admin to 3
2018/04/19 15:55:52 [INFO] 127.0.0.1:60446 POST /enroll 201 0 "OK"
2018/04/19 15:55:52 [DEBUG] Received request for /register
2018/04/19 15:55:52 [DEBUG] Checking for revocation/expiration of certificate owned by 'admin'
2018/04/19 15:55:52 [DEBUG] DB: Get certificate by serial (28eae175adb3815ce7dc38a32a3d918c96263576) and aki (cdfb65c45d9b862ecf1252c719810fd49d8a662e)
2018/04/19 15:55:52 [DEBUG] Successful token authentication of 'admin'
2018/04/19 15:55:52 [DEBUG] Received registration request from admin: { Name:peer0.Amazon.com Type:user Secret:**** MaxEnrollments:0 Affiliation:org1 Attributes:[] CAName:  }
2018/04/19 15:55:52 [DEBUG] DB: Getting identity admin
2018/04/19 15:55:52 [DEBUG] canRegister - Check to see if user 'admin' can register
2018/04/19 15:55:52 [DEBUG] Checking to see if caller 'admin' is a registrar
2018/04/19 15:55:52 [DEBUG] Validate Affiliation
2018/04/19 15:55:52 [DEBUG] Checking to see if affiliation 'org1' contains caller's affiliation ''
2018/04/19 15:55:52 [DEBUG] Caller has root affiliation
2018/04/19 15:55:52 [DEBUG] Validate ID
2018/04/19 15:55:52 [DEBUG] Validating affiliation: org1
2018/04/19 15:55:52 [DEBUG] DB: Get affiliation org1
2018/04/19 15:55:52 [DEBUG] Registering user id: peer0.Amazon.com
2018/04/19 15:55:52 [DEBUG] Max enrollment value verification - User specified max enrollment: 0, CA max enrollment: -1
2018/04/19 15:55:52 [DEBUG] DB: Getting identity peer0.Amazon.com
2018/04/19 15:55:52 [DEBUG] DB: Add identity peer0.Amazon.com
2018/04/19 15:55:53 [DEBUG] Successfully added identity peer0.Amazon.com to the database
2018/04/19 15:55:53 [INFO] 127.0.0.1:60448 POST /register 201 0 "OK"
2018/04/19 15:55:53 [DEBUG] Received request for /enroll
2018/04/19 15:55:53 [DEBUG] ca.Config: &{Version:1.1.1-snapshot-e656889 Cfg:{Identities:{AllowRemove:false} Affiliations:{AllowRemove:false}} CA:{Name: Keyfile:/home/frank/block/hlf/pcxchg/crypto-config/peerOrganizations/Amazon.com/ca/root/ca-key.pem Certfile:/home/frank/block/hlf/pcxchg/crypto-config/peerOrganizations/Amazon.com/ca/root/ca-cert.pem Chainfile:/home/frank/block/hlf/pcxchg/crypto-config/peerOrganizations/Amazon.com/ca/root/ca-chain.pem} Signing:0xc42030d290 CSR:{CN:fabric-ca-server Names:[{C:US ST:North Carolina L: O:Hyperledger OU:Fabric SerialNumber:}] Hosts:[frank-VirtualBox localhost] KeyRequest:0xc4203245c0 CA:0xc420324100 SerialNumber:} Registry:{MaxEnrollments:-1 Identities:[{ Name:**** Pass:**** Type:client Affiliation: MaxEnrollments:0 Attrs:map[hf.GenCRL:1 hf.Registrar.Attributes:* hf.AffiliationMgr:1 hf.Registrar.Roles:peer,orderer,client,user hf.Registrar.DelegateRoles:peer,orderer,client,user hf.Revoker:1 hf.IntermediateCA:1]  }]} Affiliations:map[org2:[department1] org1:[department1 department2]] LDAP:{ Enabled:false URL:ldap://****:****@<host>:<port>/<base> UserFilter:(uid=%s) GroupFilter:(memberUid=%s) Attribute:{[uid member] [{ }] map[groups:[{ }]]} TLS:{false [] { }}  } DB:{ Type:sqlite3 Datasource:/home/frank/block/hlf/pcxchg/crypto-config/peerOrganizations/Amazon.com/ca/root/fabric-ca-server.db TLS:{false [] { }}  } CSP:0xc4202e73e0 Client:<nil> Intermediate:{ParentServer:{ URL: CAName:  } TLS:{Enabled:false CertFiles:[] Client:{KeyFile: CertFile:}} Enrollment:{ Name: Secret:**** Profile: Label: CSR:<nil> CAName: AttrReqs:[]  }} CRL:{Expiry:24h0m0s}}
2018/04/19 15:55:53 [DEBUG] DB: Getting identity peer0.Amazon.com
2018/04/19 15:55:53 [DEBUG] DB: Login user peer0.Amazon.com with max enrollments of -1 and state of 0
2018/04/19 15:55:53 [DEBUG] DB: identity peer0.Amazon.com successfully logged in
2018/04/19 15:55:53 [DEBUG] Processing sign request: id=peer0.Amazon.com, CommonName=peer0.Amazon.com, Subject=<nil>
2018/04/19 15:55:53 [DEBUG] Request is not for a CA signing certificate
2018/04/19 15:55:53 [DEBUG] Checking CSR fields to make sure that they do not exceed maximum character limits
2018/04/19 15:55:53 [DEBUG] DB: Getting identity peer0.Amazon.com
2018/04/19 15:55:53 [DEBUG] Finished processing sign request
2018/04/19 15:55:53 [DEBUG] DB: Getting identity peer0.Amazon.com
2018/04/19 15:55:53 [DEBUG] Attribute extension being added to certificate is: &{ID:[1 2 3 4 5 6 7 8 1] Critical:false Value:7b226174747273223a7b2268662e416666696c696174696f6e223a226f726731222c2268662e456e726f6c6c6d656e744944223a2270656572302e416d617a6f6e2e636f6d222c2268662e54797065223a2275736572227d7d}
2018/04/19 15:55:53 [DEBUG] Adding attribute extension to CSR: &{ID:[1 2 3 4 5 6 7 8 1] Critical:false Value:7b226174747273223a7b2268662e416666696c696174696f6e223a226f726731222c2268662e456e726f6c6c6d656e744944223a2270656572302e416d617a6f6e2e636f6d222c2268662e54797065223a2275736572227d7d}
2018/04/19 15:55:53 [INFO] signed certificate with serial number 31000618610504354014588522726091304903104812255
2018/04/19 15:55:53 [DEBUG] DB: Insert Certificate
2018/04/19 15:55:53 [DEBUG] Saved serial number as hex 56e1da61f21db1e702288d7ae8dfc26ffa854df
2018/04/19 15:55:53 [DEBUG] saved certificate with serial number 31000618610504354014588522726091304903104812255
2018/04/19 15:55:53 [DEBUG] Successfully incremented state for identity peer0.Amazon.com to 1
2018/04/19 15:55:53 [INFO] 127.0.0.1:60450 POST /enroll 201 0 "OK"
2018/04/19 15:55:53 [DEBUG] Received request for /enroll
2018/04/19 15:55:53 [DEBUG] ca.Config: &{Version:1.1.1-snapshot-e656889 Cfg:{Identities:{AllowRemove:false} Affiliations:{AllowRemove:false}} CA:{Name: Keyfile:/home/frank/block/hlf/pcxchg/crypto-config/peerOrganizations/Amazon.com/ca/root/ca-key.pem Certfile:/home/frank/block/hlf/pcxchg/crypto-config/peerOrganizations/Amazon.com/ca/root/ca-cert.pem Chainfile:/home/frank/block/hlf/pcxchg/crypto-config/peerOrganizations/Amazon.com/ca/root/ca-chain.pem} Signing:0xc42030d290 CSR:{CN:fabric-ca-server Names:[{C:US ST:North Carolina L: O:Hyperledger OU:Fabric SerialNumber:}] Hosts:[frank-VirtualBox localhost] KeyRequest:0xc4203245c0 CA:0xc420324100 SerialNumber:} Registry:{MaxEnrollments:-1 Identities:[{ Name:**** Pass:**** Type:client Affiliation: MaxEnrollments:0 Attrs:map[hf.AffiliationMgr:1 hf.Registrar.Roles:peer,orderer,client,user hf.Registrar.DelegateRoles:peer,orderer,client,user hf.Revoker:1 hf.IntermediateCA:1 hf.GenCRL:1 hf.Registrar.Attributes:*]  }]} Affiliations:map[org1:[department1 department2] org2:[department1]] LDAP:{ Enabled:false URL:ldap://****:****@<host>:<port>/<base> UserFilter:(uid=%s) GroupFilter:(memberUid=%s) Attribute:{[uid member] [{ }] map[groups:[{ }]]} TLS:{false [] { }}  } DB:{ Type:sqlite3 Datasource:/home/frank/block/hlf/pcxchg/crypto-config/peerOrganizations/Amazon.com/ca/root/fabric-ca-server.db TLS:{false [] { }}  } CSP:0xc4202e73e0 Client:<nil> Intermediate:{ParentServer:{ URL: CAName:  } TLS:{Enabled:false CertFiles:[] Client:{KeyFile: CertFile:}} Enrollment:{ Name: Secret:**** Profile: Label: CSR:<nil> CAName: AttrReqs:[]  }} CRL:{Expiry:24h0m0s}}
2018/04/19 15:55:53 [DEBUG] DB: Getting identity admin
2018/04/19 15:55:53 [DEBUG] DB: Login user admin with max enrollments of -1 and state of 3
2018/04/19 15:55:53 [DEBUG] DB: identity admin successfully logged in
2018/04/19 15:55:53 [DEBUG] Processing sign request: id=admin, CommonName=admin, Subject=<nil>
2018/04/19 15:55:53 [DEBUG] Request is not for a CA signing certificate
2018/04/19 15:55:53 [DEBUG] Checking CSR fields to make sure that they do not exceed maximum character limits
2018/04/19 15:55:53 [DEBUG] DB: Getting identity admin
2018/04/19 15:55:53 [DEBUG] Finished processing sign request
2018/04/19 15:55:53 [DEBUG] DB: Getting identity admin
2018/04/19 15:55:53 [INFO] signed certificate with serial number 438932454406066214378182672050824609270221689503
2018/04/19 15:55:53 [DEBUG] DB: Insert Certificate
2018/04/19 15:55:53 [DEBUG] Saved serial number as hex 4ce269775e02cdd90fe7bf86535e4fe6c196d29f
2018/04/19 15:55:53 [DEBUG] saved certificate with serial number 438932454406066214378182672050824609270221689503
2018/04/19 15:55:53 [DEBUG] Successfully incremented state for identity admin to 4
2018/04/19 15:55:53 [INFO] 127.0.0.1:60452 POST /enroll 201 0 "OK"
2018/04/19 15:55:53 [DEBUG] Received request for /register
2018/04/19 15:55:53 [DEBUG] Checking for revocation/expiration of certificate owned by 'admin'
2018/04/19 15:55:53 [DEBUG] DB: Get certificate by serial (28eae175adb3815ce7dc38a32a3d918c96263576) and aki (cdfb65c45d9b862ecf1252c719810fd49d8a662e)
2018/04/19 15:55:53 [DEBUG] Successful token authentication of 'admin'
2018/04/19 15:55:53 [DEBUG] Received registration request from admin: { Name:peer1.Amazon.com Type:user Secret:**** MaxEnrollments:0 Affiliation:org1 Attributes:[] CAName:  }
2018/04/19 15:55:53 [DEBUG] DB: Getting identity admin
2018/04/19 15:55:53 [DEBUG] canRegister - Check to see if user 'admin' can register
2018/04/19 15:55:53 [DEBUG] Checking to see if caller 'admin' is a registrar
2018/04/19 15:55:53 [DEBUG] Validate Affiliation
2018/04/19 15:55:53 [DEBUG] Checking to see if affiliation 'org1' contains caller's affiliation ''
2018/04/19 15:55:53 [DEBUG] Caller has root affiliation
2018/04/19 15:55:53 [DEBUG] Validate ID
2018/04/19 15:55:53 [DEBUG] Validating affiliation: org1
2018/04/19 15:55:53 [DEBUG] DB: Get affiliation org1
2018/04/19 15:55:53 [DEBUG] Registering user id: peer1.Amazon.com
2018/04/19 15:55:53 [DEBUG] Max enrollment value verification - User specified max enrollment: 0, CA max enrollment: -1
2018/04/19 15:55:53 [DEBUG] DB: Getting identity peer1.Amazon.com
2018/04/19 15:55:53 [DEBUG] DB: Add identity peer1.Amazon.com
2018/04/19 15:55:53 [DEBUG] Successfully added identity peer1.Amazon.com to the database
2018/04/19 15:55:53 [INFO] 127.0.0.1:60454 POST /register 201 0 "OK"
2018/04/19 15:55:53 [DEBUG] Received request for /enroll
2018/04/19 15:55:53 [DEBUG] ca.Config: &{Version:1.1.1-snapshot-e656889 Cfg:{Identities:{AllowRemove:false} Affiliations:{AllowRemove:false}} CA:{Name: Keyfile:/home/frank/block/hlf/pcxchg/crypto-config/peerOrganizations/Amazon.com/ca/root/ca-key.pem Certfile:/home/frank/block/hlf/pcxchg/crypto-config/peerOrganizations/Amazon.com/ca/root/ca-cert.pem Chainfile:/home/frank/block/hlf/pcxchg/crypto-config/peerOrganizations/Amazon.com/ca/root/ca-chain.pem} Signing:0xc42030d290 CSR:{CN:fabric-ca-server Names:[{C:US ST:North Carolina L: O:Hyperledger OU:Fabric SerialNumber:}] Hosts:[frank-VirtualBox localhost] KeyRequest:0xc4203245c0 CA:0xc420324100 SerialNumber:} Registry:{MaxEnrollments:-1 Identities:[{ Name:**** Pass:**** Type:client Affiliation: MaxEnrollments:0 Attrs:map[hf.Registrar.Attributes:* hf.AffiliationMgr:1 hf.Registrar.Roles:peer,orderer,client,user hf.Registrar.DelegateRoles:peer,orderer,client,user hf.Revoker:1 hf.IntermediateCA:1 hf.GenCRL:1]  }]} Affiliations:map[org1:[department1 department2] org2:[department1]] LDAP:{ Enabled:false URL:ldap://****:****@<host>:<port>/<base> UserFilter:(uid=%s) GroupFilter:(memberUid=%s) Attribute:{[uid member] [{ }] map[groups:[{ }]]} TLS:{false [] { }}  } DB:{ Type:sqlite3 Datasource:/home/frank/block/hlf/pcxchg/crypto-config/peerOrganizations/Amazon.com/ca/root/fabric-ca-server.db TLS:{false [] { }}  } CSP:0xc4202e73e0 Client:<nil> Intermediate:{ParentServer:{ URL: CAName:  } TLS:{Enabled:false CertFiles:[] Client:{KeyFile: CertFile:}} Enrollment:{ Name: Secret:**** Profile: Label: CSR:<nil> CAName: AttrReqs:[]  }} CRL:{Expiry:24h0m0s}}
2018/04/19 15:55:53 [DEBUG] DB: Getting identity peer1.Amazon.com
2018/04/19 15:55:53 [DEBUG] DB: Login user peer1.Amazon.com with max enrollments of -1 and state of 0
2018/04/19 15:55:53 [DEBUG] DB: identity peer1.Amazon.com successfully logged in
2018/04/19 15:55:53 [DEBUG] Processing sign request: id=peer1.Amazon.com, CommonName=peer1.Amazon.com, Subject=<nil>
2018/04/19 15:55:53 [DEBUG] Request is not for a CA signing certificate
2018/04/19 15:55:53 [DEBUG] Checking CSR fields to make sure that they do not exceed maximum character limits
2018/04/19 15:55:53 [DEBUG] DB: Getting identity peer1.Amazon.com
2018/04/19 15:55:53 [DEBUG] Finished processing sign request
2018/04/19 15:55:53 [DEBUG] DB: Getting identity peer1.Amazon.com
2018/04/19 15:55:53 [DEBUG] Attribute extension being added to certificate is: &{ID:[1 2 3 4 5 6 7 8 1] Critical:false Value:7b226174747273223a7b2268662e416666696c696174696f6e223a226f726731222c2268662e456e726f6c6c6d656e744944223a2270656572312e416d617a6f6e2e636f6d222c2268662e54797065223a2275736572227d7d}
2018/04/19 15:55:53 [DEBUG] Adding attribute extension to CSR: &{ID:[1 2 3 4 5 6 7 8 1] Critical:false Value:7b226174747273223a7b2268662e416666696c696174696f6e223a226f726731222c2268662e456e726f6c6c6d656e744944223a2270656572312e416d617a6f6e2e636f6d222c2268662e54797065223a2275736572227d7d}
2018/04/19 15:55:53 [INFO] signed certificate with serial number 70894903745619659573724416816592705345009261722
2018/04/19 15:55:53 [DEBUG] DB: Insert Certificate
2018/04/19 15:55:53 [DEBUG] Saved serial number as hex c6b0995233df891bc2162b625349b2da8809c9a
2018/04/19 15:55:53 [DEBUG] saved certificate with serial number 70894903745619659573724416816592705345009261722
2018/04/19 15:55:53 [DEBUG] Successfully incremented state for identity peer1.Amazon.com to 1
2018/04/19 15:55:53 [INFO] 127.0.0.1:60456 POST /enroll 201 0 "OK"
2018/04/19 15:55:54 [DEBUG] Received request for /cainfo
2018/04/19 15:55:54 [INFO] 127.0.0.1:60458 POST /cainfo 200 0 "OK"
